{"/Users/yfhao/Documents/study/markdown/app/src/config/files.ts": {"path":"/Users/yfhao/Documents/study/markdown/app/src/config/files.ts","statementMap":{"0":{"start":{"line":1,"column":27},"end":{"line":25,"column":null}}},"fnMap":{},"branchMap":{},"s":{"0":2},"f":{},"b":{},"meta":{"lastBranch":0,"lastFunction":0,"lastStatement":1,"seen":{"s:1:27:25:Infinity":0}}}
,"/Users/yfhao/Documents/study/markdown/app/src/docs/使用说明.md": {"path":"/Users/yfhao/Documents/study/markdown/app/src/docs/使用说明.md","statementMap":{},"fnMap":{},"branchMap":{},"s":{},"f":{},"b":{},"meta":{"lastBranch":0,"lastFunction":0,"lastStatement":0,"seen":{}}}
,"/Users/yfhao/Documents/study/markdown/app/src/hooks/useWorkspaceLayout.ts": {"path":"/Users/yfhao/Documents/study/markdown/app/src/hooks/useWorkspaceLayout.ts","statementMap":{"0":{"start":{"line":5,"column":18},"end":{"line":5,"column":null}},"1":{"start":{"line":6,"column":18},"end":{"line":6,"column":null}},"2":{"start":{"line":7,"column":23},"end":{"line":7,"column":null}},"3":{"start":{"line":8,"column":22},"end":{"line":8,"column":null}},"4":{"start":{"line":9,"column":21},"end":{"line":9,"column":null}},"5":{"start":{"line":12,"column":17},"end":{"line":16,"column":null}},"6":{"start":{"line":13,"column":4},"end":{"line":13,"column":null}},"7":{"start":{"line":13,"column":45},"end":{"line":13,"column":null}},"8":{"start":{"line":14,"column":19},"end":{"line":14,"column":55}},"9":{"start":{"line":15,"column":4},"end":{"line":15,"column":null}},"10":{"start":{"line":17,"column":22},"end":{"line":22,"column":null}},"11":{"start":{"line":18,"column":4},"end":{"line":18,"column":null}},"12":{"start":{"line":18,"column":45},"end":{"line":18,"column":null}},"13":{"start":{"line":19,"column":23},"end":{"line":19,"column":57}},"14":{"start":{"line":20,"column":4},"end":{"line":20,"column":null}},"15":{"start":{"line":20,"column":28},"end":{"line":20,"column":null}},"16":{"start":{"line":21,"column":4},"end":{"line":21,"column":null}},"17":{"start":{"line":23,"column":22},"end":{"line":29,"column":null}},"18":{"start":{"line":24,"column":4},"end":{"line":24,"column":null}},"19":{"start":{"line":24,"column":45},"end":{"line":24,"column":null}},"20":{"start":{"line":25,"column":24},"end":{"line":25,"column":59}},"21":{"start":{"line":26,"column":4},"end":{"line":26,"column":null}},"22":{"start":{"line":26,"column":22},"end":{"line":26,"column":null}},"23":{"start":{"line":27,"column":14},"end":{"line":27,"column":33}},"24":{"start":{"line":28,"column":4},"end":{"line":28,"column":null}},"25":{"start":{"line":30,"column":19},"end":{"line":30,"column":49}},"26":{"start":{"line":31,"column":8},"end":{"line":31,"column":55}},"27":{"start":{"line":34,"column":2},"end":{"line":48,"column":null}},"28":{"start":{"line":35,"column":4},"end":{"line":35,"column":null}},"29":{"start":{"line":35,"column":45},"end":{"line":35,"column":null}},"30":{"start":{"line":37,"column":4},"end":{"line":37,"column":null}},"31":{"start":{"line":37,"column":18},"end":{"line":37,"column":null}},"32":{"start":{"line":39,"column":18},"end":{"line":43,"column":11}},"33":{"start":{"line":40,"column":6},"end":{"line":40,"column":null}},"34":{"start":{"line":41,"column":6},"end":{"line":41,"column":null}},"35":{"start":{"line":42,"column":6},"end":{"line":42,"column":null}},"36":{"start":{"line":45,"column":4},"end":{"line":46,"column":null}},"37":{"start":{"line":46,"column":6},"end":{"line":46,"column":null}},"38":{"start":{"line":50,"column":8},"end":{"line":53,"column":27}},"39":{"start":{"line":51,"column":4},"end":{"line":51,"column":null}},"40":{"start":{"line":51,"column":22},"end":{"line":51,"column":null}},"41":{"start":{"line":52,"column":4},"end":{"line":52,"column":null}},"42":{"start":{"line":55,"column":8},"end":{"line":57,"column":null}},"43":{"start":{"line":56,"column":10},"end":{"line":56,"column":63}},"44":{"start":{"line":59,"column":8},"end":{"line":61,"column":null}},"45":{"start":{"line":60,"column":10},"end":{"line":60,"column":55}},"46":{"start":{"line":63,"column":8},"end":{"line":65,"column":null}},"47":{"start":{"line":64,"column":11},"end":{"line":64,"column":null}},"48":{"start":{"line":68,"column":8},"end":{"line":77,"column":64}},"49":{"start":{"line":69,"column":23},"end":{"line":69,"column":null}},"50":{"start":{"line":70,"column":22},"end":{"line":70,"column":null}},"51":{"start":{"line":72,"column":4},"end":{"line":72,"column":null}},"52":{"start":{"line":72,"column":44},"end":{"line":72,"column":null}},"53":{"start":{"line":73,"column":4},"end":{"line":73,"column":null}},"54":{"start":{"line":73,"column":45},"end":{"line":73,"column":null}},"55":{"start":{"line":74,"column":4},"end":{"line":74,"column":null}},"56":{"start":{"line":74,"column":44},"end":{"line":74,"column":null}},"57":{"start":{"line":76,"column":4},"end":{"line":76,"column":null}},"58":{"start":{"line":79,"column":2},"end":{"line":99,"column":null}},"59":{"start":{"line":80,"column":10},"end":{"line":89,"column":null}},"60":{"start":{"line":81,"column":6},"end":{"line":81,"column":null}},"61":{"start":{"line":81,"column":46},"end":{"line":81,"column":null}},"62":{"start":{"line":82,"column":19},"end":{"line":82,"column":63}},"63":{"start":{"line":83,"column":16},"end":{"line":83,"column":null}},"64":{"start":{"line":84,"column":23},"end":{"line":84,"column":null}},"65":{"start":{"line":85,"column":22},"end":{"line":85,"column":71}},"66":{"start":{"line":86,"column":6},"end":{"line":89,"column":null}},"67":{"start":{"line":87,"column":8},"end":{"line":87,"column":null}},"68":{"start":{"line":89,"column":8},"end":{"line":89,"column":null}},"69":{"start":{"line":92,"column":10},"end":{"line":92,"column":57}},"70":{"start":{"line":92,"column":27},"end":{"line":92,"column":57}},"71":{"start":{"line":93,"column":4},"end":{"line":93,"column":null}},"72":{"start":{"line":94,"column":4},"end":{"line":94,"column":null}},"73":{"start":{"line":95,"column":4},"end":{"line":97,"column":null}},"74":{"start":{"line":96,"column":6},"end":{"line":96,"column":null}},"75":{"start":{"line":97,"column":6},"end":{"line":97,"column":null}},"76":{"start":{"line":101,"column":8},"end":{"line":104,"column":8}},"77":{"start":{"line":102,"column":4},"end":{"line":102,"column":null}},"78":{"start":{"line":103,"column":4},"end":{"line":103,"column":null}},"79":{"start":{"line":106,"column":2},"end":{"line":119,"column":null}}},"fnMap":{"0":{"name":"useWorkspaceLayout","decl":{"start":{"line":11,"column":16},"end":{"line":11,"column":37}},"loc":{"start":{"line":11,"column":37},"end":{"line":119,"column":null}},"line":11},"1":{"name":"(anonymous_1)","decl":{"start":{"line":12,"column":30},"end":{"line":12,"column":57}},"loc":{"start":{"line":12,"column":57},"end":{"line":16,"column":null}},"line":12},"2":{"name":"(anonymous_2)","decl":{"start":{"line":17,"column":40},"end":{"line":17,"column":64}},"loc":{"start":{"line":17,"column":64},"end":{"line":22,"column":null}},"line":17},"3":{"name":"(anonymous_3)","decl":{"start":{"line":23,"column":40},"end":{"line":23,"column":63}},"loc":{"start":{"line":23,"column":63},"end":{"line":29,"column":null}},"line":23},"4":{"name":"(anonymous_4)","decl":{"start":{"line":34,"column":2},"end":{"line":34,"column":18}},"loc":{"start":{"line":34,"column":18},"end":{"line":48,"column":6}},"line":34},"5":{"name":"(anonymous_5)","decl":{"start":{"line":39,"column":18},"end":{"line":39,"column":35}},"loc":{"start":{"line":39,"column":35},"end":{"line":43,"column":11}},"line":39},"6":{"name":"(anonymous_6)","decl":{"start":{"line":45,"column":4},"end":{"line":45,"column":17}},"loc":{"start":{"line":45,"column":17},"end":{"line":46,"column":null}},"line":45},"7":{"name":"(anonymous_7)","decl":{"start":{"line":50,"column":26},"end":{"line":50,"column":52}},"loc":{"start":{"line":50,"column":52},"end":{"line":53,"column":6}},"line":50},"8":{"name":"(anonymous_8)","decl":{"start":{"line":55,"column":29},"end":{"line":55,"column":null}},"loc":{"start":{"line":56,"column":10},"end":{"line":56,"column":63}},"line":56},"9":{"name":"(anonymous_9)","decl":{"start":{"line":59,"column":30},"end":{"line":59,"column":null}},"loc":{"start":{"line":60,"column":10},"end":{"line":60,"column":55}},"line":60},"10":{"name":"(anonymous_10)","decl":{"start":{"line":63,"column":32},"end":{"line":63,"column":null}},"loc":{"start":{"line":64,"column":11},"end":{"line":64,"column":null}},"line":64},"11":{"name":"(anonymous_11)","decl":{"start":{"line":68,"column":30},"end":{"line":68,"column":44}},"loc":{"start":{"line":68,"column":44},"end":{"line":77,"column":6}},"line":68},"12":{"name":"(anonymous_12)","decl":{"start":{"line":79,"column":2},"end":{"line":79,"column":18}},"loc":{"start":{"line":79,"column":18},"end":{"line":99,"column":6}},"line":79},"13":{"name":"(anonymous_13)","decl":{"start":{"line":80,"column":10},"end":{"line":80,"column":24}},"loc":{"start":{"line":80,"column":42},"end":{"line":89,"column":null}},"line":80},"14":{"name":"(anonymous_14)","decl":{"start":{"line":92,"column":10},"end":{"line":92,"column":27}},"loc":{"start":{"line":92,"column":27},"end":{"line":92,"column":57}},"line":92},"15":{"name":"(anonymous_15)","decl":{"start":{"line":95,"column":4},"end":{"line":95,"column":17}},"loc":{"start":{"line":95,"column":17},"end":{"line":97,"column":null}},"line":95},"16":{"name":"(anonymous_16)","decl":{"start":{"line":101,"column":24},"end":{"line":101,"column":37}},"loc":{"start":{"line":101,"column":84},"end":{"line":104,"column":7}},"line":101}},"branchMap":{"0":{"loc":{"start":{"line":13,"column":4},"end":{"line":13,"column":null}},"type":"if","locations":[{"start":{"line":13,"column":4},"end":{"line":13,"column":null}},{"start":{},"end":{}}],"line":13},"1":{"loc":{"start":{"line":15,"column":11},"end":{"line":15,"column":null}},"type":"binary-expr","locations":[{"start":{"line":15,"column":11},"end":{"line":15,"column":21}},{"start":{"line":15,"column":21},"end":{"line":15,"column":null}}],"line":15},"2":{"loc":{"start":{"line":18,"column":4},"end":{"line":18,"column":null}},"type":"if","locations":[{"start":{"line":18,"column":4},"end":{"line":18,"column":null}},{"start":{},"end":{}}],"line":18},"3":{"loc":{"start":{"line":20,"column":4},"end":{"line":20,"column":null}},"type":"if","locations":[{"start":{"line":20,"column":4},"end":{"line":20,"column":null}},{"start":{},"end":{}}],"line":20},"4":{"loc":{"start":{"line":24,"column":4},"end":{"line":24,"column":null}},"type":"if","locations":[{"start":{"line":24,"column":4},"end":{"line":24,"column":null}},{"start":{},"end":{}}],"line":24},"5":{"loc":{"start":{"line":26,"column":4},"end":{"line":26,"column":null}},"type":"if","locations":[{"start":{"line":26,"column":4},"end":{"line":26,"column":null}},{"start":{},"end":{}}],"line":26},"6":{"loc":{"start":{"line":28,"column":11},"end":{"line":28,"column":null}},"type":"cond-expr","locations":[{"start":{"line":28,"column":29},"end":{"line":28,"column":34}},{"start":{"line":28,"column":34},"end":{"line":28,"column":null}}],"line":28},"7":{"loc":{"start":{"line":35,"column":4},"end":{"line":35,"column":null}},"type":"if","locations":[{"start":{"line":35,"column":4},"end":{"line":35,"column":null}},{"start":{},"end":{}}],"line":35},"8":{"loc":{"start":{"line":37,"column":4},"end":{"line":37,"column":null}},"type":"if","locations":[{"start":{"line":37,"column":4},"end":{"line":37,"column":null}},{"start":{},"end":{}}],"line":37},"9":{"loc":{"start":{"line":51,"column":4},"end":{"line":51,"column":null}},"type":"if","locations":[{"start":{"line":51,"column":4},"end":{"line":51,"column":null}},{"start":{},"end":{}}],"line":51},"10":{"loc":{"start":{"line":64,"column":11},"end":{"line":64,"column":null}},"type":"cond-expr","locations":[{"start":{"line":64,"column":48},"end":{"line":64,"column":54}},{"start":{"line":64,"column":54},"end":{"line":64,"column":null}}],"line":64},"11":{"loc":{"start":{"line":72,"column":4},"end":{"line":72,"column":null}},"type":"if","locations":[{"start":{"line":72,"column":4},"end":{"line":72,"column":null}},{"start":{},"end":{}}],"line":72},"12":{"loc":{"start":{"line":73,"column":4},"end":{"line":73,"column":null}},"type":"if","locations":[{"start":{"line":73,"column":4},"end":{"line":73,"column":null}},{"start":{},"end":{}}],"line":73},"13":{"loc":{"start":{"line":74,"column":4},"end":{"line":74,"column":null}},"type":"if","locations":[{"start":{"line":74,"column":4},"end":{"line":74,"column":null}},{"start":{},"end":{}}],"line":74},"14":{"loc":{"start":{"line":81,"column":6},"end":{"line":81,"column":null}},"type":"if","locations":[{"start":{"line":81,"column":6},"end":{"line":81,"column":null}},{"start":{},"end":{}}],"line":81},"15":{"loc":{"start":{"line":81,"column":10},"end":{"line":81,"column":46}},"type":"binary-expr","locations":[{"start":{"line":81,"column":10},"end":{"line":81,"column":23}},{"start":{"line":81,"column":23},"end":{"line":81,"column":46}}],"line":81},"16":{"loc":{"start":{"line":86,"column":6},"end":{"line":89,"column":null}},"type":"if","locations":[{"start":{"line":86,"column":6},"end":{"line":89,"column":null}},{"start":{"line":88,"column":13},"end":{"line":89,"column":null}}],"line":86},"17":{"loc":{"start":{"line":92,"column":27},"end":{"line":92,"column":57}},"type":"binary-expr","locations":[{"start":{"line":92,"column":27},"end":{"line":92,"column":39}},{"start":{"line":92,"column":39},"end":{"line":92,"column":57}}],"line":92}},"s":{"0":1,"1":1,"2":1,"3":1,"4":1,"5":0,"6":0,"7":0,"8":0,"9":0,"10":0,"11":0,"12":0,"13":0,"14":0,"15":0,"16":0,"17":0,"18":0,"19":0,"20":0,"21":0,"22":0,"23":0,"24":0,"25":0,"26":0,"27":0,"28":0,"29":0,"30":0,"31":0,"32":0,"33":0,"34":0,"35":0,"36":0,"37":0,"38":0,"39":0,"40":0,"41":0,"42":0,"43":0,"44":0,"45":0,"46":0,"47":0,"48":0,"49":0,"50":0,"51":0,"52":0,"53":0,"54":0,"55":0,"56":0,"57":0,"58":0,"59":0,"60":0,"61":0,"62":0,"63":0,"64":0,"65":0,"66":0,"67":0,"68":0,"69":0,"70":0,"71":0,"72":0,"73":0,"74":0,"75":0,"76":0,"77":0,"78":0,"79":0},"f":{"0":0,"1":0,"2":0,"3":0,"4":0,"5":0,"6":0,"7":0,"8":0,"9":0,"10":0,"11":0,"12":0,"13":0,"14":0,"15":0,"16":0},"b":{"0":[0,0],"1":[0,0],"2":[0,0],"3":[0,0],"4":[0,0],"5":[0,0],"6":[0,0],"7":[0,0],"8":[0,0],"9":[0,0],"10":[0,0],"11":[0,0],"12":[0,0],"13":[0,0],"14":[0,0],"15":[0,0],"16":[0,0],"17":[0,0]},"meta":{"lastBranch":18,"lastFunction":17,"lastStatement":80,"seen":{"s:5:18:5:Infinity":0,"s:6:18:6:Infinity":1,"s:7:23:7:Infinity":2,"s:8:22:8:Infinity":3,"s:9:21:9:Infinity":4,"f:11:16:11:37":0,"s:12:17:16:Infinity":5,"f:12:30:12:57":1,"b:13:4:13:Infinity:undefined:undefined:undefined:undefined":0,"s:13:4:13:Infinity":6,"s:13:45:13:Infinity":7,"s:14:19:14:55":8,"s:15:4:15:Infinity":9,"b:15:11:15:21:15:21:15:Infinity":1,"s:17:22:22:Infinity":10,"f:17:40:17:64":2,"b:18:4:18:Infinity:undefined:undefined:undefined:undefined":2,"s:18:4:18:Infinity":11,"s:18:45:18:Infinity":12,"s:19:23:19:57":13,"b:20:4:20:Infinity:undefined:undefined:undefined:undefined":3,"s:20:4:20:Infinity":14,"s:20:28:20:Infinity":15,"s:21:4:21:Infinity":16,"s:23:22:29:Infinity":17,"f:23:40:23:63":3,"b:24:4:24:Infinity:undefined:undefined:undefined:undefined":4,"s:24:4:24:Infinity":18,"s:24:45:24:Infinity":19,"s:25:24:25:59":20,"b:26:4:26:Infinity:undefined:undefined:undefined:undefined":5,"s:26:4:26:Infinity":21,"s:26:22:26:Infinity":22,"s:27:14:27:33":23,"s:28:4:28:Infinity":24,"b:28:29:28:34:28:34:28:Infinity":6,"s:30:19:30:49":25,"s:31:8:31:55":26,"s:34:2:48:Infinity":27,"f:34:2:34:18":4,"b:35:4:35:Infinity:undefined:undefined:undefined:undefined":7,"s:35:4:35:Infinity":28,"s:35:45:35:Infinity":29,"b:37:4:37:Infinity:undefined:undefined:undefined:undefined":8,"s:37:4:37:Infinity":30,"s:37:18:37:Infinity":31,"s:39:18:43:11":32,"f:39:18:39:35":5,"s:40:6:40:Infinity":33,"s:41:6:41:Infinity":34,"s:42:6:42:Infinity":35,"s:45:4:46:Infinity":36,"f:45:4:45:17":6,"s:46:6:46:Infinity":37,"s:50:8:53:27":38,"f:50:26:50:52":7,"b:51:4:51:Infinity:undefined:undefined:undefined:undefined":9,"s:51:4:51:Infinity":39,"s:51:22:51:Infinity":40,"s:52:4:52:Infinity":41,"s:55:8:57:Infinity":42,"f:55:29:55:Infinity":8,"s:56:10:56:63":43,"s:59:8:61:Infinity":44,"f:59:30:59:Infinity":9,"s:60:10:60:55":45,"s:63:8:65:Infinity":46,"f:63:32:63:Infinity":10,"s:64:11:64:Infinity":47,"b:64:48:64:54:64:54:64:Infinity":10,"s:68:8:77:64":48,"f:68:30:68:44":11,"s:69:23:69:Infinity":49,"s:70:22:70:Infinity":50,"b:72:4:72:Infinity:undefined:undefined:undefined:undefined":11,"s:72:4:72:Infinity":51,"s:72:44:72:Infinity":52,"b:73:4:73:Infinity:undefined:undefined:undefined:undefined":12,"s:73:4:73:Infinity":53,"s:73:45:73:Infinity":54,"b:74:4:74:Infinity:undefined:undefined:undefined:undefined":13,"s:74:4:74:Infinity":55,"s:74:44:74:Infinity":56,"s:76:4:76:Infinity":57,"s:79:2:99:Infinity":58,"f:79:2:79:18":12,"s:80:10:89:Infinity":59,"f:80:10:80:24":13,"b:81:6:81:Infinity:undefined:undefined:undefined:undefined":14,"s:81:6:81:Infinity":60,"b:81:10:81:23:81:23:81:46":15,"s:81:46:81:Infinity":61,"s:82:19:82:63":62,"s:83:16:83:Infinity":63,"s:84:23:84:Infinity":64,"s:85:22:85:71":65,"b:86:6:89:Infinity:88:13:89:Infinity":16,"s:86:6:89:Infinity":66,"s:87:8:87:Infinity":67,"s:89:8:89:Infinity":68,"s:92:10:92:57":69,"f:92:10:92:27":14,"s:92:27:92:57":70,"b:92:27:92:39:92:39:92:57":17,"s:93:4:93:Infinity":71,"s:94:4:94:Infinity":72,"s:95:4:97:Infinity":73,"f:95:4:95:17":15,"s:96:6:96:Infinity":74,"s:97:6:97:Infinity":75,"s:101:8:104:8":76,"f:101:24:101:37":16,"s:102:4:102:Infinity":77,"s:103:4:103:Infinity":78,"s:106:2:119:Infinity":79}}}
,"/Users/yfhao/Documents/study/markdown/app/src/modules/ai/settings.ts": {"path":"/Users/yfhao/Documents/study/markdown/app/src/modules/ai/settings.ts","statementMap":{},"fnMap":{},"branchMap":{},"s":{},"f":{},"b":{},"meta":{"lastBranch":0,"lastFunction":0,"lastStatement":0,"seen":{}}}
,"/Users/yfhao/Documents/study/markdown/app/src/modules/ai/streamingClientFactory.ts": {"path":"/Users/yfhao/Documents/study/markdown/app/src/modules/ai/streamingClientFactory.ts","statementMap":{"0":{"start":{"line":17,"column":18},"end":{"line":17,"column":41}},"1":{"start":{"line":18,"column":17},"end":{"line":18,"column":39}},"2":{"start":{"line":19,"column":18},"end":{"line":19,"column":null}},"3":{"start":{"line":20,"column":23},"end":{"line":20,"column":null}},"4":{"start":{"line":22,"column":2},"end":{"line":23,"column":null}},"5":{"start":{"line":23,"column":4},"end":{"line":23,"column":null}},"6":{"start":{"line":26,"column":2},"end":{"line":46,"column":null}},"7":{"start":{"line":28,"column":6},"end":{"line":35,"column":null}},"8":{"start":{"line":38,"column":6},"end":{"line":46,"column":null}}},"fnMap":{"0":{"name":"createStreamingClientFromSettings","decl":{"start":{"line":11,"column":16},"end":{"line":11,"column":null}},"loc":{"start":{"line":16,"column":24},"end":{"line":46,"column":null}},"line":16}},"branchMap":{"0":{"loc":{"start":{"line":19,"column":18},"end":{"line":19,"column":null}},"type":"binary-expr","locations":[{"start":{"line":19,"column":18},"end":{"line":19,"column":37}},{"start":{"line":19,"column":37},"end":{"line":19,"column":64}},{"start":{"line":19,"column":64},"end":{"line":19,"column":90}},{"start":{"line":19,"column":90},"end":{"line":19,"column":null}}],"line":19},"1":{"loc":{"start":{"line":20,"column":23},"end":{"line":20,"column":null}},"type":"binary-expr","locations":[{"start":{"line":20,"column":23},"end":{"line":20,"column":48}},{"start":{"line":20,"column":48},"end":{"line":20,"column":null}}],"line":20},"2":{"loc":{"start":{"line":22,"column":2},"end":{"line":23,"column":null}},"type":"if","locations":[{"start":{"line":22,"column":2},"end":{"line":23,"column":null}},{"start":{},"end":{}}],"line":22},"3":{"loc":{"start":{"line":22,"column":6},"end":{"line":22,"column":39}},"type":"binary-expr","locations":[{"start":{"line":22,"column":6},"end":{"line":22,"column":18}},{"start":{"line":22,"column":18},"end":{"line":22,"column":29}},{"start":{"line":22,"column":29},"end":{"line":22,"column":39}}],"line":22},"4":{"loc":{"start":{"line":26,"column":2},"end":{"line":46,"column":null}},"type":"switch","locations":[{"start":{"line":27,"column":4},"end":{"line":35,"column":null}},{"start":{"line":36,"column":4},"end":{"line":36,"column":null}},{"start":{"line":37,"column":4},"end":{"line":46,"column":null}}],"line":26}},"s":{"0":0,"1":0,"2":0,"3":0,"4":0,"5":0,"6":0,"7":0,"8":0},"f":{"0":0},"b":{"0":[0,0,0,0],"1":[0,0],"2":[0,0],"3":[0,0,0],"4":[0,0,0]},"meta":{"lastBranch":5,"lastFunction":1,"lastStatement":9,"seen":{"f:11:16:11:Infinity":0,"s:17:18:17:41":0,"s:18:17:18:39":1,"s:19:18:19:Infinity":2,"b:19:18:19:37:19:37:19:64:19:64:19:90:19:90:19:Infinity":0,"s:20:23:20:Infinity":3,"b:20:23:20:48:20:48:20:Infinity":1,"b:22:2:23:Infinity:undefined:undefined:undefined:undefined":2,"s:22:2:23:Infinity":4,"b:22:6:22:18:22:18:22:29:22:29:22:39":3,"s:23:4:23:Infinity":5,"b:27:4:35:Infinity:36:4:36:Infinity:37:4:46:Infinity":4,"s:26:2:46:Infinity":6,"s:28:6:35:Infinity":7,"s:38:6:46:Infinity":8}}}
,"/Users/yfhao/Documents/study/markdown/app/src/modules/ai/application/conversationCompression.ts": {"path":"/Users/yfhao/Documents/study/markdown/app/src/modules/ai/application/conversationCompression.ts","statementMap":{"0":{"start":{"line":46,"column":2},"end":{"line":46,"column":null}},"1":{"start":{"line":46,"column":24},"end":{"line":46,"column":null}},"2":{"start":{"line":48,"column":17},"end":{"line":48,"column":72}},"3":{"start":{"line":48,"column":46},"end":{"line":48,"column":72}},"4":{"start":{"line":49,"column":38},"end":{"line":49,"column":40}},"5":{"start":{"line":50,"column":42},"end":{"line":50,"column":null}},"6":{"start":{"line":52,"column":2},"end":{"line":88,"column":null}},"7":{"start":{"line":53,"column":4},"end":{"line":61,"column":null}},"8":{"start":{"line":54,"column":6},"end":{"line":60,"column":null}},"9":{"start":{"line":61,"column":6},"end":{"line":61,"column":null}},"10":{"start":{"line":64,"column":4},"end":{"line":66,"column":null}},"11":{"start":{"line":65,"column":6},"end":{"line":65,"column":null}},"12":{"start":{"line":66,"column":6},"end":{"line":66,"column":null}},"13":{"start":{"line":69,"column":4},"end":{"line":83,"column":null}},"14":{"start":{"line":71,"column":6},"end":{"line":81,"column":null}},"15":{"start":{"line":72,"column":8},"end":{"line":78,"column":null}},"16":{"start":{"line":79,"column":8},"end":{"line":79,"column":null}},"17":{"start":{"line":81,"column":8},"end":{"line":81,"column":null}},"18":{"start":{"line":83,"column":6},"end":{"line":83,"column":null}},"19":{"start":{"line":86,"column":4},"end":{"line":88,"column":null}},"20":{"start":{"line":87,"column":6},"end":{"line":87,"column":null}},"21":{"start":{"line":88,"column":6},"end":{"line":88,"column":null}},"22":{"start":{"line":92,"column":2},"end":{"line":92,"column":null}},"23":{"start":{"line":96,"column":43},"end":{"line":96,"column":45}},"24":{"start":{"line":97,"column":2},"end":{"line":98,"column":null}},"25":{"start":{"line":98,"column":4},"end":{"line":98,"column":null}},"26":{"start":{"line":100,"column":2},"end":{"line":100,"column":null}},"27":{"start":{"line":107,"column":2},"end":{"line":108,"column":null}},"28":{"start":{"line":108,"column":4},"end":{"line":108,"column":null}},"29":{"start":{"line":110,"column":17},"end":{"line":110,"column":62}},"30":{"start":{"line":111,"column":2},"end":{"line":114,"column":null}},"31":{"start":{"line":123,"column":54},"end":{"line":123,"column":null}},"32":{"start":{"line":125,"column":14},"end":{"line":125,"column":24}},"33":{"start":{"line":126,"column":21},"end":{"line":126,"column":59}},"34":{"start":{"line":126,"column":47},"end":{"line":126,"column":59}},"35":{"start":{"line":127,"column":15},"end":{"line":127,"column":null}},"36":{"start":{"line":128,"column":13},"end":{"line":128,"column":null}},"37":{"start":{"line":130,"column":2},"end":{"line":141,"column":null}},"38":{"start":{"line":138,"column":50},"end":{"line":138,"column":55}},"39":{"start":{"line":145,"column":2},"end":{"line":217,"column":null}},"40":{"start":{"line":147,"column":27},"end":{"line":147,"column":null}},"41":{"start":{"line":149,"column":6},"end":{"line":150,"column":null}},"42":{"start":{"line":150,"column":8},"end":{"line":150,"column":null}},"43":{"start":{"line":153,"column":21},"end":{"line":153,"column":54}},"44":{"start":{"line":154,"column":6},"end":{"line":154,"column":null}},"45":{"start":{"line":154,"column":26},"end":{"line":154,"column":null}},"46":{"start":{"line":156,"column":42},"end":{"line":156,"column":97}},"47":{"start":{"line":157,"column":6},"end":{"line":159,"column":null}},"48":{"start":{"line":159,"column":8},"end":{"line":159,"column":null}},"49":{"start":{"line":162,"column":29},"end":{"line":162,"column":60}},"50":{"start":{"line":163,"column":6},"end":{"line":163,"column":null}},"51":{"start":{"line":163,"column":34},"end":{"line":163,"column":null}},"52":{"start":{"line":166,"column":33},"end":{"line":166,"column":89}},"53":{"start":{"line":169,"column":35},"end":{"line":173,"column":8}},"54":{"start":{"line":174,"column":28},"end":{"line":179,"column":8}},"55":{"start":{"line":182,"column":32},"end":{"line":182,"column":88}},"56":{"start":{"line":182,"column":49},"end":{"line":182,"column":88}},"57":{"start":{"line":183,"column":33},"end":{"line":183,"column":119}},"58":{"start":{"line":183,"column":63},"end":{"line":183,"column":103}},"59":{"start":{"line":184,"column":31},"end":{"line":184,"column":95}},"60":{"start":{"line":184,"column":69},"end":{"line":184,"column":93}},"61":{"start":{"line":188,"column":6},"end":{"line":204,"column":null}},"62":{"start":{"line":190,"column":37},"end":{"line":194,"column":10}},"63":{"start":{"line":195,"column":30},"end":{"line":200,"column":10}},"64":{"start":{"line":201,"column":8},"end":{"line":201,"column":null}},"65":{"start":{"line":204,"column":8},"end":{"line":204,"column":null}},"66":{"start":{"line":207,"column":29},"end":{"line":207,"column":63}},"67":{"start":{"line":209,"column":42},"end":{"line":213,"column":null}},"68":{"start":{"line":212,"column":72},"end":{"line":212,"column":null}},"69":{"start":{"line":215,"column":6},"end":{"line":215,"column":null}},"70":{"start":{"line":221,"column":59},"end":{"line":231,"column":null}},"71":{"start":{"line":228,"column":4},"end":{"line":228,"column":null}},"72":{"start":{"line":228,"column":20},"end":{"line":228,"column":null}},"73":{"start":{"line":229,"column":4},"end":{"line":229,"column":null}},"74":{"start":{"line":235,"column":2},"end":{"line":246,"column":null}},"75":{"start":{"line":236,"column":18},"end":{"line":236,"column":50}},"76":{"start":{"line":237,"column":4},"end":{"line":243,"column":null}},"77":{"start":{"line":245,"column":4},"end":{"line":245,"column":null}},"78":{"start":{"line":246,"column":4},"end":{"line":246,"column":null}},"79":{"start":{"line":252,"column":2},"end":{"line":280,"column":null}},"80":{"start":{"line":254,"column":30},"end":{"line":254,"column":32}},"81":{"start":{"line":256,"column":6},"end":{"line":256,"column":null}},"82":{"start":{"line":257,"column":6},"end":{"line":257,"column":null}},"83":{"start":{"line":258,"column":6},"end":{"line":258,"column":null}},"84":{"start":{"line":259,"column":6},"end":{"line":259,"column":null}},"85":{"start":{"line":260,"column":6},"end":{"line":260,"column":null}},"86":{"start":{"line":262,"column":23},"end":{"line":262,"column":null}},"87":{"start":{"line":263,"column":19},"end":{"line":263,"column":44}},"88":{"start":{"line":265,"column":6},"end":{"line":272,"column":null}},"89":{"start":{"line":266,"column":26},"end":{"line":266,"column":null}},"90":{"start":{"line":267,"column":19},"end":{"line":267,"column":57}},"91":{"start":{"line":268,"column":24},"end":{"line":268,"column":null}},"92":{"start":{"line":269,"column":8},"end":{"line":269,"column":null}},"93":{"start":{"line":270,"column":8},"end":{"line":270,"column":null}},"94":{"start":{"line":271,"column":8},"end":{"line":271,"column":null}},"95":{"start":{"line":272,"column":8},"end":{"line":272,"column":null}},"96":{"start":{"line":275,"column":6},"end":{"line":275,"column":null}},"97":{"start":{"line":276,"column":6},"end":{"line":276,"column":null}},"98":{"start":{"line":278,"column":6},"end":{"line":278,"column":null}},"99":{"start":{"line":284,"column":2},"end":{"line":284,"column":null}},"100":{"start":{"line":284,"column":31},"end":{"line":284,"column":null}},"101":{"start":{"line":285,"column":2},"end":{"line":285,"column":null}},"102":{"start":{"line":289,"column":26},"end":{"line":289,"column":28}},"103":{"start":{"line":291,"column":2},"end":{"line":291,"column":null}},"104":{"start":{"line":292,"column":2},"end":{"line":292,"column":null}},"105":{"start":{"line":293,"column":2},"end":{"line":293,"column":null}},"106":{"start":{"line":294,"column":2},"end":{"line":294,"column":null}},"107":{"start":{"line":295,"column":2},"end":{"line":295,"column":null}},"108":{"start":{"line":296,"column":2},"end":{"line":296,"column":null}},"109":{"start":{"line":297,"column":2},"end":{"line":297,"column":null}},"110":{"start":{"line":298,"column":2},"end":{"line":298,"column":null}},"111":{"start":{"line":299,"column":2},"end":{"line":299,"column":null}},"112":{"start":{"line":300,"column":2},"end":{"line":300,"column":null}},"113":{"start":{"line":301,"column":2},"end":{"line":301,"column":null}},"114":{"start":{"line":302,"column":2},"end":{"line":305,"column":null}},"115":{"start":{"line":303,"column":4},"end":{"line":303,"column":null}},"116":{"start":{"line":305,"column":4},"end":{"line":305,"column":null}},"117":{"start":{"line":308,"column":2},"end":{"line":308,"column":null}},"118":{"start":{"line":316,"column":39},"end":{"line":316,"column":null}},"119":{"start":{"line":318,"column":26},"end":{"line":318,"column":null}},"120":{"start":{"line":319,"column":21},"end":{"line":322,"column":5}},"121":{"start":{"line":319,"column":42},"end":{"line":322,"column":5}},"122":{"start":{"line":324,"column":32},"end":{"line":324,"column":34}},"123":{"start":{"line":325,"column":2},"end":{"line":325,"column":null}},"124":{"start":{"line":326,"column":2},"end":{"line":326,"column":null}},"125":{"start":{"line":327,"column":2},"end":{"line":327,"column":null}},"126":{"start":{"line":328,"column":2},"end":{"line":328,"column":null}},"127":{"start":{"line":330,"column":30},"end":{"line":330,"column":32}},"128":{"start":{"line":331,"column":2},"end":{"line":336,"column":null}},"129":{"start":{"line":332,"column":22},"end":{"line":332,"column":null}},"130":{"start":{"line":333,"column":15},"end":{"line":333,"column":50}},"131":{"start":{"line":334,"column":4},"end":{"line":334,"column":null}},"132":{"start":{"line":335,"column":4},"end":{"line":335,"column":null}},"133":{"start":{"line":336,"column":4},"end":{"line":336,"column":null}},"134":{"start":{"line":339,"column":22},"end":{"line":339,"column":63}},"135":{"start":{"line":341,"column":38},"end":{"line":345,"column":null}},"136":{"start":{"line":348,"column":2},"end":{"line":348,"column":null}},"137":{"start":{"line":352,"column":16},"end":{"line":352,"column":43}},"138":{"start":{"line":353,"column":2},"end":{"line":353,"column":null}},"139":{"start":{"line":353,"column":31},"end":{"line":353,"column":null}},"140":{"start":{"line":354,"column":20},"end":{"line":354,"column":81}},"141":{"start":{"line":354,"column":48},"end":{"line":354,"column":81}},"142":{"start":{"line":355,"column":2},"end":{"line":355,"column":null}},"143":{"start":{"line":360,"column":19},"end":{"line":360,"column":48}},"144":{"start":{"line":362,"column":2},"end":{"line":415,"column":null}},"145":{"start":{"line":364,"column":6},"end":{"line":412,"column":null}},"146":{"start":{"line":365,"column":25},"end":{"line":365,"column":62}},"147":{"start":{"line":366,"column":8},"end":{"line":368,"column":null}},"148":{"start":{"line":367,"column":10},"end":{"line":367,"column":null}},"149":{"start":{"line":368,"column":10},"end":{"line":368,"column":null}},"150":{"start":{"line":371,"column":29},"end":{"line":371,"column":60}},"151":{"start":{"line":372,"column":24},"end":{"line":372,"column":null}},"152":{"start":{"line":373,"column":8},"end":{"line":375,"column":null}},"153":{"start":{"line":374,"column":10},"end":{"line":374,"column":null}},"154":{"start":{"line":375,"column":10},"end":{"line":375,"column":null}},"155":{"start":{"line":378,"column":14},"end":{"line":378,"column":103}},"156":{"start":{"line":379,"column":29},"end":{"line":379,"column":83}},"157":{"start":{"line":381,"column":26},"end":{"line":381,"column":null}},"158":{"start":{"line":382,"column":23},"end":{"line":400,"column":null}},"159":{"start":{"line":390,"column":14},"end":{"line":391,"column":null}},"160":{"start":{"line":391,"column":16},"end":{"line":391,"column":null}},"161":{"start":{"line":398,"column":14},"end":{"line":398,"column":null}},"162":{"start":{"line":403,"column":24},"end":{"line":403,"column":67}},"163":{"start":{"line":404,"column":8},"end":{"line":406,"column":null}},"164":{"start":{"line":405,"column":10},"end":{"line":405,"column":null}},"165":{"start":{"line":406,"column":10},"end":{"line":406,"column":null}},"166":{"start":{"line":409,"column":8},"end":{"line":409,"column":null}},"167":{"start":{"line":411,"column":8},"end":{"line":411,"column":null}},"168":{"start":{"line":412,"column":8},"end":{"line":412,"column":null}}},"fnMap":{"0":{"name":"buildConversationGroups","decl":{"start":{"line":45,"column":9},"end":{"line":45,"column":33}},"loc":{"start":{"line":45,"column":90},"end":{"line":92,"column":null}},"line":45},"1":{"name":"(anonymous_1)","decl":{"start":{"line":48,"column":31},"end":{"line":48,"column":37}},"loc":{"start":{"line":48,"column":46},"end":{"line":48,"column":72}},"line":48},"2":{"name":"flattenGroupMessages","decl":{"start":{"line":95,"column":9},"end":{"line":95,"column":30}},"loc":{"start":{"line":95,"column":85},"end":{"line":100,"column":null}},"line":95},"3":{"name":"pickOldAndRecentGroups","decl":{"start":{"line":103,"column":9},"end":{"line":103,"column":32}},"loc":{"start":{"line":106,"column":2},"end":{"line":114,"column":null}},"line":106},"4":{"name":"createSummaryMessage","decl":{"start":{"line":117,"column":9},"end":{"line":117,"column":30}},"loc":{"start":{"line":122,"column":27},"end":{"line":141,"column":null}},"line":122},"5":{"name":"(anonymous_5)","decl":{"start":{"line":126,"column":36},"end":{"line":126,"column":41}},"loc":{"start":{"line":126,"column":47},"end":{"line":126,"column":59}},"line":126},"6":{"name":"(anonymous_6)","decl":{"start":{"line":138,"column":39},"end":{"line":138,"column":44}},"loc":{"start":{"line":138,"column":50},"end":{"line":138,"column":55}},"line":138},"7":{"name":"createConversationCompressor","decl":{"start":{"line":144,"column":16},"end":{"line":144,"column":45}},"loc":{"start":{"line":144,"column":103},"end":{"line":217,"column":null}},"line":144},"8":{"name":"(anonymous_8)","decl":{"start":{"line":146,"column":10},"end":{"line":146,"column":19}},"loc":{"start":{"line":146,"column":67},"end":{"line":217,"column":null}},"line":146},"9":{"name":"(anonymous_9)","decl":{"start":{"line":182,"column":41},"end":{"line":182,"column":49}},"loc":{"start":{"line":182,"column":49},"end":{"line":182,"column":88}},"line":182},"10":{"name":"(anonymous_10)","decl":{"start":{"line":183,"column":55},"end":{"line":183,"column":63}},"loc":{"start":{"line":183,"column":63},"end":{"line":183,"column":103}},"line":183},"11":{"name":"(anonymous_11)","decl":{"start":{"line":184,"column":50},"end":{"line":184,"column":58}},"loc":{"start":{"line":184,"column":69},"end":{"line":184,"column":93}},"line":184},"12":{"name":"(anonymous_12)","decl":{"start":{"line":212,"column":57},"end":{"line":212,"column":63}},"loc":{"start":{"line":212,"column":72},"end":{"line":212,"column":null}},"line":212},"13":{"name":"(anonymous_13)","decl":{"start":{"line":226,"column":2},"end":{"line":226,"column":28}},"loc":{"start":{"line":226,"column":52},"end":{"line":229,"column":null}},"line":226},"14":{"name":"loadCompressionConfig","decl":{"start":{"line":234,"column":22},"end":{"line":234,"column":74}},"loc":{"start":{"line":234,"column":74},"end":{"line":246,"column":null}},"line":234},"15":{"name":"createSimpleSummaryProvider","decl":{"start":{"line":251,"column":16},"end":{"line":251,"column":63}},"loc":{"start":{"line":251,"column":63},"end":{"line":280,"column":null}},"line":251},"16":{"name":"(anonymous_16)","decl":{"start":{"line":253,"column":10},"end":{"line":253,"column":25}},"loc":{"start":{"line":253,"column":72},"end":{"line":280,"column":null}},"line":253},"17":{"name":"truncateContent","decl":{"start":{"line":283,"column":9},"end":{"line":283,"column":25}},"loc":{"start":{"line":283,"column":65},"end":{"line":285,"column":null}},"line":283},"18":{"name":"buildSummarySystemPrompt","decl":{"start":{"line":288,"column":9},"end":{"line":288,"column":34}},"loc":{"start":{"line":288,"column":63},"end":{"line":308,"column":null}},"line":288},"19":{"name":"buildSummaryChatMessages","decl":{"start":{"line":311,"column":9},"end":{"line":311,"column":34}},"loc":{"start":{"line":315,"column":18},"end":{"line":348,"column":null}},"line":315},"20":{"name":"(anonymous_20)","decl":{"start":{"line":319,"column":30},"end":{"line":319,"column":35}},"loc":{"start":{"line":319,"column":42},"end":{"line":322,"column":5}},"line":319},"21":{"name":"pickDefaultProviderForSummary","decl":{"start":{"line":351,"column":15},"end":{"line":351,"column":75}},"loc":{"start":{"line":351,"column":75},"end":{"line":355,"column":null}},"line":351},"22":{"name":"(anonymous_22)","decl":{"start":{"line":354,"column":36},"end":{"line":354,"column":42}},"loc":{"start":{"line":354,"column":48},"end":{"line":354,"column":81}},"line":354},"23":{"name":"createLLMSummaryProvider","decl":{"start":{"line":359,"column":16},"end":{"line":359,"column":60}},"loc":{"start":{"line":359,"column":60},"end":{"line":415,"column":null}},"line":359},"24":{"name":"(anonymous_24)","decl":{"start":{"line":363,"column":10},"end":{"line":363,"column":25}},"loc":{"start":{"line":363,"column":72},"end":{"line":415,"column":null}},"line":363},"25":{"name":"(anonymous_25)","decl":{"start":{"line":389,"column":12},"end":{"line":389,"column":22}},"loc":{"start":{"line":389,"column":32},"end":{"line":391,"column":null}},"line":389},"26":{"name":"(anonymous_26)","decl":{"start":{"line":394,"column":12},"end":{"line":394,"column":30}},"loc":{"start":{"line":394,"column":30},"end":{"line":394,"column":null}},"line":394},"27":{"name":"(anonymous_27)","decl":{"start":{"line":397,"column":12},"end":{"line":397,"column":22}},"loc":{"start":{"line":397,"column":30},"end":{"line":398,"column":null}},"line":397}},"branchMap":{"0":{"loc":{"start":{"line":46,"column":2},"end":{"line":46,"column":null}},"type":"if","locations":[{"start":{"line":46,"column":2},"end":{"line":46,"column":null}},{"start":{},"end":{}}],"line":46},"1":{"loc":{"start":{"line":53,"column":4},"end":{"line":61,"column":null}},"type":"if","locations":[{"start":{"line":53,"column":4},"end":{"line":61,"column":null}},{"start":{},"end":{}}],"line":53},"2":{"loc":{"start":{"line":64,"column":4},"end":{"line":66,"column":null}},"type":"if","locations":[{"start":{"line":64,"column":4},"end":{"line":66,"column":null}},{"start":{},"end":{}}],"line":64},"3":{"loc":{"start":{"line":69,"column":4},"end":{"line":83,"column":null}},"type":"if","locations":[{"start":{"line":69,"column":4},"end":{"line":83,"column":null}},{"start":{},"end":{}}],"line":69},"4":{"loc":{"start":{"line":71,"column":6},"end":{"line":81,"column":null}},"type":"if","locations":[{"start":{"line":71,"column":6},"end":{"line":81,"column":null}},{"start":{"line":80,"column":13},"end":{"line":81,"column":null}}],"line":71},"5":{"loc":{"start":{"line":71,"column":10},"end":{"line":71,"column":83}},"type":"binary-expr","locations":[{"start":{"line":71,"column":10},"end":{"line":71,"column":45}},{"start":{"line":71,"column":45},"end":{"line":71,"column":83}}],"line":71},"6":{"loc":{"start":{"line":86,"column":4},"end":{"line":88,"column":null}},"type":"if","locations":[{"start":{"line":86,"column":4},"end":{"line":88,"column":null}},{"start":{},"end":{}}],"line":86},"7":{"loc":{"start":{"line":107,"column":2},"end":{"line":108,"column":null}},"type":"if","locations":[{"start":{"line":107,"column":2},"end":{"line":108,"column":null}},{"start":{},"end":{}}],"line":107},"8":{"loc":{"start":{"line":127,"column":15},"end":{"line":127,"column":null}},"type":"cond-expr","locations":[{"start":{"line":127,"column":35},"end":{"line":127,"column":58}},{"start":{"line":127,"column":61},"end":{"line":127,"column":null}}],"line":127},"9":{"loc":{"start":{"line":128,"column":13},"end":{"line":128,"column":null}},"type":"cond-expr","locations":[{"start":{"line":128,"column":33},"end":{"line":128,"column":56}},{"start":{"line":128,"column":59},"end":{"line":128,"column":null}}],"line":128},"10":{"loc":{"start":{"line":149,"column":6},"end":{"line":150,"column":null}},"type":"if","locations":[{"start":{"line":149,"column":6},"end":{"line":150,"column":null}},{"start":{},"end":{}}],"line":149},"11":{"loc":{"start":{"line":149,"column":10},"end":{"line":149,"column":78}},"type":"binary-expr","locations":[{"start":{"line":149,"column":10},"end":{"line":149,"column":30}},{"start":{"line":149,"column":30},"end":{"line":149,"column":78}}],"line":149},"12":{"loc":{"start":{"line":154,"column":6},"end":{"line":154,"column":null}},"type":"if","locations":[{"start":{"line":154,"column":6},"end":{"line":154,"column":null}},{"start":{},"end":{}}],"line":154},"13":{"loc":{"start":{"line":157,"column":6},"end":{"line":159,"column":null}},"type":"if","locations":[{"start":{"line":157,"column":6},"end":{"line":159,"column":null}},{"start":{},"end":{}}],"line":157},"14":{"loc":{"start":{"line":163,"column":6},"end":{"line":163,"column":null}},"type":"if","locations":[{"start":{"line":163,"column":6},"end":{"line":163,"column":null}},{"start":{},"end":{}}],"line":163},"15":{"loc":{"start":{"line":182,"column":56},"end":{"line":182,"column":86}},"type":"binary-expr","locations":[{"start":{"line":182,"column":56},"end":{"line":182,"column":80}},{"start":{"line":182,"column":80},"end":{"line":182,"column":86}}],"line":182},"16":{"loc":{"start":{"line":183,"column":70},"end":{"line":183,"column":101}},"type":"binary-expr","locations":[{"start":{"line":183,"column":70},"end":{"line":183,"column":94}},{"start":{"line":183,"column":94},"end":{"line":183,"column":101}}],"line":183},"17":{"loc":{"start":{"line":188,"column":6},"end":{"line":204,"column":null}},"type":"if","locations":[{"start":{"line":188,"column":6},"end":{"line":204,"column":null}},{"start":{"line":202,"column":13},"end":{"line":204,"column":null}}],"line":188},"18":{"loc":{"start":{"line":228,"column":4},"end":{"line":228,"column":null}},"type":"if","locations":[{"start":{"line":228,"column":4},"end":{"line":228,"column":null}},{"start":{},"end":{}}],"line":228},"19":{"loc":{"start":{"line":266,"column":26},"end":{"line":266,"column":null}},"type":"cond-expr","locations":[{"start":{"line":266,"column":46},"end":{"line":266,"column":55}},{"start":{"line":266,"column":55},"end":{"line":266,"column":null}}],"line":266},"20":{"loc":{"start":{"line":266,"column":55},"end":{"line":266,"column":null}},"type":"cond-expr","locations":[{"start":{"line":266,"column":80},"end":{"line":266,"column":94}},{"start":{"line":266,"column":94},"end":{"line":266,"column":null}}],"line":266},"21":{"loc":{"start":{"line":268,"column":24},"end":{"line":268,"column":null}},"type":"cond-expr","locations":[{"start":{"line":268,"column":49},"end":{"line":268,"column":83}},{"start":{"line":268,"column":83},"end":{"line":268,"column":null}}],"line":268},"22":{"loc":{"start":{"line":284,"column":2},"end":{"line":284,"column":null}},"type":"if","locations":[{"start":{"line":284,"column":2},"end":{"line":284,"column":null}},{"start":{},"end":{}}],"line":284},"23":{"loc":{"start":{"line":302,"column":2},"end":{"line":305,"column":null}},"type":"if","locations":[{"start":{"line":302,"column":2},"end":{"line":305,"column":null}},{"start":{"line":304,"column":9},"end":{"line":305,"column":null}}],"line":302},"24":{"loc":{"start":{"line":332,"column":22},"end":{"line":332,"column":null}},"type":"cond-expr","locations":[{"start":{"line":332,"column":42},"end":{"line":332,"column":51}},{"start":{"line":332,"column":51},"end":{"line":332,"column":null}}],"line":332},"25":{"loc":{"start":{"line":332,"column":51},"end":{"line":332,"column":null}},"type":"cond-expr","locations":[{"start":{"line":332,"column":76},"end":{"line":332,"column":90}},{"start":{"line":332,"column":90},"end":{"line":332,"column":null}}],"line":332},"26":{"loc":{"start":{"line":353,"column":2},"end":{"line":353,"column":null}},"type":"if","locations":[{"start":{"line":353,"column":2},"end":{"line":353,"column":null}},{"start":{},"end":{}}],"line":353},"27":{"loc":{"start":{"line":355,"column":9},"end":{"line":355,"column":null}},"type":"binary-expr","locations":[{"start":{"line":355,"column":9},"end":{"line":355,"column":22}},{"start":{"line":355,"column":22},"end":{"line":355,"column":null}}],"line":355},"28":{"loc":{"start":{"line":366,"column":8},"end":{"line":368,"column":null}},"type":"if","locations":[{"start":{"line":366,"column":8},"end":{"line":368,"column":null}},{"start":{},"end":{}}],"line":366},"29":{"loc":{"start":{"line":372,"column":24},"end":{"line":372,"column":null}},"type":"binary-expr","locations":[{"start":{"line":372,"column":24},"end":{"line":372,"column":51}},{"start":{"line":372,"column":51},"end":{"line":372,"column":77}},{"start":{"line":372,"column":77},"end":{"line":372,"column":null}}],"line":372},"30":{"loc":{"start":{"line":373,"column":8},"end":{"line":375,"column":null}},"type":"if","locations":[{"start":{"line":373,"column":8},"end":{"line":375,"column":null}},{"start":{},"end":{}}],"line":373},"31":{"loc":{"start":{"line":390,"column":14},"end":{"line":391,"column":null}},"type":"if","locations":[{"start":{"line":390,"column":14},"end":{"line":391,"column":null}},{"start":{},"end":{}}],"line":390},"32":{"loc":{"start":{"line":403,"column":24},"end":{"line":403,"column":67}},"type":"binary-expr","locations":[{"start":{"line":403,"column":24},"end":{"line":403,"column":42}},{"start":{"line":403,"column":46},"end":{"line":403,"column":67}}],"line":403},"33":{"loc":{"start":{"line":404,"column":8},"end":{"line":406,"column":null}},"type":"if","locations":[{"start":{"line":404,"column":8},"end":{"line":406,"column":null}},{"start":{},"end":{}}],"line":404}},"s":{"0":0,"1":0,"2":0,"3":0,"4":0,"5":0,"6":0,"7":0,"8":0,"9":0,"10":0,"11":0,"12":0,"13":0,"14":0,"15":0,"16":0,"17":0,"18":0,"19":0,"20":0,"21":0,"22":0,"23":0,"24":0,"25":0,"26":0,"27":0,"28":0,"29":0,"30":0,"31":0,"32":0,"33":0,"34":0,"35":0,"36":0,"37":0,"38":0,"39":1,"40":0,"41":0,"42":0,"43":0,"44":0,"45":0,"46":0,"47":0,"48":0,"49":0,"50":0,"51":0,"52":0,"53":0,"54":0,"55":0,"56":0,"57":0,"58":0,"59":0,"60":0,"61":0,"62":0,"63":0,"64":0,"65":0,"66":0,"67":0,"68":0,"69":0,"70":1,"71":0,"72":0,"73":0,"74":0,"75":0,"76":0,"77":0,"78":0,"79":1,"80":0,"81":0,"82":0,"83":0,"84":0,"85":0,"86":0,"87":0,"88":0,"89":0,"90":0,"91":0,"92":0,"93":0,"94":0,"95":0,"96":0,"97":0,"98":0,"99":0,"100":0,"101":0,"102":0,"103":0,"104":0,"105":0,"106":0,"107":0,"108":0,"109":0,"110":0,"111":0,"112":0,"113":0,"114":0,"115":0,"116":0,"117":0,"118":0,"119":0,"120":0,"121":0,"122":0,"123":0,"124":0,"125":0,"126":0,"127":0,"128":0,"129":0,"130":0,"131":0,"132":0,"133":0,"134":0,"135":0,"136":0,"137":0,"138":0,"139":0,"140":0,"141":0,"142":0,"143":1,"144":1,"145":0,"146":0,"147":0,"148":0,"149":0,"150":0,"151":0,"152":0,"153":0,"154":0,"155":0,"156":0,"157":0,"158":0,"159":0,"160":0,"161":0,"162":0,"163":0,"164":0,"165":0,"166":0,"167":0,"168":0},"f":{"0":0,"1":0,"2":0,"3":0,"4":0,"5":0,"6":0,"7":1,"8":0,"9":0,"10":0,"11":0,"12":0,"13":0,"14":0,"15":1,"16":0,"17":0,"18":0,"19":0,"20":0,"21":0,"22":0,"23":1,"24":0,"25":0,"26":0,"27":0},"b":{"0":[0,0],"1":[0,0],"2":[0,0],"3":[0,0],"4":[0,0],"5":[0,0],"6":[0,0],"7":[0,0],"8":[0,0],"9":[0,0],"10":[0,0],"11":[0,0],"12":[0,0],"13":[0,0],"14":[0,0],"15":[0,0],"16":[0,0],"17":[0,0],"18":[0,0],"19":[0,0],"20":[0,0],"21":[0,0],"22":[0,0],"23":[0,0],"24":[0,0],"25":[0,0],"26":[0,0],"27":[0,0],"28":[0,0],"29":[0,0,0],"30":[0,0],"31":[0,0],"32":[0,0],"33":[0,0]},"meta":{"lastBranch":34,"lastFunction":28,"lastStatement":169,"seen":{"f:45:9:45:33":0,"b:46:2:46:Infinity:undefined:undefined:undefined:undefined":0,"s:46:2:46:Infinity":0,"s:46:24:46:Infinity":1,"s:48:17:48:72":2,"f:48:31:48:37":1,"s:48:46:48:72":3,"s:49:38:49:40":4,"s:50:42:50:Infinity":5,"s:52:2:88:Infinity":6,"b:53:4:61:Infinity:undefined:undefined:undefined:undefined":1,"s:53:4:61:Infinity":7,"s:54:6:60:Infinity":8,"s:61:6:61:Infinity":9,"b:64:4:66:Infinity:undefined:undefined:undefined:undefined":2,"s:64:4:66:Infinity":10,"s:65:6:65:Infinity":11,"s:66:6:66:Infinity":12,"b:69:4:83:Infinity:undefined:undefined:undefined:undefined":3,"s:69:4:83:Infinity":13,"b:71:6:81:Infinity:80:13:81:Infinity":4,"s:71:6:81:Infinity":14,"b:71:10:71:45:71:45:71:83":5,"s:72:8:78:Infinity":15,"s:79:8:79:Infinity":16,"s:81:8:81:Infinity":17,"s:83:6:83:Infinity":18,"b:86:4:88:Infinity:undefined:undefined:undefined:undefined":6,"s:86:4:88:Infinity":19,"s:87:6:87:Infinity":20,"s:88:6:88:Infinity":21,"s:92:2:92:Infinity":22,"f:95:9:95:30":2,"s:96:43:96:45":23,"s:97:2:98:Infinity":24,"s:98:4:98:Infinity":25,"s:100:2:100:Infinity":26,"f:103:9:103:32":3,"b:107:2:108:Infinity:undefined:undefined:undefined:undefined":7,"s:107:2:108:Infinity":27,"s:108:4:108:Infinity":28,"s:110:17:110:62":29,"s:111:2:114:Infinity":30,"f:117:9:117:30":4,"s:123:54:123:Infinity":31,"s:125:14:125:24":32,"s:126:21:126:59":33,"f:126:36:126:41":5,"s:126:47:126:59":34,"s:127:15:127:Infinity":35,"b:127:35:127:58:127:61:127:Infinity":8,"s:128:13:128:Infinity":36,"b:128:33:128:56:128:59:128:Infinity":9,"s:130:2:141:Infinity":37,"f:138:39:138:44":6,"s:138:50:138:55":38,"f:144:16:144:45":7,"s:145:2:217:Infinity":39,"f:146:10:146:19":8,"s:147:27:147:Infinity":40,"b:149:6:150:Infinity:undefined:undefined:undefined:undefined":10,"s:149:6:150:Infinity":41,"b:149:10:149:30:149:30:149:78":11,"s:150:8:150:Infinity":42,"s:153:21:153:54":43,"b:154:6:154:Infinity:undefined:undefined:undefined:undefined":12,"s:154:6:154:Infinity":44,"s:154:26:154:Infinity":45,"s:156:42:156:97":46,"b:157:6:159:Infinity:undefined:undefined:undefined:undefined":13,"s:157:6:159:Infinity":47,"s:159:8:159:Infinity":48,"s:162:29:162:60":49,"b:163:6:163:Infinity:undefined:undefined:undefined:undefined":14,"s:163:6:163:Infinity":50,"s:163:34:163:Infinity":51,"s:166:33:166:89":52,"s:169:35:173:8":53,"s:174:28:179:8":54,"s:182:32:182:88":55,"f:182:41:182:49":9,"s:182:49:182:88":56,"b:182:56:182:80:182:80:182:86":15,"s:183:33:183:119":57,"f:183:55:183:63":10,"s:183:63:183:103":58,"b:183:70:183:94:183:94:183:101":16,"s:184:31:184:95":59,"f:184:50:184:58":11,"s:184:69:184:93":60,"b:188:6:204:Infinity:202:13:204:Infinity":17,"s:188:6:204:Infinity":61,"s:190:37:194:10":62,"s:195:30:200:10":63,"s:201:8:201:Infinity":64,"s:204:8:204:Infinity":65,"s:207:29:207:63":66,"s:209:42:213:Infinity":67,"f:212:57:212:63":12,"s:212:72:212:Infinity":68,"s:215:6:215:Infinity":69,"s:221:59:231:Infinity":70,"f:226:2:226:28":13,"b:228:4:228:Infinity:undefined:undefined:undefined:undefined":18,"s:228:4:228:Infinity":71,"s:228:20:228:Infinity":72,"s:229:4:229:Infinity":73,"f:234:22:234:74":14,"s:235:2:246:Infinity":74,"s:236:18:236:50":75,"s:237:4:243:Infinity":76,"s:245:4:245:Infinity":77,"s:246:4:246:Infinity":78,"f:251:16:251:63":15,"s:252:2:280:Infinity":79,"f:253:10:253:25":16,"s:254:30:254:32":80,"s:256:6:256:Infinity":81,"s:257:6:257:Infinity":82,"s:258:6:258:Infinity":83,"s:259:6:259:Infinity":84,"s:260:6:260:Infinity":85,"s:262:23:262:Infinity":86,"s:263:19:263:44":87,"s:265:6:272:Infinity":88,"s:266:26:266:Infinity":89,"b:266:46:266:55:266:55:266:Infinity":19,"b:266:80:266:94:266:94:266:Infinity":20,"s:267:19:267:57":90,"s:268:24:268:Infinity":91,"b:268:49:268:83:268:83:268:Infinity":21,"s:269:8:269:Infinity":92,"s:270:8:270:Infinity":93,"s:271:8:271:Infinity":94,"s:272:8:272:Infinity":95,"s:275:6:275:Infinity":96,"s:276:6:276:Infinity":97,"s:278:6:278:Infinity":98,"f:283:9:283:25":17,"b:284:2:284:Infinity:undefined:undefined:undefined:undefined":22,"s:284:2:284:Infinity":99,"s:284:31:284:Infinity":100,"s:285:2:285:Infinity":101,"f:288:9:288:34":18,"s:289:26:289:28":102,"s:291:2:291:Infinity":103,"s:292:2:292:Infinity":104,"s:293:2:293:Infinity":105,"s:294:2:294:Infinity":106,"s:295:2:295:Infinity":107,"s:296:2:296:Infinity":108,"s:297:2:297:Infinity":109,"s:298:2:298:Infinity":110,"s:299:2:299:Infinity":111,"s:300:2:300:Infinity":112,"s:301:2:301:Infinity":113,"b:302:2:305:Infinity:304:9:305:Infinity":23,"s:302:2:305:Infinity":114,"s:303:4:303:Infinity":115,"s:305:4:305:Infinity":116,"s:308:2:308:Infinity":117,"f:311:9:311:34":19,"s:316:39:316:Infinity":118,"s:318:26:318:Infinity":119,"s:319:21:322:5":120,"f:319:30:319:35":20,"s:319:42:322:5":121,"s:324:32:324:34":122,"s:325:2:325:Infinity":123,"s:326:2:326:Infinity":124,"s:327:2:327:Infinity":125,"s:328:2:328:Infinity":126,"s:330:30:330:32":127,"s:331:2:336:Infinity":128,"s:332:22:332:Infinity":129,"b:332:42:332:51:332:51:332:Infinity":24,"b:332:76:332:90:332:90:332:Infinity":25,"s:333:15:333:50":130,"s:334:4:334:Infinity":131,"s:335:4:335:Infinity":132,"s:336:4:336:Infinity":133,"s:339:22:339:63":134,"s:341:38:345:Infinity":135,"s:348:2:348:Infinity":136,"f:351:15:351:75":21,"s:352:16:352:43":137,"b:353:2:353:Infinity:undefined:undefined:undefined:undefined":26,"s:353:2:353:Infinity":138,"s:353:31:353:Infinity":139,"s:354:20:354:81":140,"f:354:36:354:42":22,"s:354:48:354:81":141,"s:355:2:355:Infinity":142,"b:355:9:355:22:355:22:355:Infinity":27,"f:359:16:359:60":23,"s:360:19:360:48":143,"s:362:2:415:Infinity":144,"f:363:10:363:25":24,"s:364:6:412:Infinity":145,"s:365:25:365:62":146,"b:366:8:368:Infinity:undefined:undefined:undefined:undefined":28,"s:366:8:368:Infinity":147,"s:367:10:367:Infinity":148,"s:368:10:368:Infinity":149,"s:371:29:371:60":150,"s:372:24:372:Infinity":151,"b:372:24:372:51:372:51:372:77:372:77:372:Infinity":29,"b:373:8:375:Infinity:undefined:undefined:undefined:undefined":30,"s:373:8:375:Infinity":152,"s:374:10:374:Infinity":153,"s:375:10:375:Infinity":154,"s:378:14:378:103":155,"s:379:29:379:83":156,"s:381:26:381:Infinity":157,"s:382:23:400:Infinity":158,"f:389:12:389:22":25,"b:390:14:391:Infinity:undefined:undefined:undefined:undefined":31,"s:390:14:391:Infinity":159,"s:391:16:391:Infinity":160,"f:394:12:394:30":26,"f:397:12:397:22":27,"s:398:14:398:Infinity":161,"s:403:24:403:67":162,"b:403:24:403:42:403:46:403:67":32,"b:404:8:406:Infinity:undefined:undefined:undefined:undefined":33,"s:404:8:406:Infinity":163,"s:405:10:405:Infinity":164,"s:406:10:406:Infinity":165,"s:409:8:409:Infinity":166,"s:411:8:411:Infinity":167,"s:412:8:412:Infinity":168}}}
,"/Users/yfhao/Documents/study/markdown/app/src/modules/ai/application/docConversationService.ts": {"path":"/Users/yfhao/Documents/study/markdown/app/src/modules/ai/application/docConversationService.ts","statementMap":{"0":{"start":{"line":26,"column":38},"end":{"line":26,"column":77}},"1":{"start":{"line":29,"column":2},"end":{"line":29,"column":null}},"2":{"start":{"line":29,"column":48},"end":{"line":29,"column":null}},"3":{"start":{"line":30,"column":2},"end":{"line":34,"column":null}},"4":{"start":{"line":31,"column":4},"end":{"line":34,"column":null}},"5":{"start":{"line":32,"column":6},"end":{"line":32,"column":null}},"6":{"start":{"line":34,"column":6},"end":{"line":34,"column":null}},"7":{"start":{"line":40,"column":2},"end":{"line":40,"column":null}},"8":{"start":{"line":41,"column":2},"end":{"line":42,"column":null}},"9":{"start":{"line":42,"column":4},"end":{"line":42,"column":null}},"10":{"start":{"line":47,"column":2},"end":{"line":47,"column":null}},"11":{"start":{"line":56,"column":14},"end":{"line":56,"column":24}},"12":{"start":{"line":58,"column":2},"end":{"line":70,"column":null}},"13":{"start":{"line":59,"column":19},"end":{"line":59,"column":29}},"14":{"start":{"line":60,"column":41},"end":{"line":70,"column":7}},"15":{"start":{"line":73,"column":51},"end":{"line":73,"column":null}},"16":{"start":{"line":74,"column":13},"end":{"line":74,"column":null}},"17":{"start":{"line":75,"column":43},"end":{"line":75,"column":null}},"18":{"start":{"line":77,"column":6},"end":{"line":77,"column":50}},"19":{"start":{"line":78,"column":6},"end":{"line":78,"column":76}},"20":{"start":{"line":86,"column":34},"end":{"line":86,"column":null}},"21":{"start":{"line":87,"column":25},"end":{"line":87,"column":50}},"22":{"start":{"line":90,"column":2},"end":{"line":90,"column":null}},"23":{"start":{"line":90,"column":12},"end":{"line":90,"column":null}},"24":{"start":{"line":91,"column":21},"end":{"line":91,"column":51}},"25":{"start":{"line":92,"column":2},"end":{"line":92,"column":null}},"26":{"start":{"line":92,"column":19},"end":{"line":92,"column":null}},"27":{"start":{"line":93,"column":2},"end":{"line":93,"column":null}},"28":{"start":{"line":93,"column":26},"end":{"line":93,"column":null}},"29":{"start":{"line":94,"column":2},"end":{"line":94,"column":null}},"30":{"start":{"line":98,"column":24},"end":{"line":98,"column":45}},"31":{"start":{"line":99,"column":2},"end":{"line":100,"column":null}},"32":{"start":{"line":100,"column":4},"end":{"line":100,"column":null}},"33":{"start":{"line":102,"column":2},"end":{"line":102,"column":null}},"34":{"start":{"line":106,"column":21},"end":{"line":106,"column":42}},"35":{"start":{"line":107,"column":2},"end":{"line":107,"column":null}},"36":{"start":{"line":107,"column":41},"end":{"line":107,"column":null}},"37":{"start":{"line":108,"column":14},"end":{"line":108,"column":41}},"38":{"start":{"line":109,"column":2},"end":{"line":109,"column":null}},"39":{"start":{"line":109,"column":16},"end":{"line":109,"column":null}},"40":{"start":{"line":110,"column":2},"end":{"line":110,"column":null}},"41":{"start":{"line":114,"column":2},"end":{"line":115,"column":null}},"42":{"start":{"line":115,"column":4},"end":{"line":115,"column":null}},"43":{"start":{"line":117,"column":2},"end":{"line":117,"column":null}},"44":{"start":{"line":121,"column":2},"end":{"line":136,"column":null}},"45":{"start":{"line":122,"column":17},"end":{"line":122,"column":43}},"46":{"start":{"line":123,"column":4},"end":{"line":127,"column":null}},"47":{"start":{"line":124,"column":6},"end":{"line":125,"column":null}},"48":{"start":{"line":125,"column":8},"end":{"line":125,"column":null}},"49":{"start":{"line":127,"column":6},"end":{"line":127,"column":null}},"50":{"start":{"line":129,"column":16},"end":{"line":129,"column":null}},"51":{"start":{"line":130,"column":19},"end":{"line":130,"column":34}},"52":{"start":{"line":131,"column":15},"end":{"line":131,"column":null}},"53":{"start":{"line":132,"column":4},"end":{"line":132,"column":null}},"54":{"start":{"line":132,"column":13},"end":{"line":132,"column":null}},"55":{"start":{"line":133,"column":4},"end":{"line":133,"column":null}},"56":{"start":{"line":135,"column":4},"end":{"line":135,"column":null}},"57":{"start":{"line":136,"column":4},"end":{"line":136,"column":null}},"58":{"start":{"line":141,"column":2},"end":{"line":148,"column":null}},"59":{"start":{"line":142,"column":20},"end":{"line":142,"column":51}},"60":{"start":{"line":143,"column":17},"end":{"line":143,"column":63}},"61":{"start":{"line":144,"column":4},"end":{"line":145,"column":null}},"62":{"start":{"line":145,"column":6},"end":{"line":145,"column":null}},"63":{"start":{"line":148,"column":4},"end":{"line":148,"column":null}},"64":{"start":{"line":153,"column":16},"end":{"line":153,"column":37}},"65":{"start":{"line":154,"column":2},"end":{"line":154,"column":null}},"66":{"start":{"line":154,"column":35},"end":{"line":154,"column":null}},"67":{"start":{"line":156,"column":2},"end":{"line":169,"column":null}},"68":{"start":{"line":157,"column":23},"end":{"line":157,"column":67}},"69":{"start":{"line":158,"column":19},"end":{"line":158,"column":51}},"70":{"start":{"line":159,"column":4},"end":{"line":160,"column":null}},"71":{"start":{"line":160,"column":6},"end":{"line":160,"column":null}},"72":{"start":{"line":162,"column":16},"end":{"line":162,"column":53}},"73":{"start":{"line":163,"column":4},"end":{"line":165,"column":null}},"74":{"start":{"line":164,"column":6},"end":{"line":164,"column":null}},"75":{"start":{"line":165,"column":6},"end":{"line":165,"column":null}},"76":{"start":{"line":167,"column":19},"end":{"line":167,"column":40}},"77":{"start":{"line":168,"column":4},"end":{"line":168,"column":null}},"78":{"start":{"line":168,"column":57},"end":{"line":168,"column":null}},"79":{"start":{"line":169,"column":4},"end":{"line":169,"column":null}},"80":{"start":{"line":172,"column":2},"end":{"line":172,"column":null}},"81":{"start":{"line":176,"column":19},"end":{"line":176,"column":54}},"82":{"start":{"line":177,"column":2},"end":{"line":177,"column":null}},"83":{"start":{"line":177,"column":16},"end":{"line":177,"column":null}},"84":{"start":{"line":179,"column":18},"end":{"line":179,"column":39}},"85":{"start":{"line":180,"column":2},"end":{"line":180,"column":null}},"86":{"start":{"line":180,"column":35},"end":{"line":180,"column":null}},"87":{"start":{"line":181,"column":21},"end":{"line":181,"column":65}},"88":{"start":{"line":182,"column":16},"end":{"line":182,"column":32}},"89":{"start":{"line":183,"column":2},"end":{"line":183,"column":null}},"90":{"start":{"line":184,"column":2},"end":{"line":184,"column":null}},"91":{"start":{"line":185,"column":2},"end":{"line":185,"column":null}},"92":{"start":{"line":189,"column":21},"end":{"line":189,"column":42}},"93":{"start":{"line":190,"column":2},"end":{"line":190,"column":null}},"94":{"start":{"line":190,"column":41},"end":{"line":190,"column":null}},"95":{"start":{"line":191,"column":16},"end":{"line":191,"column":37}},"96":{"start":{"line":192,"column":2},"end":{"line":192,"column":null}},"97":{"start":{"line":202,"column":8},"end":{"line":202,"column":null}},"98":{"start":{"line":203,"column":14},"end":{"line":203,"column":38}},"99":{"start":{"line":204,"column":2},"end":{"line":205,"column":null}},"100":{"start":{"line":205,"column":4},"end":{"line":205,"column":null}},"101":{"start":{"line":208,"column":2},"end":{"line":217,"column":null}},"102":{"start":{"line":209,"column":17},"end":{"line":209,"column":51}},"103":{"start":{"line":210,"column":21},"end":{"line":210,"column":40}},"104":{"start":{"line":211,"column":4},"end":{"line":212,"column":null}},"105":{"start":{"line":212,"column":6},"end":{"line":212,"column":null}},"106":{"start":{"line":214,"column":4},"end":{"line":214,"column":null}},"107":{"start":{"line":216,"column":4},"end":{"line":216,"column":null}},"108":{"start":{"line":217,"column":4},"end":{"line":217,"column":null}},"109":{"start":{"line":222,"column":2},"end":{"line":222,"column":null}},"110":{"start":{"line":222,"column":14},"end":{"line":222,"column":null}},"111":{"start":{"line":223,"column":2},"end":{"line":223,"column":null}},"112":{"start":{"line":223,"column":22},"end":{"line":223,"column":null}},"113":{"start":{"line":225,"column":2},"end":{"line":238,"column":null}},"114":{"start":{"line":226,"column":4},"end":{"line":236,"column":null}},"115":{"start":{"line":227,"column":19},"end":{"line":227,"column":100}},"116":{"start":{"line":228,"column":6},"end":{"line":232,"column":null}},"117":{"start":{"line":229,"column":8},"end":{"line":229,"column":null}},"118":{"start":{"line":231,"column":8},"end":{"line":231,"column":null}},"119":{"start":{"line":232,"column":8},"end":{"line":232,"column":null}},"120":{"start":{"line":235,"column":6},"end":{"line":235,"column":null}},"121":{"start":{"line":236,"column":6},"end":{"line":236,"column":null}},"122":{"start":{"line":240,"column":2},"end":{"line":240,"column":null}},"123":{"start":{"line":244,"column":2},"end":{"line":244,"column":null}},"124":{"start":{"line":244,"column":21},"end":{"line":244,"column":null}},"125":{"start":{"line":245,"column":2},"end":{"line":245,"column":null}},"126":{"start":{"line":249,"column":2},"end":{"line":249,"column":null}},"127":{"start":{"line":269,"column":2},"end":{"line":404,"column":null}},"128":{"start":{"line":271,"column":6},"end":{"line":271,"column":null}},"129":{"start":{"line":272,"column":6},"end":{"line":272,"column":null}},"130":{"start":{"line":276,"column":6},"end":{"line":276,"column":null}},"131":{"start":{"line":277,"column":24},"end":{"line":277,"column":57}},"132":{"start":{"line":278,"column":22},"end":{"line":278,"column":32}},"133":{"start":{"line":279,"column":6},"end":{"line":282,"column":null}},"134":{"start":{"line":287,"column":78},"end":{"line":287,"column":null}},"135":{"start":{"line":288,"column":6},"end":{"line":288,"column":null}},"136":{"start":{"line":289,"column":22},"end":{"line":289,"column":32}},"137":{"start":{"line":290,"column":24},"end":{"line":290,"column":57}},"138":{"start":{"line":291,"column":27},"end":{"line":291,"column":83}},"139":{"start":{"line":292,"column":18},"end":{"line":292,"column":28}},"140":{"start":{"line":294,"column":18},"end":{"line":294,"column":92}},"141":{"start":{"line":294,"column":43},"end":{"line":294,"column":92}},"142":{"start":{"line":296,"column":6},"end":{"line":322,"column":null}},"143":{"start":{"line":297,"column":25},"end":{"line":297,"column":null}},"144":{"start":{"line":298,"column":21},"end":{"line":298,"column":62}},"145":{"start":{"line":299,"column":8},"end":{"line":300,"column":null}},"146":{"start":{"line":300,"column":10},"end":{"line":300,"column":null}},"147":{"start":{"line":302,"column":8},"end":{"line":303,"column":null}},"148":{"start":{"line":303,"column":10},"end":{"line":303,"column":null}},"149":{"start":{"line":306,"column":31},"end":{"line":306,"column":98}},"150":{"start":{"line":306,"column":72},"end":{"line":306,"column":98}},"151":{"start":{"line":308,"column":8},"end":{"line":314,"column":null}},"152":{"start":{"line":316,"column":8},"end":{"line":322,"column":null}},"153":{"start":{"line":325,"column":6},"end":{"line":325,"column":null}},"154":{"start":{"line":326,"column":6},"end":{"line":326,"column":null}},"155":{"start":{"line":330,"column":6},"end":{"line":330,"column":null}},"156":{"start":{"line":331,"column":22},"end":{"line":331,"column":32}},"157":{"start":{"line":332,"column":18},"end":{"line":332,"column":28}},"158":{"start":{"line":333,"column":24},"end":{"line":333,"column":57}},"159":{"start":{"line":334,"column":18},"end":{"line":334,"column":92}},"160":{"start":{"line":334,"column":43},"end":{"line":334,"column":92}},"161":{"start":{"line":336,"column":6},"end":{"line":351,"column":null}},"162":{"start":{"line":337,"column":8},"end":{"line":343,"column":null}},"163":{"start":{"line":345,"column":8},"end":{"line":351,"column":null}},"164":{"start":{"line":354,"column":6},"end":{"line":354,"column":null}},"165":{"start":{"line":355,"column":6},"end":{"line":355,"column":null}},"166":{"start":{"line":359,"column":6},"end":{"line":359,"column":null}},"167":{"start":{"line":360,"column":22},"end":{"line":360,"column":32}},"168":{"start":{"line":361,"column":24},"end":{"line":361,"column":57}},"169":{"start":{"line":362,"column":18},"end":{"line":362,"column":92}},"170":{"start":{"line":362,"column":43},"end":{"line":362,"column":92}},"171":{"start":{"line":364,"column":6},"end":{"line":366,"column":null}},"172":{"start":{"line":366,"column":8},"end":{"line":366,"column":null}},"173":{"start":{"line":369,"column":6},"end":{"line":390,"column":null}},"174":{"start":{"line":370,"column":25},"end":{"line":370,"column":null}},"175":{"start":{"line":371,"column":20},"end":{"line":371,"column":87}},"176":{"start":{"line":371,"column":62},"end":{"line":371,"column":87}},"177":{"start":{"line":372,"column":36},"end":{"line":372,"column":46}},"178":{"start":{"line":373,"column":27},"end":{"line":373,"column":79}},"179":{"start":{"line":374,"column":46},"end":{"line":377,"column":null}},"180":{"start":{"line":378,"column":8},"end":{"line":378,"column":null}},"181":{"start":{"line":379,"column":8},"end":{"line":379,"column":null}},"182":{"start":{"line":380,"column":8},"end":{"line":380,"column":null}},"183":{"start":{"line":383,"column":8},"end":{"line":386,"column":null}},"184":{"start":{"line":384,"column":10},"end":{"line":384,"column":null}},"185":{"start":{"line":386,"column":10},"end":{"line":386,"column":null}},"186":{"start":{"line":390,"column":8},"end":{"line":390,"column":null}},"187":{"start":{"line":395,"column":6},"end":{"line":395,"column":null}},"188":{"start":{"line":396,"column":6},"end":{"line":402,"column":null}},"189":{"start":{"line":396,"column":60},"end":{"line":402,"column":9}},"190":{"start":{"line":407,"column":62},"end":{"line":407,"column":92}}},"fnMap":{"0":{"name":"emitDocConversationEvent","decl":{"start":{"line":28,"column":9},"end":{"line":28,"column":34}},"loc":{"start":{"line":28,"column":69},"end":{"line":34,"column":null}},"line":28},"1":{"name":"subscribeDocConversationEvents","decl":{"start":{"line":39,"column":16},"end":{"line":39,"column":47}},"loc":{"start":{"line":39,"column":99},"end":{"line":42,"column":null}},"line":39},"2":{"name":"(anonymous_2)","decl":{"start":{"line":41,"column":2},"end":{"line":41,"column":15}},"loc":{"start":{"line":41,"column":15},"end":{"line":42,"column":null}},"line":41},"3":{"name":"genSessionId","decl":{"start":{"line":46,"column":9},"end":{"line":46,"column":32}},"loc":{"start":{"line":46,"column":32},"end":{"line":47,"column":null}},"line":46},"4":{"name":"toDocMessages","decl":{"start":{"line":50,"column":9},"end":{"line":50,"column":null}},"loc":{"start":{"line":55,"column":28},"end":{"line":70,"column":null}},"line":55},"5":{"name":"(anonymous_5)","decl":{"start":{"line":59,"column":5},"end":{"line":59,"column":13}},"loc":{"start":{"line":59,"column":19},"end":{"line":59,"column":29}},"line":59},"6":{"name":"(anonymous_6)","decl":{"start":{"line":60,"column":5},"end":{"line":60,"column":10}},"loc":{"start":{"line":60,"column":41},"end":{"line":70,"column":7}},"line":60},"7":{"name":"normalizeDirPath","decl":{"start":{"line":89,"column":9},"end":{"line":89,"column":26}},"loc":{"start":{"line":89,"column":47},"end":{"line":94,"column":null}},"line":89},"8":{"name":"joinPath","decl":{"start":{"line":97,"column":9},"end":{"line":97,"column":18}},"loc":{"start":{"line":97,"column":57},"end":{"line":102,"column":null}},"line":97},"9":{"name":"getParentDir","decl":{"start":{"line":105,"column":9},"end":{"line":105,"column":22}},"loc":{"start":{"line":105,"column":50},"end":{"line":110,"column":null}},"line":105},"10":{"name":"genWorkspaceId","decl":{"start":{"line":113,"column":9},"end":{"line":113,"column":34}},"loc":{"start":{"line":113,"column":34},"end":{"line":117,"column":null}},"line":113},"11":{"name":"readWorkspaceConfig","decl":{"start":{"line":120,"column":15},"end":{"line":120,"column":35}},"loc":{"start":{"line":120,"column":88},"end":{"line":136,"column":null}},"line":120},"12":{"name":"writeWorkspaceConfig","decl":{"start":{"line":140,"column":15},"end":{"line":140,"column":36}},"loc":{"start":{"line":140,"column":83},"end":{"line":148,"column":null}},"line":140},"13":{"name":"resolveWorkspaceIdForDir","decl":{"start":{"line":152,"column":15},"end":{"line":152,"column":40}},"loc":{"start":{"line":152,"column":117},"end":{"line":172,"column":null}},"line":152},"14":{"name":"ensureWorkspaceIdForDir","decl":{"start":{"line":175,"column":15},"end":{"line":175,"column":39}},"loc":{"start":{"line":175,"column":116},"end":{"line":185,"column":null}},"line":175},"15":{"name":"getLastDirName","decl":{"start":{"line":188,"column":9},"end":{"line":188,"column":24}},"loc":{"start":{"line":188,"column":45},"end":{"line":192,"column":null}},"line":188},"16":{"name":"toStableDocPathKey","decl":{"start":{"line":201,"column":15},"end":{"line":201,"column":34}},"loc":{"start":{"line":201,"column":71},"end":{"line":217,"column":null}},"line":201},"17":{"name":"ensureLoaded","decl":{"start":{"line":221,"column":15},"end":{"line":221,"column":45}},"loc":{"start":{"line":221,"column":45},"end":{"line":240,"column":null}},"line":221},"18":{"name":"(anonymous_18)","decl":{"start":{"line":225,"column":20},"end":{"line":225,"column":32}},"loc":{"start":{"line":225,"column":32},"end":{"line":238,"column":null}},"line":225},"19":{"name":"getCache","decl":{"start":{"line":243,"column":9},"end":{"line":243,"column":45}},"loc":{"start":{"line":243,"column":45},"end":{"line":245,"column":null}},"line":243},"20":{"name":"persist","decl":{"start":{"line":248,"column":15},"end":{"line":248,"column":23}},"loc":{"start":{"line":248,"column":72},"end":{"line":249,"column":null}},"line":248},"21":{"name":"createDocConversationService","decl":{"start":{"line":268,"column":16},"end":{"line":268,"column":71}},"loc":{"start":{"line":268,"column":71},"end":{"line":404,"column":null}},"line":268},"22":{"name":"(anonymous_22)","decl":{"start":{"line":270,"column":10},"end":{"line":270,"column":54}},"loc":{"start":{"line":270,"column":54},"end":{"line":272,"column":null}},"line":270},"23":{"name":"(anonymous_23)","decl":{"start":{"line":275,"column":10},"end":{"line":275,"column":23}},"loc":{"start":{"line":275,"column":79},"end":{"line":282,"column":null}},"line":275},"24":{"name":"(anonymous_24)","decl":{"start":{"line":286,"column":10},"end":{"line":286,"column":26}},"loc":{"start":{"line":286,"column":50},"end":{"line":326,"column":null}},"line":286},"25":{"name":"(anonymous_25)","decl":{"start":{"line":294,"column":26},"end":{"line":294,"column":37}},"loc":{"start":{"line":294,"column":43},"end":{"line":294,"column":92}},"line":294},"26":{"name":"(anonymous_26)","decl":{"start":{"line":306,"column":57},"end":{"line":306,"column":63}},"loc":{"start":{"line":306,"column":72},"end":{"line":306,"column":98}},"line":306},"27":{"name":"(anonymous_27)","decl":{"start":{"line":329,"column":10},"end":{"line":329,"column":25}},"loc":{"start":{"line":329,"column":57},"end":{"line":355,"column":null}},"line":329},"28":{"name":"(anonymous_28)","decl":{"start":{"line":334,"column":26},"end":{"line":334,"column":37}},"loc":{"start":{"line":334,"column":43},"end":{"line":334,"column":92}},"line":334},"29":{"name":"(anonymous_29)","decl":{"start":{"line":358,"column":10},"end":{"line":358,"column":28}},"loc":{"start":{"line":358,"column":60},"end":{"line":390,"column":null}},"line":358},"30":{"name":"(anonymous_30)","decl":{"start":{"line":362,"column":26},"end":{"line":362,"column":37}},"loc":{"start":{"line":362,"column":43},"end":{"line":362,"column":92}},"line":362},"31":{"name":"(anonymous_31)","decl":{"start":{"line":371,"column":50},"end":{"line":371,"column":62}},"loc":{"start":{"line":371,"column":62},"end":{"line":371,"column":87}},"line":371},"32":{"name":"(anonymous_32)","decl":{"start":{"line":394,"column":10},"end":{"line":394,"column":56}},"loc":{"start":{"line":394,"column":56},"end":{"line":402,"column":null}},"line":394},"33":{"name":"(anonymous_33)","decl":{"start":{"line":396,"column":24},"end":{"line":396,"column":53}},"loc":{"start":{"line":396,"column":60},"end":{"line":402,"column":9}},"line":396}},"branchMap":{"0":{"loc":{"start":{"line":29,"column":2},"end":{"line":29,"column":null}},"type":"if","locations":[{"start":{"line":29,"column":2},"end":{"line":29,"column":null}},{"start":{},"end":{}}],"line":29},"1":{"loc":{"start":{"line":90,"column":2},"end":{"line":90,"column":null}},"type":"if","locations":[{"start":{"line":90,"column":2},"end":{"line":90,"column":null}},{"start":{},"end":{}}],"line":90},"2":{"loc":{"start":{"line":92,"column":2},"end":{"line":92,"column":null}},"type":"if","locations":[{"start":{"line":92,"column":2},"end":{"line":92,"column":null}},{"start":{},"end":{}}],"line":92},"3":{"loc":{"start":{"line":93,"column":2},"end":{"line":93,"column":null}},"type":"if","locations":[{"start":{"line":93,"column":2},"end":{"line":93,"column":null}},{"start":{},"end":{}}],"line":93},"4":{"loc":{"start":{"line":99,"column":2},"end":{"line":100,"column":null}},"type":"if","locations":[{"start":{"line":99,"column":2},"end":{"line":100,"column":null}},{"start":{},"end":{}}],"line":99},"5":{"loc":{"start":{"line":99,"column":6},"end":{"line":99,"column":47}},"type":"binary-expr","locations":[{"start":{"line":99,"column":6},"end":{"line":99,"column":24}},{"start":{"line":99,"column":24},"end":{"line":99,"column":47}}],"line":99},"6":{"loc":{"start":{"line":107,"column":2},"end":{"line":107,"column":null}},"type":"if","locations":[{"start":{"line":107,"column":2},"end":{"line":107,"column":null}},{"start":{},"end":{}}],"line":107},"7":{"loc":{"start":{"line":107,"column":6},"end":{"line":107,"column":41}},"type":"binary-expr","locations":[{"start":{"line":107,"column":6},"end":{"line":107,"column":21}},{"start":{"line":107,"column":21},"end":{"line":107,"column":41}}],"line":107},"8":{"loc":{"start":{"line":109,"column":2},"end":{"line":109,"column":null}},"type":"if","locations":[{"start":{"line":109,"column":2},"end":{"line":109,"column":null}},{"start":{},"end":{}}],"line":109},"9":{"loc":{"start":{"line":114,"column":2},"end":{"line":115,"column":null}},"type":"if","locations":[{"start":{"line":114,"column":2},"end":{"line":115,"column":null}},{"start":{},"end":{}}],"line":114},"10":{"loc":{"start":{"line":114,"column":6},"end":{"line":114,"column":63}},"type":"binary-expr","locations":[{"start":{"line":114,"column":6},"end":{"line":114,"column":39}},{"start":{"line":114,"column":39},"end":{"line":114,"column":63}}],"line":114},"11":{"loc":{"start":{"line":123,"column":4},"end":{"line":127,"column":null}},"type":"if","locations":[{"start":{"line":123,"column":4},"end":{"line":127,"column":null}},{"start":{},"end":{}}],"line":123},"12":{"loc":{"start":{"line":124,"column":6},"end":{"line":125,"column":null}},"type":"if","locations":[{"start":{"line":124,"column":6},"end":{"line":125,"column":null}},{"start":{},"end":{}}],"line":124},"13":{"loc":{"start":{"line":131,"column":15},"end":{"line":131,"column":null}},"type":"cond-expr","locations":[{"start":{"line":131,"column":48},"end":{"line":131,"column":64}},{"start":{"line":131,"column":67},"end":{"line":131,"column":null}}],"line":131},"14":{"loc":{"start":{"line":132,"column":4},"end":{"line":132,"column":null}},"type":"if","locations":[{"start":{"line":132,"column":4},"end":{"line":132,"column":null}},{"start":{},"end":{}}],"line":132},"15":{"loc":{"start":{"line":144,"column":4},"end":{"line":145,"column":null}},"type":"if","locations":[{"start":{"line":144,"column":4},"end":{"line":145,"column":null}},{"start":{},"end":{}}],"line":144},"16":{"loc":{"start":{"line":154,"column":2},"end":{"line":154,"column":null}},"type":"if","locations":[{"start":{"line":154,"column":2},"end":{"line":154,"column":null}},{"start":{},"end":{}}],"line":154},"17":{"loc":{"start":{"line":154,"column":6},"end":{"line":154,"column":35}},"type":"binary-expr","locations":[{"start":{"line":154,"column":6},"end":{"line":154,"column":18}},{"start":{"line":154,"column":18},"end":{"line":154,"column":35}}],"line":154},"18":{"loc":{"start":{"line":159,"column":4},"end":{"line":160,"column":null}},"type":"if","locations":[{"start":{"line":159,"column":4},"end":{"line":160,"column":null}},{"start":{},"end":{}}],"line":159},"19":{"loc":{"start":{"line":163,"column":4},"end":{"line":165,"column":null}},"type":"if","locations":[{"start":{"line":163,"column":4},"end":{"line":165,"column":null}},{"start":{},"end":{}}],"line":163},"20":{"loc":{"start":{"line":163,"column":8},"end":{"line":163,"column":23}},"type":"binary-expr","locations":[{"start":{"line":163,"column":8},"end":{"line":163,"column":15}},{"start":{"line
[...]
[1]},"meta":{"lastBranch":40,"lastFunction":25,"lastStatement":115,"seen":{"s:7:16:7:Infinity":0,"s:9:6:12:Infinity":1,"f:9:6:9:Infinity":0,"s:10:2:12:Infinity":2,"b:11:6:11:25:12:6:12:Infinity":0,"b:10:2:10:35:10:35:10:Infinity":1,"s:45:6:65:Infinity":3,"f:45:6:45:17":1,"b:47:4:48:Infinity:49:4:50:Infinity:51:4:52:Infinity:53:4:54:Infinity:55:4:56:Infinity:57:4:58:Infinity:59:4:60:Infinity:61:4:62:Infinity:63:4:63:Infinity:64:4:65:Infinity":2,"s:46:2:65:Infinity":4,"s:48:6:48:Infinity":5,"s:50:6:50:Infinity":6,"s:52:6:52:Infinity":7,"s:54:6:54:Infinity":8,"s:56:6:56:Infinity":9,"s:58:6:58:Infinity":10,"s:60:6:60:Infinity":11,"s:62:6:62:Infinity":12,"s:65:6:65:Infinity":13,"s:69:6:73:Infinity":14,"f:69:6:69:17":2,"s:69:80:73:Infinity":15,"b:72:11:72:29:72:29:72:Infinity":3,"s:75:6:81:Infinity":16,"f:75:6:75:24":3,"b:76:2:78:Infinity:undefined:undefined:undefined:undefined":4,"s:76:2:78:Infinity":17,"s:77:20:77:Infinity":18,"s:78:4:78:Infinity":19,"s:80:20:80:Infinity":20,"s:81:2:81:Infinity":21,"s:84:6:87:Infinity":22,"f:84:6:84:22":4,"s:84:58:87:Infinity":23,"s:89:6:95:Infinity":24,"f:89:6:89:17":5,"s:89:53:95:Infinity":25,"s:97:6:116:Infinity":26,"f:97:6:97:24":6,"b:98:2:105:Infinity:undefined:undefined:undefined:undefined":5,"s:98:2:105:Infinity":27,"s:99:4:105:Infinity":28,"b:103:17:103:33:103:33:103:Infinity":6,"s:107:2:116:Infinity":29,"s:119:6:124:Infinity":30,"f:119:6:119:19":7,"s:119:56:124:Infinity":31,"s:126:6:131:Infinity":32,"f:126:6:126:20":8,"s:126:57:131:Infinity":33,"b:130:30:130:38:130:38:130:Infinity":7,"f:133:22:133:31":9,"b:133:55:133:68":8,"b:134:2:134:Infinity:undefined:undefined:undefined:undefined":9,"s:134:2:134:Infinity":34,"s:134:18:134:Infinity":35,"s:135:2:139:Infinity":36,"s:136:17:136:99":37,"s:137:4:137:Infinity":38,"s:139:4:139:Infinity":39,"f:143:22:143:32":10,"s:150:18:150:49":40,"b:150:18:150:36:150:36:150:49":10,"b:151:2:151:Infinity:undefined:undefined:undefined:undefined":11,"s:151:2:151:Infinity":41,"s:151:18:151:Infinity":42,"s:152:2:165:Infinity":43,"s:153:17:159:6":44,"b:160:4:161:Infinity:undefined:undefined:undefined:undefined":12,"s:160:4:161:Infinity":45,"s:161:6:161:Infinity":46,"s:163:4:163:Infinity":47,"s:165:4:165:Infinity":48,"f:169:22:169:33":11,"b:169:43:169:56":13,"s:171:2:171:Infinity":49,"f:174:22:174:Infinity":12,"b:177:12:177:25":14,"b:179:2:179:Infinity:undefined:undefined:undefined:undefined":15,"s:179:2:179:Infinity":50,"s:179:18:179:Infinity":51,"s:180:2:188:Infinity":52,"s:181:17:185:6":53,"s:186:4:186:Infinity":54,"f:186:20:186:27":13,"s:186:36:186:55":55,"s:188:4:188:Infinity":56,"f:192:22:192:36":14,"b:192:79:192:92":16,"b:193:2:193:Infinity:undefined:undefined:undefined:undefined":17,"s:193:2:193:Infinity":57,"s:193:18:193:Infinity":58,"s:194:2:203:Infinity":59,"s:196:17:196:111":60,"b:198:4:199:Infinity:undefined:undefined:undefined:undefined":18,"s:198:4:199:Infinity":61,"s:199:6:199:Infinity":62,"s:201:4:201:Infinity":63,"s:203:4:203:Infinity":64,"f:207:22:207:40":15,"b:207:50:207:63":19,"b:208:2:208:Infinity:undefined:undefined:undefined:undefined":20,"s:208:2:208:Infinity":65,"s:208:18:208:Infinity":66,"s:209:2:216:Infinity":67,"s:210:17:210:92":68,"b:211:4:212:Infinity:undefined:undefined:undefined:undefined":21,"s:211:4:212:Infinity":69,"s:212:6:212:Infinity":70,"s:214:4:214:Infinity":71,"s:216:4:216:Infinity":72,"f:220:22:220:41":16,"b:220:65:220:78":22,"b:221:2:221:Infinity:undefined:undefined:undefined:undefined":23,"s:221:2:221:Infinity":73,"s:221:18:221:Infinity":74,"s:222:2:229:Infinity":75,"s:223:17:223:105":76,"b:224:4:225:Infinity:undefined:undefined:undefined:undefined":24,"s:224:4:225:Infinity":77,"s:225:6:225:Infinity":78,"s:227:4:227:Infinity":79,"s:229:4:229:Infinity":80,"f:233:22:233:33":17,"b:233:57:233:70":25,"b:234:2:234:Infinity:undefined:undefined:undefined:undefined":26,"s:234:2:234:Infinity":81,"s:234:18:234:Infinity":82,"s:235:2:239:Infinity":83,"s:236:17:236:106":84,"s:237:4:237:Infinity":85,"f:237:20:237:27":18,"s:237:36:237:56":86,"s:239:4:239:Infinity":87,"f:243:22:243:36":19,"b:243:60:243:73":27,"b:244:2:244:Infinity:undefined:undefined:undefined:undefined":28,"s:244:2:244:Infinity":88,"s:244:18:244:Infinity":89,"s:245:2:252:Infinity":90,"s:246:17:246:101":91,"b:247:4:248:Infinity:undefined:undefined:undefined:undefined":29,"s:247:4:248:Infinity":92,"s:248:6:248:Infinity":93,"s:250:4:250:Infinity":94,"s:252:4:252:Infinity":95,"f:256:22:256:35":20,"b:256:59:256:72":30,"b:257:2:257:Infinity:undefined:undefined:undefined:undefined":31,"s:257:2:257:Infinity":96,"s:257:18:257:Infinity":97,"s:258:2:265:Infinity":98,"s:259:17:259:99":99,"b:260:4:261:Infinity:undefined:undefined:undefined:undefined":32,"s:260:4:261:Infinity":100,"s:261:6:261:Infinity":101,"s:263:4:263:Infinity":102,"s:265:4:265:Infinity":103,"s:269:6:273:Infinity":104,"f:269:6:269:30":21,"s:270:14:270:Infinity":105,"s:271:14:271:117":106,"b:271:55:271:69:271:69:271:117":33,"b:271:14:271:21:271:21:271:55":34,"b:271:92:271:106:271:106:271:117":35,"s:272:15:272:Infinity":107,"b:272:54:272:81:272:81:272:Infinity":36,"b:272:15:272:22:272:22:272:54":37,"s:273:2:273:Infinity":108,"b:273:61:273:68:273:68:273:76":38,"s:276:13:279:Infinity":109,"f:276:13:276:28":22,"b:276:75:276:115":39,"s:277:17:277:76":110,"f:277:33:277:41":23,"s:277:50:277:75":111,"s:278:2:278:Infinity":112,"f:278:9:278:15":24,"s:278:24:278:56":113,"s:279:2:279:Infinity":114}}}
,"/Users/yfhao/Documents/study/markdown/app/src/modules/files/serviceTestHelpers.ts": {"path":"/Users/yfhao/Documents/study/markdown/app/src/modules/files/serviceTestHelpers.ts","statementMap":{"0":{"start":{"line":13,"column":13},"end":{"line":33,"column":null}},"1":{"start":{"line":14,"column":2},"end":{"line":33,"column":null}},"2":{"start":{"line":16,"column":6},"end":{"line":16,"column":null}},"3":{"start":{"line":18,"column":6},"end":{"line":18,"column":null}},"4":{"start":{"line":20,"column":6},"end":{"line":20,"column":null}},"5":{"start":{"line":22,"column":6},"end":{"line":22,"column":null}},"6":{"start":{"line":24,"column":6},"end":{"line":24,"column":null}},"7":{"start":{"line":26,"column":6},"end":{"line":26,"column":null}},"8":{"start":{"line":28,"column":6},"end":{"line":28,"column":null}},"9":{"start":{"line":30,"column":6},"end":{"line":30,"column":null}},"10":{"start":{"line":33,"column":6},"end":{"line":33,"column":null}},"11":{"start":{"line":37,"column":13},"end":{"line":41,"column":null}},"12":{"start":{"line":38,"column":14},"end":{"line":38,"column":null}},"13":{"start":{"line":39,"column":14},"end":{"line":39,"column":117}},"14":{"start":{"line":40,"column":15},"end":{"line":40,"column":null}},"15":{"start":{"line":41,"column":2},"end":{"line":41,"column":null}}},"fnMap":{"0":{"name":"(anonymous_0)","decl":{"start":{"line":13,"column":13},"end":{"line":13,"column":31}},"loc":{"start":{"line":13,"column":75},"end":{"line":33,"column":null}},"line":13},"1":{"name":"(anonymous_1)","decl":{"start":{"line":37,"column":13},"end":{"line":37,"column":44}},"loc":{"start":{"line":37,"column":76},"end":{"line":41,"column":null}},"line":37}},"branchMap":{"0":{"loc":{"start":{"line":14,"column":2},"end":{"line":33,"column":null}},"type":"switch","locations":[{"start":{"line":15,"column":4},"end":{"line":16,"column":null}},{"start":{"line":17,"column":4},"end":{"line":18,"column":null}},{"start":{"line":19,"column":4},"end":{"line":20,"column":null}},{"start":{"line":21,"column":4},"end":{"line":22,"column":null}},{"start":{"line":23,"column":4},"end":{"line":24,"column":null}},{"start":{"line":25,"column":4},"end":{"line":26,"column":null}},{"start":{"line":27,"column":4},"end":{"line":28,"column":null}},{"start":{"line":29,"column":4},"end":{"line":30,"column":null}},{"start":{"line":31,"column":4},"end":{"line":31,"column":null}},{"start":{"line":32,"column":4},"end":{"line":33,"column":null}}],"line":14},"1":{"loc":{"start":{"line":39,"column":14},"end":{"line":39,"column":117}},"type":"cond-expr","locations":[{"start":{"line":39,"column":55},"end":{"line":39,"column":69}},{"start":{"line":39,"column":69},"end":{"line":39,"column":117}}],"line":39},"2":{"loc":{"start":{"line":39,"column":14},"end":{"line":39,"column":55}},"type":"binary-expr","locations":[{"start":{"line":39,"column":14},"end":{"line":39,"column":21}},{"start":{"line":39,"column":21},"end":{"line":39,"column":55}}],"line":39},"3":{"loc":{"start":{"line":39,"column":69},"end":{"line":39,"column":117}},"type":"cond-expr","locations":[{"start":{"line":39,"column":92},"end":{"line":39,"column":106}},{"start":{"line":39,"column":106},"end":{"line":39,"column":117}}],"line":39},"4":{"loc":{"start":{"line":40,"column":15},"end":{"line":40,"column":null}},"type":"cond-expr","locations":[{"start":{"line":40,"column":54},"end":{"line":40,"column":81}},{"start":{"line":40,"column":81},"end":{"line":40,"column":null}}],"line":40},"5":{"loc":{"start":{"line":40,"column":15},"end":{"line":40,"column":54}},"type":"binary-expr","locations":[{"start":{"line":40,"column":15},"end":{"line":40,"column":22}},{"start":{"line":40,"column":22},"end":{"line":40,"column":54}}],"line":40},"6":{"loc":{"start":{"line":41,"column":68},"end":{"line":41,"column":83}},"type":"binary-expr","locations":[{"start":{"line":41,"column":68},"end":{"line":41,"column":75}},{"start":{"line":41,"column":75},"end":{"line":41,"column":83}}],"line":41}},"s":{"0":1,"1":7,"2":1,"3":0,"4":2,"5":1,"6":1,"7":0,"8":0,"9":0,"10":2,"11":1,"12":2,"13":2,"14":2,"15":2},"f":{"0":7,"1":2},"b":{"0":[1,0,2,1,1,0,0,0,2,2],"1":[2,0],"2":[2,2],"3":[0,0],"4":[1,1],"5":[2,2],"6":[2,0]},"meta":{"lastBranch":7,"lastFunction":2,"lastStatement":16,"seen":{"s:13:13:33:Infinity":0,"f:13:13:13:31":0,"b:15:4:16:Infinity:17:4:18:Infinity:19:4:20:Infinity:21:4:22:Infinity:23:4:24:Infinity:25:4:26:Infinity:27:4:28:Infinity:29:4:30:Infinity:31:4:31:Infinity:32:4:33:Infinity":0,"s:14:2:33:Infinity":1,"s:16:6:16:Infinity":2,"s:18:6:18:Infinity":3,"s:20:6:20:Infinity":4,"s:22:6:22:Infinity":5,"s:24:6:24:Infinity":6,"s:26:6:26:Infinity":7,"s:28:6:28:Infinity":8,"s:30:6:30:Infinity":9,"s:33:6:33:Infinity":10,"s:37:13:41:Infinity":11,"f:37:13:37:44":1,"s:38:14:38:Infinity":12,"s:39:14:39:117":13,"b:39:55:39:69:39:69:39:117":1,"b:39:14:39:21:39:21:39:55":2,"b:39:92:39:106:39:106:39:117":3,"s:40:15:40:Infinity":14,"b:40:54:40:81:40:81:40:Infinity":4,"b:40:15:40:22:40:22:40:54":5,"s:41:2:41:Infinity":15,"b:41:68:41:75:41:75:41:83":6}}}
,"/Users/yfhao/Documents/study/markdown/app/src/modules/platform/runtime.ts": {"path":"/Users/yfhao/Documents/study/markdown/app/src/modules/platform/runtime.ts","statementMap":{"0":{"start":{"line":1,"column":13},"end":{"line":3,"column":null}},"1":{"start":{"line":2,"column":2},"end":{"line":3,"column":null}}},"fnMap":{"0":{"name":"(anonymous_0)","decl":{"start":{"line":1,"column":13},"end":{"line":1,"column":null}},"loc":{"start":{"line":2,"column":2},"end":{"line":3,"column":null}},"line":2}},"branchMap":{"0":{"loc":{"start":{"line":2,"column":2},"end":{"line":3,"column":null}},"type":"binary-expr","locations":[{"start":{"line":2,"column":2},"end":{"line":2,"column":null}},{"start":{"line":3,"column":3},"end":{"line":3,"column":47}},{"start":{"line":3,"column":51},"end":{"line":3,"column":85}}],"line":2}},"s":{"0":2,"1":0},"f":{"0":0},"b":{"0":[0,0,0]},"meta":{"lastBranch":1,"lastFunction":1,"lastStatement":2,"seen":{"s:1:13:3:Infinity":0,"f:1:13:1:Infinity":0,"s:2:2:3:Infinity":1,"b:2:2:2:Infinity:3:3:3:47:3:51:3:85":0}}}
,"/Users/yfhao/Documents/study/markdown/app/src/modules/settings/editorSettings.ts": {"path":"/Users/yfhao/Documents/study/markdown/app/src/modules/settings/editorSettings.ts","statementMap":{"0":{"start":{"line":29,"column":50},"end":{"line":34,"column":null}},"1":{"start":{"line":36,"column":50},"end":{"line":41,"column":null}},"2":{"start":{"line":43,"column":42},"end":{"line":46,"column":null}},"3":{"start":{"line":48,"column":44},"end":{"line":48,"column":null}},"4":{"start":{"line":51,"column":2},"end":{"line":51,"column":null}},"5":{"start":{"line":51,"column":22},"end":{"line":51,"column":null}},"6":{"start":{"line":52,"column":2},"end":{"line":65,"column":null}},"7":{"start":{"line":53,"column":17},"end":{"line":53,"column":84}},"8":{"start":{"line":54,"column":4},"end":{"line":57,"column":null}},"9":{"start":{"line":55,"column":23},"end":{"line":55,"column":41}},"10":{"start":{"line":56,"column":6},"end":{"line":56,"column":null}},"11":{"start":{"line":57,"column":6},"end":{"line":57,"column":null}},"12":{"start":{"line":59,"column":4},"end":{"line":59,"column":null}},"13":{"start":{"line":60,"column":4},"end":{"line":60,"column":null}},"14":{"start":{"line":61,"column":4},"end":{"line":61,"column":null}},"15":{"start":{"line":63,"column":4},"end":{"line":63,"column":null}},"16":{"start":{"line":64,"column":4},"end":{"line":64,"column":null}},"17":{"start":{"line":65,"column":4},"end":{"line":65,"column":null}},"18":{"start":{"line":70,"column":19},"end":{"line":70,"column":45}},"19":{"start":{"line":71,"column":14},"end":{"line":71,"column":42}},"20":{"start":{"line":72,"column":2},"end":{"line":77,"column":null}},"21":{"start":{"line":81,"column":19},"end":{"line":81,"column":45}},"22":{"start":{"line":82,"column":14},"end":{"line":82,"column":36}},"23":{"start":{"line":83,"column":2},"end":{"line":88,"column":null}},"24":{"start":{"line":92,"column":19},"end":{"line":92,"column":45}},"25":{"start":{"line":93,"column":14},"end":{"line":93,"column":35}},"26":{"start":{"line":94,"column":2},"end":{"line":97,"column":null}}},"fnMap":{"0":{"name":"loadEditorSettings","decl":{"start":{"line":50,"column":22},"end":{"line":50,"column":68}},"loc":{"start":{"line":50,"column":68},"end":{"line":65,"column":null}},"line":50},"1":{"name":"getAiCompressionSettings","decl":{"start":{"line":69,"column":22},"end":{"line":69,"column":81}},"loc":{"start":{"line":69,"column":81},"end":{"line":77,"column":null}},"line":69},"2":{"name":"getHugeDocSettings","decl":{"start":{"line":80,"column":22},"end":{"line":80,"column":147}},"loc":{"start":{"line":80,"column":147},"end":{"line":88,"column":null}},"line":80},"3":{"name":"getAiChatUiSettings","decl":{"start":{"line":91,"column":22},"end":{"line":91,"column":71}},"loc":{"start":{"line":91,"column":71},"end":{"line":97,"column":null}},"line":91}},"branchMap":{"0":{"loc":{"start":{"line":51,"column":2},"end":{"line":51,"column":null}},"type":"if","locations":[{"start":{"line":51,"column":2},"end":{"line":51,"column":null}},{"start":{},"end":{}}],"line":51},"1":{"loc":{"start":{"line":54,"column":4},"end":{"line":57,"column":null}},"type":"if","locations":[{"start":{"line":54,"column":4},"end":{"line":57,"column":null}},{"start":{},"end":{}}],"line":54},"2":{"loc":{"start":{"line":55,"column":23},"end":{"line":55,"column":41}},"type":"binary-expr","locations":[{"start":{"line":55,"column":23},"end":{"line":55,"column":39}},{"start":{"line":55,"column":39},"end":{"line":55,"column":41}}],"line":55},"3":{"loc":{"start":{"line":71,"column":14},"end":{"line":71,"column":42}},"type":"binary-expr","locations":[{"start":{"line":71,"column":14},"end":{"line":71,"column":40}},{"start":{"line":71,"column":40},"end":{"line":71,"column":42}}],"line":71},"4":{"loc":{"start":{"line":73,"column":27},"end":{"line":73,"column":null}},"type":"binary-expr","locations":[{"start":{"line":73,"column":27},"end":{"line":73,"column":56}},{"start":{"line":73,"column":56},"end":{"line":73,"column":null}}],"line":73},"5":{"loc":{"start":{"line":74,"column":22},"end":{"line":74,"column":null}},"type":"binary-expr","locations":[{"start":{"line":74,"column":22},"end":{"line":74,"column":46}},{"start":{"line":74,"column":46},"end":{"line":74,"column":null}}],"line":74},"6":{"loc":{"start":{"line":75,"column":30},"end":{"line":75,"column":null}},"type":"binary-expr","locations":[{"start":{"line":75,"column":30},"end":{"line":75,"column":62}},{"start":{"line":75,"column":62},"end":{"line":75,"column":null}}],"line":75},"7":{"loc":{"start":{"line":76,"column":32},"end":{"line":76,"column":null}},"type":"binary-expr","locations":[{"start":{"line":76,"column":32},"end":{"line":76,"column":66}},{"start":{"line":76,"column":66},"end":{"line":76,"column":null}}],"line":76},"8":{"loc":{"start":{"line":82,"column":14},"end":{"line":82,"column":36}},"type":"binary-expr","locations":[{"start":{"line":82,"column":14},"end":{"line":82,"column":34}},{"start":{"line":82,"column":34},"end":{"line":82,"column":36}}],"line":82},"9":{"loc":{"start":{"line":84,"column":13},"end":{"line":84,"column":null}},"type":"binary-expr","locations":[{"start":{"line":84,"column":13},"end":{"line":84,"column":28}},{"start":{"line":84,"column":28},"end":{"line":84,"column":null}}],"line":84},"10":{"loc":{"start":{"line":85,"column":19},"end":{"line":85,"column":null}},"type":"binary-expr","locations":[{"start":{"line":85,"column":19},"end":{"line":85,"column":40}},{"start":{"line":85,"column":40},"end":{"line":85,"column":null}}],"line":85},"11":{"loc":{"start":{"line":86,"column":23},"end":{"line":86,"column":null}},"type":"binary-expr","locations":[{"start":{"line":86,"column":23},"end":{"line":86,"column":48}},{"start":{"line":86,"column":48},"end":{"line":86,"column":null}}],"line":86},"12":{"loc":{"start":{"line":87,"column":19},"end":{"line":87,"column":null}},"type":"binary-expr","locations":[{"start":{"line":87,"column":19},"end":{"line":87,"column":40}},{"start":{"line":87,"column":40},"end":{"line":87,"column":null}}],"line":87},"13":{"loc":{"start":{"line":93,"column":14},"end":{"line":93,"column":35}},"type":"binary-expr","locations":[{"start":{"line":93,"column":14},"end":{"line":93,"column":33}},{"start":{"line":93,"column":33},"end":{"line":93,"column":35}}],"line":93},"14":{"loc":{"start":{"line":95,"column":30},"end":{"line":95,"column":null}},"type":"binary-expr","locations":[{"start":{"line":95,"column":30},"end":{"line":95,"column":62}},{"start":{"line":95,"column":62},"end":{"line":95,"column":null}}],"line":95},"15":{"loc":{"start":{"line":96,"column":28},"end":{"line":96,"column":null}},"type":"binary-expr","locations":[{"start":{"line":96,"column":28},"end":{"line":96,"column":58}},{"start":{"line":96,"column":58},"end":{"line":96,"column":null}}],"line":96}},"s":{"0":1,"1":1,"2":1,"3":1,"4":0,"5":0,"6":0,"7":0,"8":0,"9":0,"10":0,"11":0,"12":0,"13":0,"14":0,"15":0,"16":0,"17":0,"18":0,"19":0,"20":0,"21":0,"22":0,"23":0,"24":0,"25":0,"26":0},"f":{"0":0,"1":0,"2":0,"3":0},"b":{"0":[0,0],"1":[0,0],"2":[0,0],"3":[0,0],"4":[0,0],"5":[0,0],"6":[0,0],"7":[0,0],"8":[0,0],"9":[0,0],"10":[0,0],"11":[0,0],"12":[0,0],"13":[0,0],"14":[0,0],"15":[0,0]},"meta":{"lastBranch":16,"lastFunction":4,"lastStatement":27,"seen":{"s:29:50:34:Infinity":0,"s:36:50:41:Infinity":1,"s:43:42:46:Infinity":2,"s:48:44:48:Infinity":3,"f:50:22:50:68":0,"b:51:2:51:Infinity:undefined:undefined:undefined:undefined":0,"s:51:2:51:Infinity":4,"s:51:22:51:Infinity":5,"s:52:2:65:Infinity":6,"s:53:17:53:84":7,"b:54:4:57:Infinity:undefined:undefined:undefined:undefined":1,"s:54:4:57:Infinity":8,"s:55:23:55:41":9,"b:55:23:55:39:55:39:55:41":2,"s:56:6:56:Infinity":10,"s:57:6:57:Infinity":11,"s:59:4:59:Infinity":12,"s:60:4:60:Infinity":13,"s:61:4:61:Infinity":14,"s:63:4:63:Infinity":15,"s:64:4:64:Infinity":16,"s:65:4:65:Infinity":17,"f:69:22:69:81":1,"s:70:19:70:45":18,"s:71:14:71:42":19,"b:71:14:71:40:71:40:71:42":3,"s:72:2:77:Infinity":20,"b:73:27:73:56:73:56:73:Infinity":4,"b:74:22:74:46:74:46:74:Infinity":5,"b:75:30:75:62:75:62:75:Infinity":6,"b:76:32:76:66:76:66:76:Infinity":7,"f:80:22:80:147":2,"s:81:19:81:45":21,"s:82:14:82:36":22,"b:82:14:82:34:82:34:82:36":8,"s:83:2:88:Infinity":23,"b:84:13:84:28:84:28:84:Infinity":9,"b:85:19:85:40:85:40:85:Infinity":10,"b:86:23:86:48:86:48:86:Infinity":11,"b:87:19:87:40:87:40:87:Infinity":12,"f:91:22:91:71":3,"s:92:19:92:45":24,"s:93:14:93:35":25,"b:93:14:93:33:93:33:93:35":13,"s:94:2:97:Infinity":26,"b:95:30:95:62:95:62:95:Infinity":14,"b:96:28:96:58:96:58:96:Infinity":15}}}
}
