TN:
SF:src/components/ConfirmDialog.tsx
FN:15,ConfirmDialog
FN:39,(anonymous_1)
FN:56,(anonymous_2)
FN:62,(anonymous_3)
FN:75,(anonymous_4)
FN:81,(anonymous_5)
FN:83,(anonymous_6)
FN:98,(anonymous_7)
FN:123,(anonymous_8)
FNF:9
FNH:6
FNDA:12,ConfirmDialog
FNDA:13,(anonymous_1)
FNDA:12,(anonymous_2)
FNDA:12,(anonymous_3)
FNDA:2,(anonymous_4)
FNDA:0,(anonymous_5)
FNDA:0,(anonymous_6)
FNDA:0,(anonymous_7)
FNDA:2,(anonymous_8)
DA:26,12
DA:28,12
DA:29,12
DA:30,12
DA:31,12
DA:32,12
DA:39,12
DA:40,13
DA:41,0
DA:42,0
DA:43,0
DA:45,0
DA:46,0
DA:50,13
DA:56,12
DA:57,12
DA:58,12
DA:60,12
DA:61,12
DA:62,12
DA:63,6
DA:64,6
DA:65,6
DA:69,12
DA:70,12
DA:71,12
DA:75,12
DA:76,2
DA:77,0
DA:78,0
DA:79,0
DA:80,0
DA:81,0
DA:82,0
DA:83,0
DA:84,0
DA:86,0
DA:87,0
DA:89,0
DA:92,2
DA:93,1
DA:94,1
DA:95,1
DA:96,1
DA:97,1
DA:98,0
DA:99,0
DA:101,1
DA:102,1
DA:103,1
DA:104,0
DA:105,0
DA:106,0
DA:107,0
DA:109,1
DA:112,1
DA:113,1
DA:114,1
DA:118,12
DA:123,2
LF:60
LH:38
BRDA:18,0,0,12
BRDA:19,1,0,12
BRDA:21,2,0,12
BRDA:26,3,0,12
BRDA:26,3,1,12
BRDA:40,4,0,0
BRDA:40,4,1,13
BRDA:42,5,0,0
BRDA:42,5,1,0
BRDA:58,6,0,0
BRDA:58,6,1,12
BRDA:61,7,0,6
BRDA:61,7,1,6
BRDA:61,8,0,12
BRDA:61,8,1,6
BRDA:63,9,0,6
BRDA:63,9,1,0
BRDA:64,10,0,6
BRDA:64,10,1,0
BRDA:70,11,0,12
BRDA:70,11,1,0
BRDA:76,12,0,0
BRDA:76,12,1,2
BRDA:76,13,0,2
BRDA:76,13,1,2
BRDA:76,13,2,2
BRDA:76,13,3,2
BRDA:79,14,0,0
BRDA:79,14,1,0
BRDA:80,15,0,0
BRDA:80,15,1,0
BRDA:80,16,0,0
BRDA:80,16,1,0
BRDA:82,17,0,0
BRDA:82,17,1,0
BRDA:82,18,0,0
BRDA:82,18,1,0
BRDA:84,19,0,0
BRDA:84,19,1,0
BRDA:92,20,0,1
BRDA:92,20,1,1
BRDA:95,21,0,0
BRDA:95,21,1,1
BRDA:97,22,0,0
BRDA:97,22,1,1
BRDA:97,23,0,1
BRDA:97,23,1,1
BRDA:99,24,0,0
BRDA:99,24,1,0
BRDA:102,25,0,1
BRDA:102,25,1,0
BRDA:104,26,0,0
BRDA:104,26,1,0
BRDA:106,27,0,0
BRDA:106,27,1,0
BRDA:106,28,0,0
BRDA:106,28,1,0
BRDA:112,29,0,1
BRDA:112,29,1,0
BRDA:122,30,0,0
BRDA:122,30,1,12
BRDA:132,31,0,0
BRDA:132,31,1,12
BRDA:133,32,0,0
BRDA:133,32,1,12
BRDA:142,33,0,0
BRDA:142,33,1,0
BRF:67
BRH:30
end_of_record
TN:
SF:src/components/Sidebar.css
FNF:0
FNH:0
LF:0
LH:0
BRF:0
BRH:0
end_of_record
TN:
SF:src/components/Sidebar.tsx
FN:73,TreeNode
FN:86,(anonymous_1)
FN:90,(anonymous_2)
FN:120,(anonymous_3)
FN:153,(anonymous_4)
FN:159,(anonymous_5)
FN:179,InlineNewFileRow
FN:183,(anonymous_7)
FN:190,(anonymous_8)
FN:207,(anonymous_9)
FN:214,(anonymous_10)
FN:221,(anonymous_11)
FN:230,Sidebar
FN:232,(anonymous_13)
FN:241,(anonymous_14)
FN:243,(anonymous_15)
FN:253,(anonymous_16)
FN:272,(anonymous_17)
FN:290,(anonymous_18)
FN:303,(anonymous_19)
FN:307,(anonymous_20)
FN:308,(anonymous_21)
FN:337,(anonymous_22)
FN:347,(anonymous_23)
FN:357,(anonymous_24)
FN:367,(anonymous_25)
FN:376,(anonymous_26)
FN:380,(anonymous_27)
FN:415,(anonymous_28)
FN:452,(anonymous_29)
FN:455,(anonymous_30)
FN:456,(anonymous_31)
FN:457,(anonymous_32)
FN:465,(anonymous_33)
FN:468,(anonymous_34)
FN:471,(anonymous_35)
FNF:36
FNH:10
FNDA:2,TreeNode
FNDA:0,(anonymous_1)
FNDA:0,(anonymous_2)
FNDA:0,(anonymous_3)
FNDA:0,(anonymous_4)
FNDA:0,(anonymous_5)
FNDA:0,InlineNewFileRow
FNDA:0,(anonymous_7)
FNDA:0,(anonymous_8)
FNDA:0,(anonymous_9)
FNDA:0,(anonymous_10)
FNDA:0,(anonymous_11)
FNDA:8,Sidebar
FNDA:4,(anonymous_13)
FNDA:2,(anonymous_14)
FNDA:0,(anonymous_15)
FNDA:0,(anonymous_16)
FNDA:0,(anonymous_17)
FNDA:0,(anonymous_18)
FNDA:3,(anonymous_19)
FNDA:1,(anonymous_20)
FNDA:0,(anonymous_21)
FNDA:1,(anonymous_22)
FNDA:0,(anonymous_23)
FNDA:0,(anonymous_24)
FNDA:4,(anonymous_25)
FNDA:1,(anonymous_26)
FNDA:0,(anonymous_27)
FNDA:2,(anonymous_28)
FNDA:0,(anonymous_29)
FNDA:0,(anonymous_30)
FNDA:0,(anonymous_31)
FNDA:0,(anonymous_32)
FNDA:0,(anonymous_33)
FNDA:0,(anonymous_34)
FNDA:0,(anonymous_35)
DA:74,2
DA:75,2
DA:76,2
DA:78,2
DA:80,2
DA:81,1
DA:87,0
DA:88,0
DA:91,0
DA:92,0
DA:93,0
DA:94,0
DA:121,0
DA:147,1
DA:149,2
DA:154,0
DA:155,0
DA:156,0
DA:160,0
DA:161,0
DA:162,0
DA:163,0
DA:180,0
DA:181,0
DA:183,0
DA:184,0
DA:185,0
DA:186,0
DA:190,0
DA:191,0
DA:192,0
DA:193,0
DA:194,0
DA:196,0
DA:199,0
DA:200,0
DA:201,0
DA:203,0
DA:207,0
DA:215,0
DA:216,0
DA:217,0
DA:218,0
DA:222,0
DA:231,8
DA:232,8
DA:234,8
DA:241,8
DA:243,8
DA:244,0
DA:245,0
DA:250,0
DA:253,8
DA:254,0
DA:255,0
DA:256,0
DA:264,8
DA:266,8
DA:267,1
DA:273,0
DA:274,0
DA:285,7
DA:291,0
DA:292,0
DA:304,3
DA:307,1
DA:309,0
DA:310,0
DA:311,0
DA:338,1
DA:339,1
DA:340,1
DA:348,0
DA:349,0
DA:350,0
DA:358,0
DA:359,0
DA:360,0
DA:368,4
DA:369,4
DA:370,4
DA:371,4
DA:372,4
DA:377,1
DA:378,1
DA:381,0
DA:382,0
DA:383,0
DA:416,2
DA:453,0
DA:454,0
DA:455,0
DA:456,0
DA:457,0
DA:460,0
DA:461,0
DA:462,0
DA:464,0
DA:465,0
DA:467,0
DA:468,0
DA:470,0
DA:471,0
DA:474,0
LF:104
LH:31
BRDA:76,0,0,2
BRDA:76,0,1,2
BRDA:80,1,0,1
BRDA:80,1,1,1
BRDA:84,2,0,0
BRDA:84,2,1,1
BRDA:91,3,0,0
BRDA:91,3,1,0
BRDA:98,4,0,0
BRDA:98,4,1,1
BRDA:103,5,0,1
BRDA:103,5,1,0
BRDA:105,6,0,0
BRDA:105,6,1,0
BRDA:112,7,0,0
BRDA:112,7,1,0
BRDA:147,8,0,0
BRDA:147,8,1,1
BRDA:147,9,0,0
BRDA:147,9,1,1
BRDA:155,10,0,0
BRDA:155,10,1,0
BRDA:155,11,0,0
BRDA:155,11,1,0
BRDA:160,12,0,0
BRDA:160,12,1,0
BRDA:184,13,0,0
BRDA:184,13,1,0
BRDA:192,14,0,0
BRDA:192,14,1,0
BRDA:192,15,0,0
BRDA:192,15,1,0
BRDA:199,16,0,0
BRDA:199,16,1,0
BRDA:200,17,0,0
BRDA:200,17,1,0
BRDA:201,18,0,0
BRDA:201,18,1,0
BRDA:215,19,0,0
BRDA:215,19,1,0
BRDA:217,20,0,0
BRDA:217,20,1,0
BRDA:232,21,0,4
BRDA:232,21,1,0
BRDA:244,22,0,0
BRDA:244,22,1,0
BRDA:244,23,0,0
BRDA:244,23,1,0
BRDA:244,23,2,0
BRDA:264,24,0,0
BRDA:264,24,1,8
BRDA:266,25,0,1
BRDA:266,25,1,7
BRDA:266,26,0,8
BRDA:266,26,1,4
BRDA:299,27,0,7
BRDA:299,27,1,3
BRDA:306,28,0,0
BRDA:306,28,1,3
BRDA:328,29,0,8
BRDA:328,29,1,4
BRDA:365,30,0,4
BRDA:365,30,1,4
BRDA:368,31,0,4
BRDA:368,31,1,0
BRDA:371,32,0,4
BRDA:371,32,1,0
BRDA:375,33,0,0
BRDA:375,33,1,4
BRDA:393,34,0,1
BRDA:393,34,1,3
BRDA:398,35,0,4
BRDA:398,35,1,1
BRDA:400,36,0,1
BRDA:400,36,1,0
BRDA:407,37,0,1
BRDA:407,37,1,0
BRDA:447,38,0,8
BRDA:447,38,1,0
BRDA:447,38,2,0
BRDA:461,39,0,0
BRDA:461,39,1,0
BRDA:464,40,0,0
BRDA:464,40,1,0
BRDA:467,41,0,0
BRDA:467,41,1,0
BRDA:470,42,0,0
BRDA:470,42,1,0
BRF:88
BRH:32
end_of_record
TN:
SF:src/components/TabBar.css
FNF:0
FNH:0
LF:0
LH:0
BRF:0
BRH:0
end_of_record
TN:
SF:src/components/TabBar.tsx
FN:13,TabBar
FN:16,(anonymous_1)
FN:20,(anonymous_2)
FN:37,(anonymous_3)
FN:46,(anonymous_4)
FNF:5
FNH:4
FNDA:6,TabBar
FNDA:12,(anonymous_1)
FNDA:1,(anonymous_2)
FNDA:0,(anonymous_3)
FNDA:3,(anonymous_4)
DA:14,6
DA:17,12
DA:21,1
DA:27,1
DA:38,0
DA:39,0
DA:47,3
DA:48,3
DA:55,3
DA:56,1
DA:57,1
DA:58,1
DA:61,2
DA:62,1
DA:63,1
DA:64,1
DA:67,2
DA:68,2
LF:18
LH:16
BRDA:19,0,0,6
BRDA:19,0,1,6
BRDA:31,1,0,6
BRDA:31,1,1,6
BRDA:55,2,0,1
BRDA:55,2,1,2
BRDA:55,3,0,3
BRDA:55,3,1,2
BRDA:61,4,0,1
BRDA:61,4,1,1
BRDA:61,5,0,2
BRDA:61,5,1,1
BRDA:64,6,0,0
BRDA:64,6,1,1
BRF:14
BRH:13
end_of_record
TN:
SF:src/config/files.ts
FNF:0
FNH:0
DA:1,3
LF:1
LH:1
BRF:0
BRH:0
end_of_record
TN:
SF:src/docs/使用说明.md
FNF:0
FNH:0
LF:0
LH:0
BRF:0
BRH:0
end_of_record
TN:
SF:src/hooks/useWorkspaceLayout.ts
FN:11,useWorkspaceLayout
FN:12,(anonymous_1)
FN:17,(anonymous_2)
FN:23,(anonymous_3)
FN:34,(anonymous_4)
FN:39,(anonymous_5)
FN:45,(anonymous_6)
FN:50,(anonymous_7)
FN:55,(anonymous_8)
FN:59,(anonymous_9)
FN:63,(anonymous_10)
FN:68,(anonymous_11)
FN:79,(anonymous_12)
FN:80,(anonymous_13)
FN:92,(anonymous_14)
FN:95,(anonymous_15)
FN:101,(anonymous_16)
FNF:17
FNH:0
FNDA:0,useWorkspaceLayout
FNDA:0,(anonymous_1)
FNDA:0,(anonymous_2)
FNDA:0,(anonymous_3)
FNDA:0,(anonymous_4)
FNDA:0,(anonymous_5)
FNDA:0,(anonymous_6)
FNDA:0,(anonymous_7)
FNDA:0,(anonymous_8)
FNDA:0,(anonymous_9)
FNDA:0,(anonymous_10)
FNDA:0,(anonymous_11)
FNDA:0,(anonymous_12)
FNDA:0,(anonymous_13)
FNDA:0,(anonymous_14)
FNDA:0,(anonymous_15)
FNDA:0,(anonymous_16)
DA:5,1
DA:6,1
DA:7,1
DA:8,1
DA:9,1
DA:12,0
DA:13,0
DA:14,0
DA:15,0
DA:17,0
DA:18,0
DA:19,0
DA:20,0
DA:21,0
DA:23,0
DA:24,0
DA:25,0
DA:26,0
DA:27,0
DA:28,0
DA:30,0
DA:31,0
DA:34,0
DA:35,0
DA:37,0
DA:39,0
DA:40,0
DA:41,0
DA:42,0
DA:45,0
DA:46,0
DA:50,0
DA:51,0
DA:52,0
DA:55,0
DA:56,0
DA:59,0
DA:60,0
DA:63,0
DA:64,0
DA:68,0
DA:69,0
DA:70,0
DA:72,0
DA:73,0
DA:74,0
DA:76,0
DA:79,0
DA:80,0
DA:81,0
DA:82,0
DA:83,0
DA:84,0
DA:85,0
DA:86,0
DA:87,0
DA:89,0
DA:92,0
DA:93,0
DA:94,0
DA:95,0
DA:96,0
DA:97,0
DA:101,0
DA:102,0
DA:103,0
DA:106,0
LF:67
LH:5
BRDA:13,0,0,0
BRDA:13,0,1,0
BRDA:15,1,0,0
BRDA:15,1,1,0
BRDA:18,2,0,0
BRDA:18,2,1,0
BRDA:20,3,0,0
BRDA:20,3,1,0
BRDA:24,4,0,0
BRDA:24,4,1,0
BRDA:26,5,0,0
BRDA:26,5,1,0
BRDA:28,6,0,0
BRDA:28,6,1,0
BRDA:35,7,0,0
BRDA:35,7,1,0
BRDA:37,8,0,0
BRDA:37,8,1,0
BRDA:51,9,0,0
BRDA:51,9,1,0
BRDA:64,10,0,0
BRDA:64,10,1,0
BRDA:72,11,0,0
BRDA:72,11,1,0
BRDA:73,12,0,0
BRDA:73,12,1,0
BRDA:74,13,0,0
BRDA:74,13,1,0
BRDA:81,14,0,0
BRDA:81,14,1,0
BRDA:81,15,0,0
BRDA:81,15,1,0
BRDA:86,16,0,0
BRDA:86,16,1,0
BRDA:92,17,0,0
BRDA:92,17,1,0
BRF:36
BRH:0
end_of_record
TN:
SF:src/modules/ai/promptSettings.ts
FN:30,loadPromptSettingsStateWithBuiltin
FN:37,(anonymous_1)
FN:37,(anonymous_2)
FN:42,(anonymous_3)
FNF:4
FNH:4
FNDA:3,loadPromptSettingsStateWithBuiltin
FNDA:2,(anonymous_1)
FNDA:3,(anonymous_2)
FNDA:5,(anonymous_3)
DA:31,3
DA:32,3
DA:35,3
DA:37,3
DA:40,3
DA:42,5
DA:44,3
DA:48,3
LF:8
LH:8
BRDA:32,0,0,3
BRDA:32,0,1,0
BRDA:42,1,0,3
BRDA:42,1,1,2
BRDA:44,2,0,1
BRDA:44,2,1,2
BRF:6
BRH:5
end_of_record
TN:
SF:src/modules/ai/settings.ts
FNF:0
FNH:0
LF:0
LH:0
BRF:0
BRH:0
end_of_record
TN:
SF:src/modules/ai/streamingClientFactory.ts
FN:11,createStreamingClientFromSettings
FNF:1
FNH:0
FNDA:0,createStreamingClientFromSettings
DA:17,0
DA:18,0
DA:19,0
DA:20,0
DA:22,0
DA:23,0
DA:26,0
DA:28,0
DA:38,0
LF:9
LH:0
BRDA:19,0,0,0
BRDA:19,0,1,0
BRDA:19,0,2,0
BRDA:19,0,3,0
BRDA:20,1,0,0
BRDA:20,1,1,0
BRDA:22,2,0,0
BRDA:22,2,1,0
BRDA:22,3,0,0
BRDA:22,3,1,0
BRDA:22,3,2,0
BRDA:26,4,0,0
BRDA:26,4,1,0
BRDA:26,4,2,0
BRF:14
BRH:0
end_of_record
TN:
SF:src/modules/ai/application/attachmentUploadService.ts
FN:14,createAttachmentUploadService
FN:16,(anonymous_1)
FNF:2
FNH:2
FNDA:1,createAttachmentUploadService
FNDA:3,(anonymous_1)
DA:15,1
DA:17,3
DA:19,3
DA:21,2
DA:30,1
LF:5
LH:5
BRDA:17,0,0,3
BRDA:17,0,1,1
BRDA:19,1,0,2
BRDA:19,1,1,1
BRF:4
BRH:4
end_of_record
TN:
SF:src/modules/ai/application/chatSessionService.ts
FN:85,pickDefaultProvider
FN:89,(anonymous_1)
FN:93,genId
FN:97,engineHistoryToChatMessages
FN:99,(anonymous_4)
FN:100,(anonymous_5)
FN:103,createChatSession
FN:113,(anonymous_7)
FN:136,uploadLocalAttachments
FN:143,(anonymous_9)
FN:154,(anonymous_10)
FN:160,(anonymous_11)
FN:165,runStreamWithCurrentHistory
FN:187,(anonymous_13)
FN:192,(anonymous_14)
FN:197,(anonymous_15)
FN:250,(anonymous_16)
FN:259,runVisionStream
FN:279,(anonymous_18)
FN:284,(anonymous_19)
FN:288,(anonymous_20)
FN:312,(anonymous_21)
FN:326,(anonymous_22)
FN:329,(anonymous_23)
FN:332,(anonymous_24)
FN:335,(anonymous_25)
FN:338,(anonymous_26)
FN:362,(anonymous_27)
FN:365,(anonymous_28)
FN:365,(anonymous_29)
FN:373,(anonymous_30)
FN:387,(anonymous_31)
FN:399,(anonymous_32)
FN:427,(anonymous_33)
FN:439,(anonymous_34)
FN:477,(anonymous_35)
FN:489,(anonymous_36)
FN:494,(anonymous_37)
FN:502,(anonymous_38)
FNF:39
FNH:23
FNDA:9,pickDefaultProvider
FNDA:8,(anonymous_1)
FNDA:4,genId
FNDA:2,engineHistoryToChatMessages
FNDA:4,(anonymous_4)
FNDA:4,(anonymous_5)
FNDA:9,createChatSession
FNDA:8,(anonymous_7)
FNDA:0,uploadLocalAttachments
FNDA:0,(anonymous_9)
FNDA:0,(anonymous_10)
FNDA:17,(anonymous_11)
FNDA:2,runStreamWithCurrentHistory
FNDA:1,(anonymous_13)
FNDA:0,(anonymous_14)
FNDA:0,(anonymous_15)
FNDA:0,(anonymous_16)
FNDA:0,runVisionStream
FNDA:0,(anonymous_18)
FNDA:0,(anonymous_19)
FNDA:0,(anonymous_20)
FNDA:0,(anonymous_21)
FNDA:1,(anonymous_22)
FNDA:1,(anonymous_23)
FNDA:1,(anonymous_24)
FNDA:2,(anonymous_25)
FNDA:1,(anonymous_26)
FNDA:1,(anonymous_27)
FNDA:2,(anonymous_28)
FNDA:2,(anonymous_29)
FNDA:1,(anonymous_30)
FNDA:3,(anonymous_31)
FNDA:0,(anonymous_32)
FNDA:0,(anonymous_33)
FNDA:0,(anonymous_34)
FNDA:0,(anonymous_35)
FNDA:0,(anonymous_36)
FNDA:1,(anonymous_37)
FNDA:1,(anonymous_38)
DA:86,9
DA:87,1
DA:89,8
DA:90,8
DA:94,4
DA:98,2
DA:99,4
DA:100,4
DA:104,9
DA:105,9
DA:106,9
DA:107,9
DA:108,9
DA:110,9
DA:111,9
DA:112,9
DA:113,9
DA:115,9
DA:116,9
DA:118,9
DA:126,9
DA:127,9
DA:133,9
DA:134,9
DA:137,0
DA:138,0
DA:139,0
DA:142,0
DA:144,0
DA:154,0
DA:160,9
DA:161,17
DA:162,0
DA:170,2
DA:171,2
DA:172,2
DA:173,2
DA:175,2
DA:177,2
DA:178,2
DA:188,1
DA:189,1
DA:190,1
DA:194,0
DA:195,0
DA:198,0
DA:200,0
DA:205,2
DA:206,1
DA:211,1
DA:212,1
DA:215,1
DA:216,0
DA:219,0
DA:220,0
DA:222,0
DA:223,0
DA:227,0
DA:232,0
DA:233,0
DA:235,2
DA:238,2
DA:239,2
DA:241,2
DA:242,0
DA:251,0
DA:255,2
DA:260,0
DA:261,0
DA:263,0
DA:268,0
DA:269,0
DA:270,0
DA:273,0
DA:275,0
DA:276,0
DA:280,0
DA:281,0
DA:282,0
DA:285,0
DA:286,0
DA:289,0
DA:290,0
DA:296,0
DA:297,0
DA:299,0
DA:300,0
DA:301,0
DA:303,0
DA:304,0
DA:313,0
DA:317,0
DA:323,9
DA:325,9
DA:327,1
DA:330,1
DA:333,1
DA:336,2
DA:339,1
DA:340,1
DA:341,1
DA:347,1
DA:348,1
DA:349,1
DA:356,1
DA:360,1
DA:363,1
DA:364,1
DA:365,2
DA:366,1
DA:367,0
DA:370,1
DA:371,1
DA:372,1
DA:373,1
DA:375,1
DA:378,1
DA:385,1
DA:391,3
DA:392,2
DA:393,2
DA:395,2
DA:396,3
DA:397,3
DA:399,3
DA:404,3
DA:405,3
DA:406,2
DA:412,2
DA:416,2
DA:417,2
DA:425,2
DA:428,0
DA:429,0
DA:431,0
DA:444,0
DA:445,0
DA:446,0
DA:448,0
DA:449,0
DA:450,0
DA:452,0
DA:454,0
DA:455,0
DA:456,0
DA:462,0
DA:466,0
DA:467,0
DA:475,0
DA:478,0
DA:479,0
DA:480,0
DA:483,0
DA:484,0
DA:485,0
DA:487,0
DA:490,0
DA:491,0
DA:495,1
DA:496,0
DA:499,1
DA:500,1
DA:503,1
DA:504,1
DA:505,0
DA:507,1
DA:511,9
LF:167
LH:92
BRDA:86,0,0,1
BRDA:86,0,1,8
BRDA:90,1,0,8
BRDA:90,1,1,0
BRDA:99,2,0,4
BRDA:99,2,1,2
BRDA:110,3,0,9
BRDA:110,3,1,0
BRDA:111,4,0,9
BRDA:111,4,1,0
BRDA:113,5,0,9
BRDA:113,5,1,0
BRDA:118,6,0,9
BRDA:118,6,1,8
BRDA:126,7,0,1
BRDA:126,7,1,7
BRDA:137,8,0,0
BRDA:137,8,1,0
BRDA:138,9,0,0
BRDA:138,9,1,0
BRDA:161,10,0,17
BRDA:161,10,1,0
BRDA:161,11,0,17
BRDA:161,11,1,17
BRDA:170,12,0,2
BRDA:170,12,1,0
BRDA:171,13,0,0
BRDA:171,13,1,2
BRDA:173,14,0,0
BRDA:173,14,1,2
BRDA:188,15,0,0
BRDA:188,15,1,1
BRDA:188,16,0,1
BRDA:188,16,1,1
BRDA:194,17,0,0
BRDA:194,17,1,0
BRDA:198,18,0,0
BRDA:198,18,1,0
BRDA:205,19,0,1
BRDA:205,19,1,1
BRDA:215,20,0,0
BRDA:215,20,1,1
BRDA:215,21,0,1
BRDA:215,21,1,0
BRDA:219,22,0,0
BRDA:219,22,1,0
BRDA:222,23,0,0
BRDA:222,23,1,0
BRDA:235,24,0,2
BRDA:235,24,1,0
BRDA:241,25,0,0
BRDA:241,25,1,2
BRDA:260,26,0,0
BRDA:260,26,1,0
BRDA:261,27,0,0
BRDA:261,27,1,0
BRDA:280,28,0,0
BRDA:280,28,1,0
BRDA:280,29,0,0
BRDA:280,29,1,0
BRDA:285,30,0,0
BRDA:285,30,1,0
BRDA:289,31,0,0
BRDA:289,31,1,0
BRDA:296,32,0,0
BRDA:296,32,1,0
BRDA:299,33,0,0
BRDA:299,33,1,0
BRDA:303,34,0,0
BRDA:303,34,1,0
BRDA:336,35,0,2
BRDA:336,35,1,0
BRDA:339,36,0,0
BRDA:339,36,1,1
BRDA:347,37,0,1
BRDA:347,37,1,0
BRDA:348,38,0,0
BRDA:348,38,1,1
BRDA:363,39,0,0
BRDA:363,39,1,1
BRDA:366,40,0,0
BRDA:366,40,1,1
BRDA:372,41,0,1
BRDA:372,41,1,0
BRDA:373,42,0,1
BRDA:373,42,1,0
BRDA:375,43,0,0
BRDA:375,43,1,1
BRDA:391,44,0,1
BRDA:391,44,1,2
BRDA:405,45,0,2
BRDA:405,45,1,1
BRDA:416,46,0,0
BRDA:416,46,1,2
BRDA:427,47,0,0
BRDA:428,48,0,0
BRDA:428,48,1,0
BRDA:429,49,0,0
BRDA:429,49,1,0
BRDA:444,50,0,0
BRDA:444,50,1,0
BRDA:455,51,0,0
BRDA:455,51,1,0
BRDA:466,52,0,0
BRDA:466,52,1,0
BRDA:478,53,0,0
BRDA:478,53,1,0
BRDA:490,54,0,0
BRDA:490,54,1,0
BRDA:495,55,0,0
BRDA:495,55,1,1
BRDA:504,56,0,0
BRDA:504,56,1,1
BRF:113
BRH:43
end_of_record
TN:
SF:src/modules/ai/application/conversationCompression.ts
FN:45,buildConversationGroups
FN:48,(anonymous_1)
FN:95,flattenGroupMessages
FN:103,pickOldAndRecentGroups
FN:117,createSummaryMessage
FN:126,(anonymous_5)
FN:138,(anonymous_6)
FN:144,createConversationCompressor
FN:146,(anonymous_8)
FN:182,(anonymous_9)
FN:183,(anonymous_10)
FN:184,(anonymous_11)
FN:212,(anonymous_12)
FN:226,(anonymous_13)
FN:234,loadCompressionConfig
FN:251,createSimpleSummaryProvider
FN:253,(anonymous_16)
FN:283,truncateContent
FN:288,buildSummarySystemPrompt
FN:311,buildSummaryChatMessages
FN:319,(anonymous_20)
FN:351,pickDefaultProviderForSummary
FN:354,(anonymous_22)
FN:359,createLLMSummaryProvider
FN:363,(anonymous_24)
FN:389,(anonymous_25)
FN:394,(anonymous_26)
FN:397,(anonymous_27)
FNF:28
FNH:15
FNDA:2,buildConversationGroups
FNDA:11,(anonymous_1)
FNDA:4,flattenGroupMessages
FNDA:2,pickOldAndRecentGroups
FNDA:3,createSummaryMessage
FNDA:11,(anonymous_5)
FNDA:11,(anonymous_6)
FNDA:5,createConversationCompressor
FNDA:3,(anonymous_8)
FNDA:13,(anonymous_9)
FNDA:1,(anonymous_10)
FNDA:3,(anonymous_11)
FNDA:4,(anonymous_12)
FNDA:0,(anonymous_13)
FNDA:0,loadCompressionConfig
FNDA:2,createSimpleSummaryProvider
FNDA:0,(anonymous_16)
FNDA:0,truncateContent
FNDA:0,buildSummarySystemPrompt
FNDA:0,buildSummaryChatMessages
FNDA:0,(anonymous_20)
FNDA:0,pickDefaultProviderForSummary
FNDA:0,(anonymous_22)
FNDA:2,createLLMSummaryProvider
FNDA:0,(anonymous_24)
FNDA:0,(anonymous_25)
FNDA:0,(anonymous_26)
FNDA:0,(anonymous_27)
DA:46,2
DA:48,11
DA:49,2
DA:50,2
DA:52,2
DA:53,13
DA:54,2
DA:61,2
DA:64,13
DA:65,1
DA:66,1
DA:69,12
DA:71,6
DA:72,4
DA:79,4
DA:81,2
DA:83,6
DA:86,6
DA:87,6
DA:88,6
DA:92,2
DA:96,4
DA:97,4
DA:98,6
DA:100,4
DA:107,2
DA:108,0
DA:110,2
DA:111,2
DA:123,3
DA:125,3
DA:126,11
DA:127,3
DA:128,3
DA:130,3
DA:138,11
DA:145,5
DA:147,3
DA:149,3
DA:150,1
DA:153,2
DA:154,2
DA:156,2
DA:157,2
DA:159,0
DA:162,2
DA:163,2
DA:166,2
DA:169,2
DA:174,2
DA:182,13
DA:183,2
DA:184,3
DA:188,2
DA:190,1
DA:195,1
DA:201,1
DA:204,1
DA:207,2
DA:209,2
DA:212,4
DA:215,2
DA:221,3
DA:228,0
DA:229,0
DA:235,0
DA:236,0
DA:237,0
DA:245,0
DA:246,0
DA:252,2
DA:254,0
DA:256,0
DA:257,0
DA:258,0
DA:259,0
DA:260,0
DA:262,0
DA:263,0
DA:265,0
DA:266,0
DA:267,0
DA:268,0
DA:269,0
DA:270,0
DA:271,0
DA:272,0
DA:275,0
DA:276,0
DA:278,0
DA:284,0
DA:285,0
DA:289,0
DA:291,0
DA:292,0
DA:293,0
DA:294,0
DA:295,0
DA:296,0
DA:297,0
DA:298,0
DA:299,0
DA:300,0
DA:301,0
DA:302,0
DA:303,0
DA:305,0
DA:308,0
DA:316,0
DA:318,0
DA:319,0
DA:324,0
DA:325,0
DA:326,0
DA:327,0
DA:328,0
DA:330,0
DA:331,0
DA:332,0
DA:333,0
DA:334,0
DA:335,0
DA:336,0
DA:339,0
DA:341,0
DA:348,0
DA:352,0
DA:353,0
DA:354,0
DA:355,0
DA:360,2
DA:362,2
DA:364,0
DA:365,0
DA:366,0
DA:367,0
DA:368,0
DA:371,0
DA:372,0
DA:373,0
DA:374,0
DA:375,0
DA:378,0
DA:379,0
DA:381,0
DA:382,0
DA:390,0
DA:391,0
DA:398,0
DA:403,0
DA:404,0
DA:405,0
DA:406,0
DA:409,0
DA:411,0
DA:412,0
LF:156
LH:64
BRDA:46,0,0,0
BRDA:46,0,1,2
BRDA:53,1,0,2
BRDA:53,1,1,11
BRDA:64,2,0,1
BRDA:64,2,1,12
BRDA:69,3,0,6
BRDA:69,3,1,6
BRDA:71,4,0,4
BRDA:71,4,1,2
BRDA:71,5,0,6
BRDA:71,5,1,2
BRDA:86,6,0,6
BRDA:86,6,1,0
BRDA:107,7,0,0
BRDA:107,7,1,2
BRDA:127,8,0,3
BRDA:127,8,1,0
BRDA:128,9,0,3
BRDA:128,9,1,0
BRDA:149,10,0,1
BRDA:149,10,1,2
BRDA:149,11,0,3
BRDA:149,11,1,3
BRDA:154,12,0,0
BRDA:154,12,1,2
BRDA:157,13,0,0
BRDA:157,13,1,2
BRDA:163,14,0,0
BRDA:163,14,1,2
BRDA:182,15,0,13
BRDA:182,15,1,12
BRDA:183,16,0,1
BRDA:183,16,1,0
BRDA:188,17,0,1
BRDA:188,17,1,1
BRDA:228,18,0,0
BRDA:228,18,1,0
BRDA:266,19,0,0
BRDA:266,19,1,0
BRDA:266,20,0,0
BRDA:266,20,1,0
BRDA:268,21,0,0
BRDA:268,21,1,0
BRDA:284,22,0,0
BRDA:284,22,1,0
BRDA:302,23,0,0
BRDA:302,23,1,0
BRDA:332,24,0,0
BRDA:332,24,1,0
BRDA:332,25,0,0
BRDA:332,25,1,0
BRDA:353,26,0,0
BRDA:353,26,1,0
BRDA:355,27,0,0
BRDA:355,27,1,0
BRDA:366,28,0,0
BRDA:366,28,1,0
BRDA:372,29,0,0
BRDA:372,29,1,0
BRDA:372,29,2,0
BRDA:373,30,0,0
BRDA:373,30,1,0
BRDA:390,31,0,0
BRDA:390,31,1,0
BRDA:403,32,0,0
BRDA:403,32,1,0
BRDA:404,33,0,0
BRDA:404,33,1,0
BRF:69
BRH:27
end_of_record
TN:
SF:src/modules/ai/application/docConversationService.ts
FN:28,emitDocConversationEvent
FN:39,subscribeDocConversationEvents
FN:41,(anonymous_2)
FN:46,genSessionId
FN:50,toDocMessages
FN:59,(anonymous_5)
FN:60,(anonymous_6)
FN:89,normalizeDirPath
FN:97,joinPath
FN:105,getParentDir
FN:113,genWorkspaceId
FN:120,readWorkspaceConfig
FN:140,writeWorkspaceConfig
FN:152,resolveWorkspaceIdForDir
FN:175,ensureWorkspaceIdForDir
FN:188,getLastDirName
FN:201,toStableDocPathKey
FN:221,ensureLoaded
FN:225,(anonymous_18)
FN:243,getCache
FN:248,persist
FN:268,createDocConversationService
FN:270,(anonymous_22)
FN:275,(anonymous_23)
FN:286,(anonymous_24)
FN:294,(anonymous_25)
FN:306,(anonymous_26)
FN:329,(anonymous_27)
FN:334,(anonymous_28)
FN:358,(anonymous_29)
FN:362,(anonymous_30)
FN:371,(anonymous_31)
FN:394,(anonymous_32)
FN:396,(anonymous_33)
FNF:34
FNH:26
FNDA:4,emitDocConversationEvent
FNDA:0,subscribeDocConversationEvents
FNDA:0,(anonymous_2)
FNDA:4,genSessionId
FNDA:3,toDocMessages
FNDA:3,(anonymous_5)
FNDA:3,(anonymous_6)
FNDA:22,normalizeDirPath
FNDA:6,joinPath
FNDA:2,getParentDir
FNDA:2,genWorkspaceId
FNDA:3,readWorkspaceConfig
FNDA:2,writeWorkspaceConfig
FNDA:4,resolveWorkspaceIdForDir
FNDA:4,ensureWorkspaceIdForDir
FNDA:4,getLastDirName
FNDA:4,toStableDocPathKey
FNDA:5,ensureLoaded
FNDA:1,(anonymous_18)
FNDA:5,getCache
FNDA:4,persist
FNDA:2,createDocConversationService
FNDA:0,(anonymous_22)
FNDA:0,(anonymous_23)
FNDA:3,(anonymous_24)
FNDA:9,(anonymous_25)
FNDA:0,(anonymous_26)
FNDA:1,(anonymous_27)
FNDA:3,(anonymous_28)
FNDA:0,(anonymous_29)
FNDA:0,(anonymous_30)
FNDA:0,(anonymous_31)
FNDA:1,(anonymous_32)
FNDA:2,(anonymous_33)
DA:26,2
DA:29,4
DA:30,0
DA:31,0
DA:32,0
DA:34,0
DA:40,0
DA:41,0
DA:42,0
DA:47,4
DA:56,3
DA:58,3
DA:59,3
DA:60,3
DA:73,2
DA:74,2
DA:75,2
DA:77,2
DA:78,2
DA:86,2
DA:87,2
DA:90,22
DA:91,22
DA:92,22
DA:93,22
DA:94,22
DA:98,6
DA:99,6
DA:100,0
DA:102,6
DA:106,2
DA:107,2
DA:108,2
DA:109,2
DA:110,0
DA:114,2
DA:115,2
DA:117,0
DA:121,3
DA:122,3
DA:123,3
DA:124,2
DA:125,0
DA:127,2
DA:129,1
DA:130,1
DA:131,1
DA:132,3
DA:133,1
DA:135,0
DA:136,0
DA:141,2
DA:142,2
DA:143,2
DA:144,2
DA:145,0
DA:148,0
DA:153,4
DA:154,4
DA:156,4
DA:157,4
DA:158,4
DA:159,4
DA:160,1
DA:162,3
DA:163,3
DA:164,1
DA:165,1
DA:167,2
DA:168,2
DA:169,0
DA:172,2
DA:176,4
DA:177,4
DA:179,2
DA:180,2
DA:181,2
DA:182,2
DA:183,2
DA:184,2
DA:185,2
DA:189,4
DA:190,4
DA:191,4
DA:192,4
DA:202,4
DA:203,4
DA:204,4
DA:205,0
DA:208,4
DA:209,4
DA:210,4
DA:211,4
DA:212,0
DA:214,4
DA:216,0
DA:217,0
DA:222,5
DA:223,1
DA:225,1
DA:226,1
DA:227,1
DA:228,1
DA:229,1
DA:231,0
DA:232,0
DA:235,1
DA:236,1
DA:240,1
DA:244,5
DA:245,5
DA:249,4
DA:269,2
DA:271,0
DA:272,0
DA:276,0
DA:277,0
DA:278,0
DA:279,0
DA:287,3
DA:288,3
DA:289,3
DA:290,3
DA:291,3
DA:292,3
DA:294,9
DA:296,3
DA:297,0
DA:298,0
DA:299,0
DA:300,0
DA:302,0
DA:303,0
DA:306,0
DA:308,0
DA:316,3
DA:325,3
DA:326,3
DA:330,1
DA:331,1
DA:332,1
DA:333,1
DA:334,3
DA:336,1
DA:337,1
DA:345,0
DA:354,1
DA:355,1
DA:359,0
DA:360,0
DA:361,0
DA:362,0
DA:364,0
DA:366,0
DA:369,0
DA:370,0
DA:371,0
DA:372,0
DA:373,0
DA:374,0
DA:378,0
DA:379,0
DA:380,0
DA:383,0
DA:384,0
DA:386,0
DA:390,0
DA:395,1
DA:396,2
DA:407,2
LF:170
LH:114
BRDA:29,0,0,4
BRDA:29,0,1,0
BRDA:90,1,0,0
BRDA:90,1,1,22
BRDA:92,2,0,0
BRDA:92,2,1,22
BRDA:93,3,0,0
BRDA:93,3,1,22
BRDA:99,4,0,0
BRDA:99,4,1,6
BRDA:99,5,0,6
BRDA:99,5,1,6
BRDA:107,6,0,0
BRDA:107,6,1,2
BRDA:107,7,0,2
BRDA:107,7,1,2
BRDA:109,8,0,2
BRDA:109,8,1,0
BRDA:114,9,0,2
BRDA:114,9,1,0
BRDA:114,10,0,2
BRDA:114,10,1,2
BRDA:123,11,0,2
BRDA:123,11,1,1
BRDA:124,12,0,0
BRDA:124,12,1,2
BRDA:131,13,0,1
BRDA:131,13,1,0
BRDA:132,14,0,0
BRDA:132,14,1,3
BRDA:144,15,0,0
BRDA:144,15,1,2
BRDA:154,16,0,0
BRDA:154,16,1,4
BRDA:154,17,0,4
BRDA:154,17,1,4
BRDA:159,18,0,1
BRDA:159,18,1,3
BRDA:163,19,0,1
BRDA:163,19,1,2
BRDA:163,20,0,3
BRDA:163,20,1,1
BRDA:168,21,0,2
BRDA:168,21,1,0
BRDA:168,22,0,2
BRDA:168,22,1,2
BRDA:168,22,2,2
BRDA:177,23,0,2
BRDA:177,23,1,2
BRDA:180,24,0,0
BRDA:180,24,1,2
BRDA:180,25,0,2
BRDA:180,25,1,2
BRDA:190,26,0,0
BRDA:190,26,1,4
BRDA:190,27,0,4
BRDA:190,27,1,4
BRDA:192,28,0,4
BRDA:192,28,1,0
BRDA:202,29,0,4
BRDA:202,29,1,0
BRDA:204,30,0,0
BRDA:204,30,1,4
BRDA:204,31,0,4
BRDA:204,31,1,4
BRDA:211,32,0,0
BRDA:211,32,1,4
BRDA:222,33,0,4
BRDA:222,33,1,1
BRDA:223,34,0,0
BRDA:223,34,1,1
BRDA:228,35,0,1
BRDA:228,35,1,0
BRDA:229,36,0,1
BRDA:229,36,1,0
BRDA:244,37,0,0
BRDA:244,37,1,5
BRDA:280,38,0,0
BRDA:280,38,1,0
BRDA:280,38,2,0
BRDA:294,39,0,9
BRDA:294,39,1,9
BRDA:296,40,0,0
BRDA:296,40,1,3
BRDA:312,41,0,0
BRDA:312,41,1,0
BRDA:334,42,0,3
BRDA:334,42,1,2
BRDA:336,43,0,1
BRDA:336,43,1,0
BRDA:362,44,0,0
BRDA:362,44,1,0
BRDA:364,45,0,0
BRDA:364,45,1,0
BRF:94
BRH:59
end_of_record
TN:
SF:src/modules/ai/application/localStorageAiChatSessionManager.ts
FN:17,(anonymous_0)
FN:21,(anonymous_1)
FN:36,(anonymous_2)
FN:48,(anonymous_3)
FN:52,(anonymous_4)
FN:80,(anonymous_5)
FN:85,(anonymous_6)
FN:90,(anonymous_7)
FNF:8
FNH:8
FNDA:4,(anonymous_0)
FNDA:4,(anonymous_1)
FNDA:6,(anonymous_2)
FNDA:2,(anonymous_3)
FNDA:4,(anonymous_4)
FNDA:1,(anonymous_5)
FNDA:1,(anonymous_6)
FNDA:6,(anonymous_7)
DA:6,1
DA:18,4
DA:22,4
DA:23,0
DA:25,4
DA:26,4
DA:27,4
DA:28,0
DA:29,0
DA:31,0
DA:32,0
DA:37,6
DA:38,0
DA:40,6
DA:41,6
DA:42,6
DA:44,0
DA:49,2
DA:62,4
DA:63,4
DA:65,4
DA:76,4
DA:77,4
DA:81,1
DA:82,1
DA:86,1
DA:87,1
DA:91,6
DA:96,1
LF:29
LH:22
BRDA:22,0,0,0
BRDA:22,0,1,4
BRDA:22,1,0,4
BRDA:22,1,1,4
BRDA:27,2,0,4
BRDA:27,2,1,0
BRDA:37,3,0,0
BRDA:37,3,1,6
BRDA:37,4,0,6
BRDA:37,4,1,6
BRDA:49,5,0,2
BRDA:49,5,1,1
BRDA:70,6,0,4
BRDA:70,6,1,0
BRDA:70,6,2,0
BRDA:71,7,0,4
BRDA:71,7,1,4
BRDA:72,8,0,4
BRDA:72,8,1,4
BRF:19
BRH:14
end_of_record
TN:
SF:src/modules/ai/application/systemPromptService.ts
FN:17,loadSystemPromptInfo
FN:26,(anonymous_1)
FN:37,getSystemPromptByRoleId
FN:44,(anonymous_3)
FNF:4
FNH:4
FNDA:3,loadSystemPromptInfo
FNDA:3,(anonymous_1)
FNDA:4,getSystemPromptByRoleId
FNDA:5,(anonymous_3)
DA:18,3
DA:19,3
DA:21,3
DA:22,1
DA:25,2
DA:26,3
DA:27,3
DA:29,3
DA:41,4
DA:43,3
DA:44,5
DA:46,4
LF:12
LH:12
BRDA:19,0,0,3
BRDA:19,0,1,0
BRDA:21,1,0,1
BRDA:21,1,1,2
BRDA:25,2,0,2
BRDA:25,2,1,1
BRDA:27,3,0,3
BRDA:27,3,1,0
BRDA:41,4,0,1
BRDA:41,4,1,3
BRDA:43,5,0,3
BRDA:43,5,1,1
BRDA:47,6,0,2
BRDA:47,6,1,1
BRDA:48,7,0,4
BRDA:48,7,1,1
BRF:16
BRH:14
end_of_record
TN:
SF:src/modules/ai/config/aiSettingsRepo.ts
FN:29,fromCfg
FN:33,(anonymous_1)
FN:50,(anonymous_2)
FN:72,toCfg
FN:74,(anonymous_4)
FN:79,(anonymous_5)
FN:96,loadAiSettingsState
FN:108,saveAiSettingsState
FN:116,loadDefaultChatConfig
FN:118,(anonymous_9)
FNF:10
FNH:6
FNDA:3,fromCfg
FNDA:1,(anonymous_1)
FNDA:1,(anonymous_2)
FNDA:1,toCfg
FNDA:1,(anonymous_4)
FNDA:1,(anonymous_5)
FNDA:0,loadAiSettingsState
FNDA:0,saveAiSettingsState
FNDA:0,loadDefaultChatConfig
FNDA:0,(anonymous_9)
DA:30,3
DA:32,1
DA:35,1
DA:36,0
DA:40,1
DA:41,1
DA:42,0
DA:45,1
DA:52,1
DA:53,1
DA:54,0
DA:56,1
DA:73,1
DA:74,1
DA:79,1
DA:97,0
DA:98,0
DA:99,0
DA:101,0
DA:102,0
DA:109,0
DA:110,0
DA:117,0
DA:118,0
DA:119,0
DA:121,0
LF:26
LH:12
BRDA:30,0,0,2
BRDA:30,0,1,1
BRDA:33,1,0,1
BRDA:33,1,1,0
BRDA:35,2,0,0
BRDA:35,2,1,1
BRDA:35,3,0,1
BRDA:35,3,1,1
BRDA:41,4,0,0
BRDA:41,4,1,1
BRDA:50,5,0,1
BRDA:50,5,1,0
BRDA:53,6,0,0
BRDA:53,6,1,1
BRDA:58,7,0,1
BRDA:58,7,1,1
BRDA:62,8,0,1
BRDA:62,8,1,0
BRDA:63,9,0,1
BRDA:63,9,1,1
BRDA:68,10,0,3
BRDA:68,10,1,0
BRDA:81,11,0,1
BRDA:81,11,1,1
BRDA:82,12,0,0
BRDA:82,12,1,1
BRDA:84,13,0,1
BRDA:84,13,1,1
BRDA:85,14,0,1
BRDA:85,14,1,1
BRDA:86,15,0,1
BRDA:86,15,1,1
BRDA:87,16,0,0
BRDA:87,16,1,1
BRDA:89,17,0,1
BRDA:89,17,1,1
BRDA:98,18,0,0
BRDA:98,18,1,0
BRDA:119,19,0,0
BRDA:119,19,1,0
BRDA:119,20,0,0
BRDA:119,20,1,0
BRF:42
BRH:27
end_of_record
TN:
SF:src/modules/ai/config/promptSettingsRepo.ts
FN:19,fromCfg
FN:23,(anonymous_1)
FN:35,toCfg
FN:37,(anonymous_3)
FN:40,(anonymous_4)
FN:51,loadPromptSettingsState
FN:60,savePromptSettingsState
FNF:7
FNH:0
FNDA:0,fromCfg
FNDA:0,(anonymous_1)
FNDA:0,toCfg
FNDA:0,(anonymous_3)
FNDA:0,(anonymous_4)
FNDA:0,loadPromptSettingsState
FNDA:0,savePromptSettingsState
DA:20,0
DA:22,0
DA:23,0
DA:37,0
DA:39,0
DA:40,0
DA:52,0
DA:53,0
DA:54,0
DA:56,0
DA:57,0
DA:61,0
DA:62,0
LF:13
LH:0
BRDA:20,0,0,0
BRDA:20,0,1,0
BRDA:23,1,0,0
BRDA:23,1,1,0
BRDA:26,2,0,0
BRDA:26,2,1,0
BRDA:31,3,0,0
BRDA:31,3,1,0
BRDA:43,4,0,0
BRDA:43,4,1,0
BRDA:45,5,0,0
BRDA:45,5,1,0
BRDA:47,6,0,0
BRDA:47,6,1,0
BRDA:53,7,0,0
BRDA:53,7,1,0
BRF:16
BRH:0
end_of_record
TN:
SF:src/modules/ai/dify/BrowserLogger.ts
FN:4,(anonymous_0)
FN:12,(anonymous_1)
FN:20,(anonymous_2)
FN:28,(anonymous_3)
FNF:4
FNH:0
FNDA:0,(anonymous_0)
FNDA:0,(anonymous_1)
FNDA:0,(anonymous_2)
FNDA:0,(anonymous_3)
DA:5,0
DA:6,0
DA:8,0
DA:13,0
DA:14,0
DA:16,0
DA:21,0
DA:22,0
DA:24,0
DA:29,0
DA:30,0
DA:32,0
LF:12
LH:0
BRDA:5,0,0,0
BRDA:5,0,1,0
BRDA:13,1,0,0
BRDA:13,1,1,0
BRDA:21,2,0,0
BRDA:21,2,1,0
BRDA:29,3,0,0
BRDA:29,3,1,0
BRF:8
BRH:0
end_of_record
TN:
SF:src/modules/ai/dify/DifyFileUploadClient.ts
FN:14,uploadToDify
FN:34,(anonymous_1)
FNF:2
FNH:1
FNDA:2,uploadToDify
FNDA:0,(anonymous_1)
DA:15,2
DA:16,2
DA:18,2
DA:19,2
DA:20,2
DA:22,2
DA:24,2
DA:33,2
DA:34,1
DA:35,1
DA:36,1
DA:39,1
DA:48,1
DA:50,1
LF:14
LH:14
BRDA:33,0,0,1
BRDA:33,0,1,1
BRF:2
BRH:2
end_of_record
TN:
SF:src/modules/ai/dify/SimpleChat.ts
FN:79,(anonymous_0)
FN:86,(anonymous_1)
FN:99,(anonymous_2)
FN:115,(anonymous_3)
FN:287,(anonymous_4)
FN:303,(anonymous_5)
FN:309,(anonymous_6)
FN:314,(anonymous_7)
FN:319,(anonymous_8)
FN:324,(anonymous_9)
FN:333,(anonymous_10)
FN:353,(anonymous_11)
FN:379,(anonymous_12)
FN:394,(anonymous_13)
FNF:14
FNH:0
FNDA:0,(anonymous_0)
FNDA:0,(anonymous_1)
FNDA:0,(anonymous_2)
FNDA:0,(anonymous_3)
FNDA:0,(anonymous_4)
FNDA:0,(anonymous_5)
FNDA:0,(anonymous_6)
FNDA:0,(anonymous_7)
FNDA:0,(anonymous_8)
FNDA:0,(anonymous_9)
FNDA:0,(anonymous_10)
FNDA:0,(anonymous_11)
FNDA:0,(anonymous_12)
FNDA:0,(anonymous_13)
DA:6,3
DA:49,3
DA:75,0
DA:76,0
DA:77,0
DA:80,0
DA:87,0
DA:88,0
DA:93,0
DA:103,0
DA:104,0
DA:107,0
DA:112,0
DA:113,0
DA:115,0
DA:116,0
DA:117,0
DA:122,0
DA:123,0
DA:124,0
DA:125,0
DA:127,0
DA:132,0
DA:133,0
DA:134,0
DA:135,0
DA:137,0
DA:138,0
DA:142,0
DA:143,0
DA:144,0
DA:145,0
DA:154,0
DA:155,0
DA:156,0
DA:158,0
DA:159,0
DA:160,0
DA:163,0
DA:164,0
DA:165,0
DA:166,0
DA:167,0
DA:170,0
DA:171,0
DA:172,0
DA:173,0
DA:174,0
DA:175,0
DA:176,0
DA:179,0
DA:180,0
DA:182,0
DA:183,0
DA:184,0
DA:186,0
DA:187,0
DA:188,0
DA:190,0
DA:192,0
DA:193,0
DA:194,0
DA:197,0
DA:198,0
DA:199,0
DA:200,0
DA:203,0
DA:204,0
DA:206,0
DA:207,0
DA:208,0
DA:212,0
DA:213,0
DA:214,0
DA:217,0
DA:218,0
DA:219,0
DA:220,0
DA:221,0
DA:225,0
DA:226,0
DA:227,0
DA:230,0
DA:238,0
DA:239,0
DA:240,0
DA:241,0
DA:247,0
DA:248,0
DA:251,0
DA:252,0
DA:255,0
DA:262,0
DA:266,0
DA:267,0
DA:270,0
DA:277,0
DA:278,0
DA:280,0
DA:288,0
DA:289,0
DA:290,0
DA:304,0
DA:305,0
DA:310,0
DA:315,0
DA:320,0
DA:325,0
DA:326,0
DA:327,0
DA:329,0
DA:341,0
DA:352,0
DA:353,0
DA:354,0
DA:359,0
DA:360,0
DA:361,0
DA:362,0
DA:364,0
DA:368,0
DA:369,0
DA:371,0
DA:372,0
DA:375,0
DA:380,0
DA:382,0
DA:384,0
DA:387,0
DA:389,0
DA:399,0
LF:131
LH:2
BRDA:103,0,0,0
BRDA:103,0,1,0
BRDA:108,1,0,0
BRDA:108,1,1,0
BRDA:122,2,0,0
BRDA:122,2,1,0
BRDA:132,3,0,0
BRDA:132,3,1,0
BRDA:133,4,0,0
BRDA:133,4,1,0
BRDA:148,5,0,0
BRDA:148,5,1,0
BRDA:158,6,0,0
BRDA:158,6,1,0
BRDA:158,7,0,0
BRDA:158,7,1,0
BRDA:174,8,0,0
BRDA:174,8,1,0
BRDA:184,9,0,0
BRDA:184,9,1,0
BRDA:188,10,0,0
BRDA:188,10,1,0
BRDA:190,11,0,0
BRDA:190,11,1,0
BRDA:192,12,0,0
BRDA:192,12,1,0
BRDA:203,13,0,0
BRDA:203,13,1,0
BRDA:203,14,0,0
BRDA:203,14,1,0
BRDA:206,15,0,0
BRDA:206,15,1,0
BRDA:206,16,0,0
BRDA:206,16,1,0
BRDA:212,17,0,0
BRDA:212,17,1,0
BRDA:214,18,0,0
BRDA:214,18,1,0
BRDA:218,19,0,0
BRDA:218,19,1,0
BRDA:220,20,0,0
BRDA:220,20,1,0
BRDA:225,21,0,0
BRDA:225,21,1,0
BRDA:227,22,0,0
BRDA:227,22,1,0
BRDA:239,23,0,0
BRDA:239,23,1,0
BRDA:251,24,0,0
BRDA:251,24,1,0
BRDA:263,25,0,0
BRDA:263,25,1,0
BRDA:266,26,0,0
BRDA:266,26,1,0
BRDA:277,27,0,0
BRDA:277,27,1,0
BRDA:288,28,0,0
BRDA:288,28,1,0
BRDA:326,29,0,0
BRDA:326,29,1,0
BRDA:326,30,0,0
BRDA:326,30,1,0
BRDA:329,31,0,0
BRDA:329,31,1,0
BRDA:343,32,0,0
BRDA:343,32,1,0
BRDA:349,33,0,0
BRDA:349,33,1,0
BRDA:352,34,0,0
BRDA:352,34,1,0
BRDA:352,35,0,0
BRDA:352,35,1,0
BRDA:359,36,0,0
BRDA:359,36,1,0
BRDA:361,37,0,0
BRDA:361,37,1,0
BRDA:368,38,0,0
BRDA:368,38,1,0
BRDA:371,39,0,0
BRDA:371,39,1,0
BRDA:380,40,0,0
BRDA:380,40,1,0
BRDA:380,40,2,0
BRDA:380,40,3,0
BRDA:380,40,4,0
BRDA:382,41,0,0
BRDA:382,41,1,0
BRDA:382,41,2,0
BRDA:384,42,0,0
BRDA:384,42,1,0
BRF:90
BRH:0
end_of_record
TN:
SF:src/modules/ai/dify/createDifyStreamingClient.ts
FN:18,toDifyMessages
FN:19,(anonymous_1)
FN:25,createDifyStreamingClient
FN:42,(anonymous_3)
FNF:4
FNH:0
FNDA:0,toDifyMessages
FNDA:0,(anonymous_1)
FNDA:0,createDifyStreamingClient
FNDA:0,(anonymous_3)
DA:19,0
DA:26,0
DA:28,0
DA:37,0
DA:38,0
DA:41,0
DA:43,0
DA:59,0
LF:8
LH:0
BRDA:20,0,0,0
BRDA:20,0,1,0
BRDA:37,1,0,0
BRDA:37,1,1,0
BRDA:63,2,0,0
BRDA:63,2,1,0
BRF:6
BRH:0
end_of_record
TN:
SF:src/modules/ai/domain/chatSession.ts
FN:40,applyEntryContext
FN:77,createInitialConversationState
FN:95,appendUserInput
FN:129,appendAssistantPlaceholder
FN:150,appendAssistantChunk
FN:158,(anonymous_5)
FN:172,completeAssistantMessage
FN:176,(anonymous_7)
FN:185,(anonymous_8)
FN:200,truncateAssistantMessage
FN:205,(anonymous_10)
FN:216,(anonymous_11)
FNF:12
FNH:12
FNDA:6,applyEntryContext
FNDA:6,createInitialConversationState
FNDA:1,appendUserInput
FNDA:4,appendAssistantPlaceholder
FNDA:4,appendAssistantChunk
FNDA:4,(anonymous_5)
FNDA:1,completeAssistantMessage
FNDA:1,(anonymous_7)
FNDA:1,(anonymous_8)
FNDA:1,truncateAssistantMessage
FNDA:1,(anonymous_10)
FNDA:1,(anonymous_11)
DA:45,6
DA:47,6
DA:48,2
DA:51,6
DA:53,6
DA:56,0
DA:59,0
DA:62,0
DA:65,0
DA:69,0
DA:83,6
DA:84,6
DA:101,1
DA:102,1
DA:104,1
DA:105,1
DA:107,1
DA:133,4
DA:155,4
DA:156,4
DA:159,4
DA:176,1
DA:177,1
DA:179,1
DA:186,1
DA:205,1
DA:206,1
DA:208,1
DA:210,1
DA:217,1
LF:30
LH:25
BRDA:47,0,0,2
BRDA:47,0,1,4
BRDA:47,1,0,6
BRDA:47,1,1,2
BRDA:51,2,0,6
BRDA:51,2,1,0
BRDA:56,3,0,0
BRDA:56,3,1,0
BRDA:56,4,0,0
BRDA:56,4,1,0
BRDA:62,5,0,0
BRDA:62,5,1,0
BRDA:62,6,0,0
BRDA:62,6,1,0
BRDA:102,7,0,0
BRDA:102,7,1,1
BRDA:105,8,0,1
BRDA:105,8,1,1
BRDA:111,9,0,1
BRDA:111,9,1,0
BRDA:118,10,0,1
BRDA:118,10,1,1
BRDA:155,11,0,0
BRDA:155,11,1,4
BRDA:159,12,0,4
BRDA:159,12,1,0
BRDA:176,13,0,1
BRDA:176,13,1,1
BRDA:177,14,0,1
BRDA:177,14,1,0
BRDA:182,15,0,1
BRDA:182,15,1,0
BRDA:186,16,0,1
BRDA:186,16,1,0
BRDA:205,17,0,1
BRDA:205,17,1,1
BRDA:206,18,0,0
BRDA:206,18,1,1
BRDA:213,19,0,1
BRDA:213,19,1,0
BRDA:217,20,0,1
BRDA:217,20,1,0
BRF:42
BRH:23
end_of_record
TN:
SF:src/modules/ai/domain/docPathUtils.ts
FN:1,getDirKeyFromDocPath
FNF:1
FNH:1
FNDA:16,getDirKeyFromDocPath
DA:2,16
DA:4,13
DA:5,13
DA:7,12
DA:12,12
DA:14,2
DA:17,10
LF:7
LH:7
BRDA:2,0,0,3
BRDA:2,0,1,13
BRDA:5,1,0,1
BRDA:5,1,1,12
BRDA:12,2,0,2
BRDA:12,2,1,10
BRF:6
BRH:6
end_of_record
TN:
SF:src/modules/ai/globalMemory/context.ts
FN:34,inferTaskType
FN:49,inferScenarioTags
FN:69,detectLanguageOrUseSetting
FN:84,buildCurrentContext
FN:92,(anonymous_4)
FN:96,scoreMemoryItem
FN:102,(anonymous_6)
FN:132,selectMemoriesForContext
FN:144,(anonymous_8)
FN:145,(anonymous_9)
FN:146,(anonymous_10)
FN:150,(anonymous_11)
FN:152,(anonymous_12)
FN:155,buildGlobalMemorySystemPrompt
FNF:14
FNH:14
FNDA:8,inferTaskType
FNDA:4,inferScenarioTags
FNDA:4,detectLanguageOrUseSetting
FNDA:4,buildCurrentContext
FNDA:4,(anonymous_4)
FNDA:2,scoreMemoryItem
FNDA:2,(anonymous_6)
FNDA:2,selectMemoriesForContext
FNDA:2,(anonymous_8)
FNDA:2,(anonymous_9)
FNDA:2,(anonymous_10)
FNDA:1,(anonymous_11)
FNDA:2,(anonymous_12)
FNDA:2,buildGlobalMemorySystemPrompt
DA:35,8
DA:36,7
DA:38,7
DA:39,6
DA:41,6
DA:42,6
DA:43,6
DA:44,5
DA:46,5
DA:50,4
DA:53,1
DA:55,0
DA:57,1
DA:59,0
DA:61,0
DA:63,0
DA:65,2
DA:70,4
DA:71,4
DA:73,4
DA:74,0
DA:77,4
DA:78,1
DA:81,3
DA:85,4
DA:86,4
DA:88,4
DA:92,4
DA:97,2
DA:99,2
DA:101,2
DA:102,2
DA:103,2
DA:104,1
DA:108,2
DA:109,2
DA:112,2
DA:113,2
DA:114,0
DA:117,2
DA:118,0
DA:121,2
DA:122,2
DA:123,2
DA:124,2
DA:125,0
DA:126,0
DA:129,2
DA:133,2
DA:134,2
DA:135,1
DA:138,1
DA:139,1
DA:141,1
DA:143,1
DA:144,2
DA:145,2
DA:146,2
DA:148,1
DA:150,1
DA:152,2
DA:156,2
DA:157,2
DA:158,2
DA:160,2
DA:162,1
DA:163,1
DA:164,1
DA:165,2
DA:168,1
DA:170,1
DA:171,0
DA:174,1
LF:73
LH:63
BRDA:35,0,0,1
BRDA:35,0,1,7
BRDA:36,1,0,0
BRDA:36,1,1,7
BRDA:38,2,0,1
BRDA:38,2,1,6
BRDA:39,3,0,0
BRDA:39,3,1,6
BRDA:42,4,0,0
BRDA:42,4,1,6
BRDA:42,5,0,6
BRDA:42,5,1,6
BRDA:43,6,0,1
BRDA:43,6,1,5
BRDA:43,7,0,6
BRDA:43,7,1,6
BRDA:43,7,2,5
BRDA:44,8,0,0
BRDA:44,8,1,5
BRDA:44,9,0,5
BRDA:44,9,1,5
BRDA:44,9,2,5
BRDA:44,9,3,5
BRDA:50,10,0,1
BRDA:50,10,1,1
BRDA:50,10,2,0
BRDA:50,10,3,1
BRDA:50,10,4,0
BRDA:50,10,5,0
BRDA:50,10,6,0
BRDA:50,10,7,2
BRDA:70,11,0,4
BRDA:70,11,1,1
BRDA:71,12,0,4
BRDA:71,12,1,3
BRDA:73,13,0,0
BRDA:73,13,1,4
BRDA:73,14,0,4
BRDA:73,14,1,1
BRDA:77,15,0,1
BRDA:77,15,1,3
BRDA:89,16,0,4
BRDA:89,16,1,4
BRDA:97,17,0,0
BRDA:97,17,1,2
BRDA:101,18,0,2
BRDA:101,18,1,0
BRDA:101,19,0,2
BRDA:101,19,1,2
BRDA:103,20,0,1
BRDA:103,20,1,1
BRDA:108,21,0,2
BRDA:108,21,1,0
BRDA:112,22,0,2
BRDA:112,22,1,2
BRDA:113,23,0,0
BRDA:113,23,1,2
BRDA:117,24,0,0
BRDA:117,24,1,2
BRDA:121,25,0,2
BRDA:121,25,1,2
BRDA:123,26,0,2
BRDA:123,26,1,0
BRDA:125,27,0,0
BRDA:125,27,1,0
BRDA:132,28,0,2
BRDA:134,29,0,1
BRDA:134,29,1,1
BRDA:139,30,0,0
BRDA:139,30,1,1
BRDA:146,31,0,2
BRDA:146,31,1,2
BRDA:148,32,0,0
BRDA:148,32,1,1
BRDA:156,33,0,2
BRDA:156,33,1,0
BRDA:160,34,0,1
BRDA:160,34,1,1
BRDA:170,35,0,0
BRDA:170,35,1,1
BRF:80
BRH:59
end_of_record
TN:
SF:src/modules/ai/globalMemory/repo.ts
FN:5,createEmptyState
FN:16,isBrowserEnv
FN:20,loadGlobalMemoryState
FN:52,saveGlobalMemoryState
FN:62,loadUserProfile
FN:67,saveUserProfile
FN:76,loadGlobalMemoryItems
FN:80,(anonymous_7)
FN:81,(anonymous_8)
FN:88,saveGlobalMemoryItems
FN:97,loadPendingSessionDigests
FN:102,savePendingSessionDigests
FN:111,updateMetaForAutoUpdate
FN:126,clearGlobalMemoryState
FNF:14
FNH:0
FNDA:0,createEmptyState
FNDA:0,isBrowserEnv
FNDA:0,loadGlobalMemoryState
FNDA:0,saveGlobalMemoryState
FNDA:0,loadUserProfile
FNDA:0,saveUserProfile
FNDA:0,loadGlobalMemoryItems
FNDA:0,(anonymous_7)
FNDA:0,(anonymous_8)
FNDA:0,saveGlobalMemoryItems
FNDA:0,loadPendingSessionDigests
FNDA:0,savePendingSessionDigests
FNDA:0,updateMetaForAutoUpdate
FNDA:0,clearGlobalMemoryState
DA:3,2
DA:6,0
DA:17,0
DA:21,0
DA:22,0
DA:25,0
DA:26,0
DA:27,0
DA:29,0
DA:30,0
DA:31,0
DA:35,0
DA:47,0
DA:48,0
DA:53,0
DA:55,0
DA:56,0
DA:58,0
DA:63,0
DA:64,0
DA:68,0
DA:69,0
DA:73,0
DA:77,0
DA:78,0
DA:79,0
DA:80,0
DA:81,0
DA:89,0
DA:90,0
DA:94,0
DA:98,0
DA:99,0
DA:103,0
DA:104,0
DA:108,0
DA:116,0
DA:117,0
DA:123,0
DA:127,0
DA:135,0
LF:41
LH:1
BRDA:17,0,0,0
BRDA:17,0,1,0
BRDA:21,1,0,0
BRDA:21,1,1,0
BRDA:27,2,0,0
BRDA:27,2,1,0
BRDA:30,3,0,0
BRDA:30,3,1,0
BRDA:30,4,0,0
BRDA:30,4,1,0
BRDA:36,5,0,0
BRDA:36,5,1,0
BRDA:37,6,0,0
BRDA:37,6,1,0
BRDA:38,7,0,0
BRDA:38,7,1,0
BRDA:40,8,0,0
BRDA:40,8,1,0
BRDA:42,9,0,0
BRDA:42,9,1,0
BRDA:44,10,0,0
BRDA:44,10,1,0
BRDA:53,11,0,0
BRDA:53,11,1,0
BRDA:78,12,0,0
BRDA:78,12,1,0
BRDA:80,13,0,0
BRDA:80,13,1,0
BRDA:83,14,0,0
BRDA:83,14,1,0
BRDA:84,15,0,0
BRDA:84,15,1,0
BRF:32
BRH:0
end_of_record
TN:
SF:src/modules/ai/globalMemory/sessionDigestQueue.ts
FN:5,pickSummaryMessages
FN:9,(anonymous_1)
FN:17,(anonymous_2)
FN:20,buildSessionDigestFromSummaries
FN:24,(anonymous_4)
FN:25,(anonymous_5)
FN:31,(anonymous_6)
FN:32,(anonymous_7)
FN:34,(anonymous_8)
FN:43,(anonymous_9)
FN:56,enqueueSessionDigestFromCompressedRecord
FN:77,enqueueSessionDigestFromChat
FN:104,enqueueSessionDigestFromChatSummary
FNF:13
FNH:0
FNDA:0,pickSummaryMessages
FNDA:0,(anonymous_1)
FNDA:0,(anonymous_2)
FNDA:0,buildSessionDigestFromSummaries
FNDA:0,(anonymous_4)
FNDA:0,(anonymous_5)
FNDA:0,(anonymous_6)
FNDA:0,(anonymous_7)
FNDA:0,(anonymous_8)
FNDA:0,(anonymous_9)
FNDA:0,enqueueSessionDigestFromCompressedRecord
FNDA:0,enqueueSessionDigestFromChat
FNDA:0,enqueueSessionDigestFromChatSummary
DA:9,0
DA:10,0
DA:12,0
DA:13,0
DA:16,0
DA:17,0
DA:21,0
DA:23,0
DA:24,0
DA:25,0
DA:30,0
DA:31,0
DA:32,0
DA:34,0
DA:35,0
DA:36,0
DA:37,0
DA:40,0
DA:43,0
DA:47,0
DA:60,0
DA:61,0
DA:63,0
DA:64,0
DA:66,0
DA:67,0
DA:68,0
DA:84,0
DA:85,0
DA:86,0
DA:88,0
DA:94,0
DA:95,0
DA:96,0
DA:110,0
LF:35
LH:0
BRDA:9,0,0,0
BRDA:9,0,1,0
BRDA:10,1,0,0
BRDA:10,1,1,0
BRDA:12,2,0,0
BRDA:12,2,1,0
BRDA:21,3,0,0
BRDA:21,3,1,0
BRDA:30,4,0,0
BRDA:30,4,1,0
BRDA:35,5,0,0
BRDA:35,5,1,0
BRDA:61,6,0,0
BRDA:61,6,1,0
BRDA:64,7,0,0
BRDA:64,7,1,0
BRDA:85,8,0,0
BRDA:85,8,1,0
BRDA:86,9,0,0
BRDA:86,9,1,0
BRF:20
BRH:0
end_of_record
TN:
SF:src/modules/ai/openai/createOpenAIStreamingClient.ts
FN:12,buildCompletionsUrl
FN:20,createOpenAIStreamingClient
FN:24,(anonymous_2)
FN:31,(anonymous_3)
FNF:4
FNH:4
FNDA:3,buildCompletionsUrl
FNDA:3,createOpenAIStreamingClient
FNDA:3,(anonymous_2)
FNDA:1,(anonymous_3)
DA:13,3
DA:14,3
DA:15,3
DA:17,0
DA:21,3
DA:23,3
DA:25,3
DA:31,1
DA:38,3
DA:48,3
DA:49,1
DA:50,1
DA:51,1
DA:52,1
DA:55,2
DA:56,2
DA:57,2
DA:59,2
DA:61,2
DA:62,2
DA:63,5
DA:64,5
DA:66,3
DA:67,3
DA:68,3
DA:70,5
DA:71,6
DA:72,6
DA:73,3
DA:74,3
DA:75,1
DA:77,2
DA:78,2
DA:79,2
DA:80,6
DA:81,2
DA:82,2
DA:83,2
DA:92,2
DA:93,1
DA:96,2
DA:98,0
DA:99,0
DA:100,0
DA:102,0
DA:103,0
LF:46
LH:40
BRDA:14,0,0,3
BRDA:14,0,1,0
BRDA:28,1,0,0
BRDA:28,1,1,3
BRDA:33,2,0,3
BRDA:33,2,1,3
BRDA:33,2,2,3
BRDA:34,3,0,3
BRDA:34,3,1,3
BRDA:48,4,0,1
BRDA:48,4,1,2
BRDA:48,5,0,3
BRDA:48,5,1,2
BRDA:51,6,0,1
BRDA:51,6,1,0
BRDA:64,7,0,2
BRDA:64,7,1,3
BRDA:68,8,0,3
BRDA:68,8,1,0
BRDA:72,9,0,3
BRDA:72,9,1,3
BRDA:72,10,0,6
BRDA:72,10,1,3
BRDA:74,11,0,1
BRDA:74,11,1,2
BRDA:80,12,0,2
BRDA:80,12,1,4
BRDA:82,13,0,2
BRDA:82,13,1,0
BRDA:92,14,0,1
BRDA:92,14,1,1
BRDA:99,15,0,0
BRDA:99,15,1,0
BRDA:102,16,0,0
BRDA:102,16,1,0
BRF:35
BRH:26
end_of_record
TN:
SF:src/modules/commands/registry.ts
FN:119,createLayoutCommands
FN:121,(anonymous_1)
FN:126,(anonymous_2)
FN:131,(anonymous_3)
FN:136,(anonymous_4)
FN:141,(anonymous_5)
FN:155,(anonymous_6)
FN:159,(anonymous_7)
FN:164,(anonymous_8)
FN:169,(anonymous_9)
FN:170,(anonymous_10)
FN:180,createFileCommands
FN:182,(anonymous_12)
FN:187,(anonymous_13)
FN:190,(anonymous_14)
FN:193,(anonymous_15)
FN:223,(anonymous_16)
FN:248,(anonymous_17)
FN:257,(anonymous_18)
FN:264,(anonymous_19)
FN:273,createLifecycleCommands
FN:275,(anonymous_21)
FN:284,(anonymous_22)
FN:296,createClipboardCommands
FN:298,(anonymous_24)
FN:301,(anonymous_25)
FN:314,(anonymous_26)
FN:330,createHelpCommands
FN:332,(anonymous_28)
FN:335,(anonymous_29)
FN:343,(anonymous_30)
FN:346,(anonymous_31)
FN:349,(anonymous_32)
FN:355,createAiCommands
FN:357,(anonymous_34)
FN:379,(anonymous_35)
FN:398,(anonymous_36)
FN:420,(anonymous_37)
FN:442,(anonymous_38)
FN:461,(anonymous_39)
FN:480,(anonymous_40)
FN:487,(anonymous_41)
FN:499,(anonymous_42)
FNF:43
FNH:12
FNDA:2,createLayoutCommands
FNDA:0,(anonymous_1)
FNDA:0,(anonymous_2)
FNDA:1,(anonymous_3)
FNDA:0,(anonymous_4)
FNDA:0,(anonymous_5)
FNDA:0,(anonymous_6)
FNDA:0,(anonymous_7)
FNDA:0,(anonymous_8)
FNDA:1,(anonymous_9)
FNDA:0,(anonymous_10)
FNDA:2,createFileCommands
FNDA:0,(anonymous_12)
FNDA:0,(anonymous_13)
FNDA:0,(anonymous_14)
FNDA:0,(anonymous_15)
FNDA:0,(anonymous_16)
FNDA:0,(anonymous_17)
FNDA:0,(anonymous_18)
FNDA:0,(anonymous_19)
FNDA:2,createLifecycleCommands
FNDA:0,(anonymous_21)
FNDA:0,(anonymous_22)
FNDA:2,createClipboardCommands
FNDA:0,(anonymous_24)
FNDA:0,(anonymous_25)
FNDA:0,(anonymous_26)
FNDA:2,createHelpCommands
FNDA:0,(anonymous_28)
FNDA:0,(anonymous_29)
FNDA:0,(anonymous_30)
FNDA:0,(anonymous_31)
FNDA:0,(anonymous_32)
FNDA:2,createAiCommands
FNDA:1,(anonymous_34)
FNDA:1,(anonymous_35)
FNDA:1,(anonymous_36)
FNDA:0,(anonymous_37)
FNDA:0,(anonymous_38)
FNDA:0,(anonymous_39)
FNDA:0,(anonymous_40)
FNDA:0,(anonymous_41)
FNDA:2,(anonymous_42)
DA:117,1
DA:120,2
DA:122,0
DA:123,0
DA:124,0
DA:127,0
DA:128,0
DA:129,0
DA:132,1
DA:133,1
DA:134,1
DA:137,0
DA:138,0
DA:139,0
DA:142,0
DA:143,0
DA:144,0
DA:145,0
DA:146,0
DA:147,0
DA:150,0
DA:151,0
DA:152,0
DA:153,0
DA:156,0
DA:157,0
DA:160,0
DA:161,0
DA:162,0
DA:165,0
DA:166,0
DA:167,0
DA:170,1
DA:171,0
DA:172,0
DA:174,0
DA:181,2
DA:184,0
DA:185,0
DA:188,0
DA:191,0
DA:194,0
DA:195,0
DA:196,0
DA:198,0
DA:199,0
DA:200,0
DA:201,0
DA:202,0
DA:203,0
DA:205,0
DA:207,0
DA:208,0
DA:209,0
DA:212,0
DA:214,0
DA:215,0
DA:217,0
DA:219,0
DA:220,0
DA:222,0
DA:223,0
DA:224,0
DA:225,0
DA:226,0
DA:229,0
DA:230,0
DA:232,0
DA:235,0
DA:237,0
DA:238,0
DA:239,0
DA:240,0
DA:241,0
DA:242,0
DA:244,0
DA:245,0
DA:250,0
DA:251,0
DA:252,0
DA:253,0
DA:255,0
DA:258,0
DA:259,0
DA:260,0
DA:262,0
DA:265,0
DA:266,0
DA:267,0
DA:274,2
DA:277,0
DA:278,0
DA:281,0
DA:285,0
DA:286,0
DA:289,0
DA:290,0
DA:297,2
DA:302,0
DA:303,0
DA:304,0
DA:305,0
DA:307,0
DA:308,0
DA:311,0
DA:315,0
DA:316,0
DA:317,0
DA:318,0
DA:320,0
DA:321,0
DA:324,0
DA:331,2
DA:333,0
DA:336,0
DA:337,0
DA:338,0
DA:340,0
DA:341,0
DA:344,0
DA:347,0
DA:350,0
DA:356,2
DA:358,1
DA:359,1
DA:360,0
DA:361,0
DA:363,1
DA:364,1
DA:365,1
DA:367,0
DA:369,1
DA:370,1
DA:371,1
DA:373,0
DA:375,0
DA:376,0
DA:380,1
DA:381,0
DA:382,0
DA:384,1
DA:385,1
DA:386,1
DA:387,1
DA:388,1
DA:389,1
DA:391,0
DA:392,0
DA:393,1
DA:399,1
DA:400,0
DA:401,0
DA:403,1
DA:404,1
DA:405,1
DA:406,1
DA:407,1
DA:408,1
DA:410,0
DA:411,1
DA:412,0
DA:413,0
DA:415,0
DA:421,0
DA:422,0
DA:423,0
DA:424,0
DA:426,0
DA:427,0
DA:428,0
DA:429,0
DA:431,0
DA:432,0
DA:433,0
DA:435,0
DA:436,0
DA:438,0
DA:439,0
DA:443,0
DA:444,0
DA:445,0
DA:446,0
DA:448,0
DA:449,0
DA:450,0
DA:451,0
DA:453,0
DA:454,0
DA:455,0
DA:457,0
DA:458,0
DA:462,0
DA:463,0
DA:464,0
DA:465,0
DA:467,0
DA:468,0
DA:469,0
DA:470,0
DA:472,0
DA:473,0
DA:474,0
DA:476,0
DA:477,0
DA:481,0
DA:482,0
DA:483,0
DA:485,0
DA:488,0
DA:489,0
DA:490,0
DA:492,0
DA:499,2
LF:213
LH:36
BRDA:142,0,0,0
BRDA:142,0,1,0
BRDA:143,1,0,0
BRDA:143,1,1,0
BRDA:171,2,0,0
BRDA:171,2,1,0
BRDA:171,3,0,0
BRDA:171,3,1,0
BRDA:195,4,0,0
BRDA:195,4,1,0
BRDA:198,5,0,0
BRDA:198,5,1,0
BRDA:198,6,0,0
BRDA:198,6,1,0
BRDA:198,6,2,0
BRDA:201,7,0,0
BRDA:201,7,1,0
BRDA:202,8,0,0
BRDA:202,8,1,0
BRDA:207,9,0,0
BRDA:207,9,1,0
BRDA:208,10,0,0
BRDA:208,10,1,0
BRDA:212,11,0,0
BRDA:212,11,1,0
BRDA:214,12,0,0
BRDA:214,12,1,0
BRDA:219,13,0,0
BRDA:219,13,1,0
BRDA:225,14,0,0
BRDA:225,14,1,0
BRDA:229,15,0,0
BRDA:229,15,1,0
BRDA:241,16,0,0
BRDA:241,16,1,0
BRDA:244,17,0,0
BRDA:244,17,1,0
BRDA:250,18,0,0
BRDA:250,18,1,0
BRDA:250,19,0,0
BRDA:250,19,1,0
BRDA:251,20,0,0
BRDA:251,20,1,0
BRDA:258,21,0,0
BRDA:258,21,1,0
BRDA:266,22,0,0
BRDA:266,22,1,0
BRDA:266,23,0,0
BRDA:266,23,1,0
BRDA:277,24,0,0
BRDA:277,24,1,0
BRDA:285,25,0,0
BRDA:285,25,1,0
BRDA:289,26,0,0
BRDA:289,26,1,0
BRDA:302,27,0,0
BRDA:302,27,1,0
BRDA:305,28,0,0
BRDA:305,28,1,0
BRDA:315,29,0,0
BRDA:315,29,1,0
BRDA:318,30,0,0
BRDA:318,30,1,0
BRDA:336,31,0,0
BRDA:336,31,1,0
BRDA:359,32,0,0
BRDA:359,32,1,1
BRDA:365,33,0,0
BRDA:365,33,1,1
BRDA:369,34,0,1
BRDA:369,34,1,0
BRDA:380,35,0,0
BRDA:380,35,1,1
BRDA:386,36,0,0
BRDA:386,36,1,1
BRDA:387,37,0,1
BRDA:387,37,1,0
BRDA:387,38,0,1
BRDA:387,38,1,0
BRDA:392,39,0,0
BRDA:392,39,1,0
BRDA:392,40,0,0
BRDA:392,40,1,0
BRDA:399,41,0,0
BRDA:399,41,1,1
BRDA:405,42,0,0
BRDA:405,42,1,1
BRDA:406,43,0,1
BRDA:406,43,1,0
BRDA:406,44,0,1
BRDA:406,44,1,0
BRDA:411,45,0,0
BRDA:411,45,1,1
BRDA:422,46,0,0
BRDA:422,46,1,0
BRDA:427,47,0,0
BRDA:427,47,1,0
BRDA:431,48,0,0
BRDA:431,48,1,0
BRDA:435,49,0,0
BRDA:435,49,1,0
BRDA:444,50,0,0
BRDA:444,50,1,0
BRDA:449,51,0,0
BRDA:449,51,1,0
BRDA:453,52,0,0
BRDA:453,52,1,0
BRDA:463,53,0,0
BRDA:463,53,1,0
BRDA:468,54,0,0
BRDA:468,54,1,0
BRDA:472,55,0,0
BRDA:472,55,1,0
BRDA:481,56,0,0
BRDA:481,56,1,0
BRDA:488,57,0,0
BRDA:488,57,1,0
BRF:117
BRH:12
end_of_record
TN:
SF:src/modules/files/service.ts
FN:9,(anonymous_0)
FN:45,(anonymous_1)
FN:69,(anonymous_2)
FN:75,(anonymous_3)
FN:84,(anonymous_4)
FN:89,(anonymous_5)
FN:97,(anonymous_6)
FN:119,(anonymous_7)
FN:126,(anonymous_8)
FN:133,readFile
FN:143,writeFile
FN:169,listRecent
FN:174,listRecentPage
FN:186,(anonymous_13)
FN:192,logRecentFile
FN:207,clearRecentRemote
FN:220,deleteRecentRemote
FN:233,listFolder
FN:237,(anonymous_18)
FN:243,deleteFsEntry
FN:256,createFolder
FN:269,(anonymous_21)
FN:276,(anonymous_22)
FN:277,(anonymous_23)
FN:278,(anonymous_24)
FNF:25
FNH:13
FNDA:0,(anonymous_0)
FNDA:1,(anonymous_1)
FNDA:1,(anonymous_2)
FNDA:3,(anonymous_3)
FNDA:0,(anonymous_4)
FNDA:1,(anonymous_5)
FNDA:1,(anonymous_6)
FNDA:0,(anonymous_7)
FNDA:2,(anonymous_8)
FNDA:2,readFile
FNDA:1,writeFile
FNDA:0,listRecent
FNDA:0,listRecentPage
FNDA:0,(anonymous_13)
FNDA:0,logRecentFile
FNDA:0,clearRecentRemote
FNDA:0,deleteRecentRemote
FNDA:1,listFolder
FNDA:1,(anonymous_18)
FNDA:0,deleteFsEntry
FNDA:0,createFolder
FNDA:0,(anonymous_21)
FNDA:1,(anonymous_22)
FNDA:2,(anonymous_23)
FNDA:1,(anonymous_24)
DA:7,3
DA:9,3
DA:10,0
DA:45,3
DA:46,1
DA:48,0
DA:50,0
DA:52,0
DA:54,1
DA:56,0
DA:58,0
DA:60,0
DA:62,0
DA:65,0
DA:69,3
DA:75,3
DA:76,3
DA:77,2
DA:78,2
DA:80,1
DA:81,1
DA:84,3
DA:89,3
DA:97,3
DA:98,1
DA:99,0
DA:107,1
DA:119,3
DA:126,3
DA:134,2
DA:135,2
DA:136,2
DA:137,2
DA:139,0
DA:150,1
DA:151,1
DA:152,1
DA:153,1
DA:160,1
DA:161,1
DA:163,0
DA:165,0
DA:171,0
DA:179,0
DA:180,0
DA:181,0
DA:186,0
DA:188,0
DA:193,0
DA:194,0
DA:196,0
DA:198,0
DA:199,0
DA:201,0
DA:203,0
DA:208,0
DA:209,0
DA:210,0
DA:211,0
DA:212,0
DA:214,0
DA:216,0
DA:221,0
DA:222,0
DA:223,0
DA:224,0
DA:225,0
DA:227,0
DA:229,0
DA:234,1
DA:235,1
DA:236,1
DA:237,1
DA:239,0
DA:244,0
DA:245,0
DA:246,0
DA:247,0
DA:248,0
DA:250,0
DA:252,0
DA:257,0
DA:258,0
DA:259,0
DA:260,0
DA:261,0
DA:263,0
DA:265,0
DA:269,3
DA:270,0
DA:271,0
DA:272,0
DA:273,0
DA:276,3
DA:277,2
DA:278,1
DA:279,1
LF:97
LH:38
BRDA:10,0,0,0
BRDA:10,0,1,0
BRDA:10,1,0,0
BRDA:10,1,1,0
BRDA:46,2,0,0
BRDA:46,2,1,0
BRDA:46,2,2,0
BRDA:46,2,3,1
BRDA:46,2,4,0
BRDA:46,2,5,0
BRDA:46,2,6,0
BRDA:46,2,7,0
BRDA:46,2,8,0
BRDA:46,2,9,0
BRDA:72,3,0,1
BRDA:72,3,1,0
BRDA:76,4,0,2
BRDA:76,4,1,1
BRDA:98,5,0,0
BRDA:98,5,1,1
BRDA:103,6,0,0
BRDA:103,6,1,0
BRDA:130,7,0,1
BRDA:130,7,1,1
BRDA:133,8,0,2
BRDA:134,9,0,0
BRDA:134,9,1,2
BRDA:150,10,0,1
BRDA:150,10,1,0
BRDA:151,11,0,0
BRDA:151,11,1,1
BRDA:160,12,0,1
BRDA:160,12,1,0
BRDA:169,13,0,0
BRDA:177,14,0,0
BRDA:179,15,0,0
BRDA:179,15,1,0
BRDA:192,16,0,0
BRDA:193,17,0,0
BRDA:193,17,1,0
BRDA:198,18,0,0
BRDA:198,18,1,0
BRDA:207,19,0,0
BRDA:208,20,0,0
BRDA:208,20,1,0
BRDA:211,21,0,0
BRDA:211,21,1,0
BRDA:220,22,0,0
BRDA:221,23,0,0
BRDA:221,23,1,0
BRDA:224,24,0,0
BRDA:224,24,1,0
BRDA:233,25,0,1
BRDA:234,26,0,0
BRDA:234,26,1,1
BRDA:243,27,0,0
BRDA:244,28,0,0
BRDA:244,28,1,0
BRDA:247,29,0,0
BRDA:247,29,1,0
BRDA:256,30,0,0
BRDA:257,31,0,0
BRDA:257,31,1,0
BRDA:260,32,0,0
BRDA:260,32,1,0
BRDA:271,33,0,0
BRDA:271,33,1,0
BRDA:271,34,0,0
BRDA:271,34,1,0
BRDA:271,35,0,0
BRDA:271,35,1,0
BRDA:272,36,0,0
BRDA:272,36,1,0
BRDA:272,37,0,0
BRDA:272,37,1,0
BRDA:273,38,0,0
BRDA:273,38,1,0
BRDA:276,39,0,1
BRF:78
BRH:15
end_of_record
TN:
SF:src/modules/files/serviceTestHelpers.ts
FN:13,(anonymous_0)
FN:37,(anonymous_1)
FNF:2
FNH:2
FNDA:7,(anonymous_0)
FNDA:2,(anonymous_1)
DA:13,1
DA:14,7
DA:16,1
DA:18,0
DA:20,2
DA:22,1
DA:24,1
DA:26,0
DA:28,0
DA:30,0
DA:33,2
DA:37,1
DA:38,2
DA:39,2
DA:40,2
DA:41,2
LF:16
LH:12
BRDA:14,0,0,1
BRDA:14,0,1,0
BRDA:14,0,2,2
BRDA:14,0,3,1
BRDA:14,0,4,1
BRDA:14,0,5,0
BRDA:14,0,6,0
BRDA:14,0,7,0
BRDA:14,0,8,2
BRDA:14,0,9,2
BRDA:39,1,0,2
BRDA:39,1,1,0
BRDA:39,2,0,2
BRDA:39,2,1,2
BRDA:39,3,0,0
BRDA:39,3,1,0
BRDA:40,4,0,1
BRDA:40,4,1,1
BRDA:40,5,0,2
BRDA:40,5,1,2
BRDA:41,6,0,2
BRDA:41,6,1,0
BRF:22
BRH:14
end_of_record
TN:
SF:src/modules/markdown/rehypeMathLineAnchors.ts
FN:7,rehypeMathLineAnchors
FN:8,attach
FN:10,(anonymous_2)
FNF:3
FNH:3
FNDA:4,rehypeMathLineAnchors
FNDA:4,attach
FNDA:7,(anonymous_2)
DA:8,4
DA:10,4
DA:11,7
DA:14,7
DA:17,7
DA:18,5
DA:19,5
DA:21,5
DA:22,4
DA:26,4
DA:27,4
DA:29,4
DA:30,4
DA:31,4
DA:33,4
DA:34,4
DA:37,4
DA:38,4
DA:40,4
DA:41,3
DA:43,4
DA:44,4
DA:47,4
DA:48,4
DA:55,7
DA:56,7
DA:57,7
DA:61,4
LF:28
LH:28
BRDA:11,0,0,0
BRDA:11,0,1,7
BRDA:11,1,0,7
BRDA:11,1,1,7
BRDA:14,2,0,7
BRDA:14,2,1,3
BRDA:17,3,0,5
BRDA:17,3,1,2
BRDA:18,4,0,5
BRDA:18,4,1,1
BRDA:21,5,0,4
BRDA:21,5,1,1
BRDA:22,6,0,4
BRDA:22,6,1,0
BRDA:27,7,0,4
BRDA:27,7,1,3
BRDA:29,8,0,4
BRDA:29,8,1,0
BRDA:29,9,0,4
BRDA:29,9,1,3
BRDA:31,10,0,4
BRDA:31,10,1,2
BRDA:33,11,0,4
BRDA:33,11,1,0
BRDA:37,12,0,4
BRDA:37,12,1,0
BRDA:38,13,0,0
BRDA:38,13,1,4
BRDA:40,14,0,3
BRDA:40,14,1,1
BRDA:43,15,0,4
BRDA:43,15,1,0
BRDA:43,16,0,4
BRDA:43,16,1,4
BRDA:47,17,0,4
BRDA:47,17,1,0
BRDA:56,18,0,7
BRDA:56,18,1,0
BRF:38
BRH:29
end_of_record
TN:
SF:src/modules/platform/clipboardEvents.ts
FN:8,onNativePaste
FN:13,(anonymous_1)
FN:15,(anonymous_2)
FN:38,(anonymous_3)
FN:54,onNativePasteError
FN:59,(anonymous_5)
FN:60,(anonymous_6)
FN:80,(anonymous_7)
FN:97,onNativePasteImage
FN:102,(anonymous_9)
FN:104,(anonymous_10)
FN:127,(anonymous_11)
FNF:12
FNH:12
FNDA:2,onNativePaste
FNDA:2,(anonymous_1)
FNDA:1,(anonymous_2)
FNDA:2,(anonymous_3)
FNDA:1,onNativePasteError
FNDA:1,(anonymous_5)
FNDA:1,(anonymous_6)
FNDA:1,(anonymous_7)
FNDA:1,onNativePasteImage
FNDA:1,(anonymous_9)
FNDA:1,(anonymous_10)
FNDA:1,(anonymous_11)
DA:10,2
DA:11,2
DA:13,2
DA:14,2
DA:15,2
DA:16,1
DA:17,1
DA:19,2
DA:20,1
DA:21,1
DA:22,1
DA:23,1
DA:25,0
DA:29,1
DA:32,0
DA:36,2
DA:38,2
DA:39,2
DA:40,2
DA:41,1
DA:42,1
DA:43,1
DA:45,0
DA:56,1
DA:57,1
DA:59,1
DA:60,1
DA:61,1
DA:62,1
DA:64,1
DA:65,0
DA:66,0
DA:67,0
DA:68,0
DA:70,0
DA:74,1
DA:78,1
DA:80,1
DA:81,1
DA:82,1
DA:83,1
DA:84,1
DA:85,1
DA:87,0
DA:99,1
DA:100,1
DA:102,1
DA:103,1
DA:104,1
DA:105,1
DA:106,1
DA:108,1
DA:109,0
DA:110,0
DA:111,0
DA:112,0
DA:114,0
DA:118,1
DA:121,0
DA:125,1
DA:127,1
DA:128,1
DA:129,1
DA:130,1
DA:131,1
DA:132,1
DA:134,0
LF:67
LH:51
BRDA:19,0,0,1
BRDA:19,0,1,1
BRDA:20,1,0,1
BRDA:20,1,1,0
BRDA:40,2,0,1
BRDA:40,2,1,1
BRDA:40,3,0,2
BRDA:40,3,1,1
BRDA:64,4,0,0
BRDA:64,4,1,1
BRDA:65,5,0,0
BRDA:65,5,1,0
BRDA:82,6,0,1
BRDA:82,6,1,0
BRDA:82,7,0,1
BRDA:82,7,1,1
BRDA:108,8,0,0
BRDA:108,8,1,1
BRDA:109,9,0,0
BRDA:109,9,1,0
BRDA:129,10,0,1
BRDA:129,10,1,0
BRDA:129,11,0,1
BRDA:129,11,1,1
BRF:24
BRH:15
end_of_record
TN:
SF:src/modules/platform/runtime.ts
FN:1,(anonymous_0)
FNF:1
FNH:1
FNDA:3,(anonymous_0)
DA:1,3
DA:2,3
LF:2
LH:2
BRDA:2,0,0,3
BRDA:2,0,1,3
BRDA:2,0,2,2
BRF:3
BRH:3
end_of_record
TN:
SF:src/modules/settings/editorSettings.ts
FN:50,loadEditorSettings
FN:69,getAiCompressionSettings
FN:80,getHugeDocSettings
FN:91,getAiChatUiSettings
FN:101,resetSettingsCache
FNF:5
FNH:4
FNDA:4,loadEditorSettings
FNDA:2,getAiCompressionSettings
FNDA:2,getHugeDocSettings
FNDA:0,getAiChatUiSettings
FNDA:3,resetSettingsCache
DA:29,4
DA:36,4
DA:43,4
DA:48,4
DA:51,4
DA:52,3
DA:53,3
DA:54,3
DA:55,2
DA:56,2
DA:57,2
DA:59,1
DA:60,1
DA:61,1
DA:63,0
DA:64,0
DA:65,0
DA:70,2
DA:71,2
DA:72,2
DA:81,2
DA:82,2
DA:83,2
DA:92,0
DA:93,0
DA:94,0
DA:102,3
LF:27
LH:21
BRDA:51,0,0,1
BRDA:51,0,1,3
BRDA:54,1,0,2
BRDA:54,1,1,1
BRDA:55,2,0,2
BRDA:55,2,1,0
BRDA:71,3,0,2
BRDA:71,3,1,1
BRDA:73,4,0,2
BRDA:73,4,1,1
BRDA:74,5,0,2
BRDA:74,5,1,2
BRDA:75,6,0,2
BRDA:75,6,1,2
BRDA:76,7,0,2
BRDA:76,7,1,2
BRDA:82,8,0,2
BRDA:82,8,1,1
BRDA:84,9,0,2
BRDA:84,9,1,1
BRDA:85,10,0,2
BRDA:85,10,1,2
BRDA:86,11,0,2
BRDA:86,11,1,2
BRDA:87,12,0,2
BRDA:87,12,1,2
BRDA:93,13,0,0
BRDA:93,13,1,0
BRDA:95,14,0,0
BRDA:95,14,1,0
BRDA:96,15,0,0
BRDA:96,15,1,0
BRF:32
BRH:25
end_of_record
